{"numTotalTestSuites":177,"numPassedTestSuites":141,"numFailedTestSuites":36,"numPendingTestSuites":0,"numTotalTests":528,"numPassedTests":493,"numFailedTests":35,"numPendingTests":0,"numTodoTests":0,"snapshot":{"added":0,"failure":false,"filesAdded":0,"filesRemoved":0,"filesRemovedList":[],"filesUnmatched":0,"filesUpdated":0,"matched":0,"total":0,"unchecked":0,"uncheckedKeysByFile":[],"unmatched":0,"updated":0,"didUpdate":false},"startTime":1767907454150,"success":false,"testResults":[{"assertionResults":[{"ancestorTitles":["AdvancedSearchBuilder"],"fullName":"AdvancedSearchBuilder renders provided clauses","status":"passed","title":"renders provided clauses","duration":85.28020800000002,"failureMessages":[],"meta":{}},{"ancestorTitles":["AdvancedSearchBuilder"],"fullName":"AdvancedSearchBuilder adds a new condition row","status":"passed","title":"adds a new condition row","duration":39.946750000000065,"failureMessages":[],"meta":{}},{"ancestorTitles":["AdvancedSearchBuilder"],"fullName":"AdvancedSearchBuilder calls onApply with sanitized clauses","status":"passed","title":"calls onApply with sanitized clauses","duration":113.58079199999997,"failureMessages":[],"meta":{}},{"ancestorTitles":["AdvancedSearchBuilder"],"fullName":"AdvancedSearchBuilder calls onApply with empty array when no value entered","status":"passed","title":"calls onApply with empty array when no value entered","duration":13.471917000000076,"failureMessages":[],"meta":{}},{"ancestorTitles":["AdvancedSearchBuilder"],"fullName":"AdvancedSearchBuilder calls onReset handler","status":"passed","title":"calls onReset handler","duration":17.602333000000044,"failureMessages":[],"meta":{}},{"ancestorTitles":["AdvancedSearchBuilder"],"fullName":"AdvancedSearchBuilder calls onCancel handler","status":"passed","title":"calls onCancel handler","duration":14.76866700000005,"failureMessages":[],"meta":{}}],"startTime":1767907457395,"endTime":1767907457679.7686,"status":"passed","message":"","name":"/Users/ewlarson/Python/clients/b1g/data-api/frontend/src/__tests__/components/AdvancedSearchBuilder.test.tsx"},{"assertionResults":[{"ancestorTitles":["BookmarkButton","Basic Rendering"],"fullName":"BookmarkButton Basic Rendering renders bookmark button with correct initial state","status":"passed","title":"renders bookmark button with correct initial state","duration":26.29712500000005,"failureMessages":[],"meta":{}},{"ancestorTitles":["BookmarkButton","Basic Rendering"],"fullName":"BookmarkButton Basic Rendering renders with correct styling classes","status":"passed","title":"renders with correct styling classes","duration":4.933916000000181,"failureMessages":[],"meta":{}},{"ancestorTitles":["BookmarkButton","Basic Rendering"],"fullName":"BookmarkButton Basic Rendering renders bookmark icon","status":"passed","title":"renders bookmark icon","duration":2.421875,"failureMessages":[],"meta":{}},{"ancestorTitles":["BookmarkButton","Bookmark State Management"],"fullName":"BookmarkButton Bookmark State Management shows bookmarked state when item is bookmarked","status":"passed","title":"shows bookmarked state when item is bookmarked","duration":8.05724999999984,"failureMessages":[],"meta":{}},{"ancestorTitles":["BookmarkButton","Bookmark State Management"],"fullName":"BookmarkButton Bookmark State Management shows unbookmarked state when item is not bookmarked","status":"passed","title":"shows unbookmarked state when item is not bookmarked","duration":5.918249999999944,"failureMessages":[],"meta":{}},{"ancestorTitles":["BookmarkButton","Bookmark State Management"],"fullName":"BookmarkButton Bookmark State Management toggles bookmark state correctly","status":"passed","title":"toggles bookmark state correctly","duration":9.505666999999903,"failureMessages":[],"meta":{}},{"ancestorTitles":["BookmarkButton","Click Handling"],"fullName":"BookmarkButton Click Handling calls addBookmark when item is not bookmarked","status":"passed","title":"calls addBookmark when item is not bookmarked","duration":4.571333000000095,"failureMessages":[],"meta":{}},{"ancestorTitles":["BookmarkButton","Click Handling"],"fullName":"BookmarkButton Click Handling calls removeBookmark when item is bookmarked","status":"passed","title":"calls removeBookmark when item is bookmarked","duration":9.50866700000006,"failureMessages":[],"meta":{}},{"ancestorTitles":["BookmarkButton","Click Handling"],"fullName":"BookmarkButton Click Handling prevents default event behavior on click","status":"passed","title":"prevents default event behavior on click","duration":2.7597920000000613,"failureMessages":[],"meta":{}},{"ancestorTitles":["BookmarkButton","Icon Rendering"],"fullName":"BookmarkButton Icon Rendering renders unfilled icon when not bookmarked","status":"passed","title":"renders unfilled icon when not bookmarked","duration":1.4248339999999189,"failureMessages":[],"meta":{}},{"ancestorTitles":["BookmarkButton","Icon Rendering"],"fullName":"BookmarkButton Icon Rendering renders filled icon when bookmarked","status":"passed","title":"renders filled icon when bookmarked","duration":5.173000000000002,"failureMessages":[],"meta":{}},{"ancestorTitles":["BookmarkButton","Accessibility"],"fullName":"BookmarkButton Accessibility has correct aria-label for unbookmarked state","status":"passed","title":"has correct aria-label for unbookmarked state","duration":1.6287920000002032,"failureMessages":[],"meta":{}},{"ancestorTitles":["BookmarkButton","Accessibility"],"fullName":"BookmarkButton Accessibility has correct aria-label for bookmarked state","status":"passed","title":"has correct aria-label for bookmarked state","duration":5.71220900000003,"failureMessages":[],"meta":{}},{"ancestorTitles":["BookmarkButton","Accessibility"],"fullName":"BookmarkButton Accessibility is keyboard accessible","status":"passed","title":"is keyboard accessible","duration":1.8896660000000338,"failureMessages":[],"meta":{}},{"ancestorTitles":["BookmarkButton","Multiple Items"],"fullName":"BookmarkButton Multiple Items handles multiple bookmark buttons independently","status":"passed","title":"handles multiple bookmark buttons independently","duration":6.653249999999844,"failureMessages":[],"meta":{}},{"ancestorTitles":["BookmarkButton","Multiple Items"],"fullName":"BookmarkButton Multiple Items maintains correct state for each item","status":"passed","title":"maintains correct state for each item","duration":4.21550000000002,"failureMessages":[],"meta":{}},{"ancestorTitles":["BookmarkButton","Edge Cases"],"fullName":"BookmarkButton Edge Cases handles empty itemId","status":"passed","title":"handles empty itemId","duration":1.3677500000001146,"failureMessages":[],"meta":{}},{"ancestorTitles":["BookmarkButton","Edge Cases"],"fullName":"BookmarkButton Edge Cases handles special characters in itemId","status":"passed","title":"handles special characters in itemId","duration":0.8494170000001304,"failureMessages":[],"meta":{}},{"ancestorTitles":["BookmarkButton","Edge Cases"],"fullName":"BookmarkButton Edge Cases handles very long itemId","status":"passed","title":"handles very long itemId","duration":0.7929579999999987,"failureMessages":[],"meta":{}},{"ancestorTitles":["BookmarkButton","Edge Cases"],"fullName":"BookmarkButton Edge Cases handles rapid clicking","status":"passed","title":"handles rapid clicking","duration":1.9363330000001042,"failureMessages":[],"meta":{}},{"ancestorTitles":["BookmarkButton","Integration with BookmarkContext"],"fullName":"BookmarkButton Integration with BookmarkContext reflects changes from external bookmark operations","status":"passed","title":"reflects changes from external bookmark operations","duration":3.6044999999999163,"failureMessages":[],"meta":{}},{"ancestorTitles":["BookmarkButton","Integration with BookmarkContext"],"fullName":"BookmarkButton Integration with BookmarkContext works with different item IDs","status":"passed","title":"works with different item IDs","duration":3.2799999999999727,"failureMessages":[],"meta":{}},{"ancestorTitles":["BookmarkButton","Real Fixture Data Integration"],"fullName":"BookmarkButton Real Fixture Data Integration works with MIT Libraries fixture data","status":"passed","title":"works with MIT Libraries fixture data","duration":2.5277909999999792,"failureMessages":[],"meta":{}},{"ancestorTitles":["BookmarkButton","Real Fixture Data Integration"],"fullName":"BookmarkButton Real Fixture Data Integration works with NYU Libraries fixture data","status":"passed","title":"works with NYU Libraries fixture data","duration":3.320500000000038,"failureMessages":[],"meta":{}},{"ancestorTitles":["BookmarkButton","Real Fixture Data Integration"],"fullName":"BookmarkButton Real Fixture Data Integration works with Tufts University fixture data","status":"passed","title":"works with Tufts University fixture data","duration":4.5069579999999405,"failureMessages":[],"meta":{}},{"ancestorTitles":["BookmarkButton","Real Fixture Data Integration"],"fullName":"BookmarkButton Real Fixture Data Integration works with Stanford University fixture data","status":"passed","title":"works with Stanford University fixture data","duration":2.396582999999964,"failureMessages":[],"meta":{}}],"startTime":1767907459491,"endTime":1767907459619.3965,"status":"passed","message":"","name":"/Users/ewlarson/Python/clients/b1g/data-api/frontend/src/__tests__/components/BookmarkButton.test.tsx"},{"assertionResults":[{"ancestorTitles":["FacetList Component","Basic Rendering"],"fullName":"FacetList Component Basic Rendering renders facets when data is provided","status":"passed","title":"renders facets when data is provided","duration":32.883666999999946,"failureMessages":[],"meta":{}},{"ancestorTitles":["FacetList Component","Basic Rendering"],"fullName":"FacetList Component Basic Rendering renders facets when items are compact tuples","status":"passed","title":"renders facets when items are compact tuples","duration":2.8945840000001226,"failureMessages":[],"meta":{}},{"ancestorTitles":["FacetList Component","Basic Rendering"],"fullName":"FacetList Component Basic Rendering displays hit counts for each facet item","status":"passed","title":"displays hit counts for each facet item","duration":13.35654199999999,"failureMessages":[],"meta":{}},{"ancestorTitles":["FacetList Component","Basic Rendering"],"fullName":"FacetList Component Basic Rendering renders facets in the correct order based on CONFIGURED_FACETS","status":"passed","title":"renders facets in the correct order based on CONFIGURED_FACETS","duration":18.54774999999995,"failureMessages":[],"meta":{}},{"ancestorTitles":["FacetList Component","Empty States"],"fullName":"FacetList Component Empty States displays message when no facets are provided","status":"passed","title":"displays message when no facets are provided","duration":5.673084000000017,"failureMessages":[],"meta":{}},{"ancestorTitles":["FacetList Component","Empty States"],"fullName":"FacetList Component Empty States displays message when facets is null","status":"passed","title":"displays message when facets is null","duration":1.1493330000000697,"failureMessages":[],"meta":{}},{"ancestorTitles":["FacetList Component","Empty States"],"fullName":"FacetList Component Empty States displays message when facets have no items","status":"passed","title":"displays message when facets have no items","duration":0.8875840000000608,"failureMessages":[],"meta":{}},{"ancestorTitles":["FacetList Component","Empty States"],"fullName":"FacetList Component Empty States filters out facets with no items","status":"passed","title":"filters out facets with no items","duration":1.4560419999997976,"failureMessages":[],"meta":{}},{"ancestorTitles":["FacetList Component","Facet Interaction"],"fullName":"FacetList Component Facet Interaction renders facet items as clickable buttons","status":"passed","title":"renders facet items as clickable buttons","duration":25.14220800000021,"failureMessages":[],"meta":{}},{"ancestorTitles":["FacetList Component","Facet Interaction"],"fullName":"FacetList Component Facet Interaction applies correct styling to inactive facets","status":"passed","title":"applies correct styling to inactive facets","duration":25.5501670000001,"failureMessages":[],"meta":{}},{"ancestorTitles":["FacetList Component","Facet Interaction"],"fullName":"FacetList Component Facet Interaction applies correct styling to active facets","status":"passed","title":"applies correct styling to active facets","duration":23.49566600000003,"failureMessages":[],"meta":{}},{"ancestorTitles":["FacetList Component","Facet Interaction"],"fullName":"FacetList Component Facet Interaction shows remove indicator (×) for active facets","status":"passed","title":"shows remove indicator (×) for active facets","duration":14.269042000000127,"failureMessages":[],"meta":{}},{"ancestorTitles":["FacetList Component","Facet Interaction"],"fullName":"FacetList Component Facet Interaction does not show remove indicator for inactive facets","status":"passed","title":"does not show remove indicator for inactive facets","duration":14.785792000000129,"failureMessages":[],"meta":{}},{"ancestorTitles":["FacetList Component","\"More\" facet modal trigger"],"fullName":"FacetList Component \"More\" facet modal trigger renders a \"More »\" button when there are more than 10 items","status":"passed","title":"renders a \"More »\" button when there are more than 10 items","duration":8.625541999999996,"failureMessages":[],"meta":{}},{"ancestorTitles":["FacetList Component","\"More\" facet modal trigger"],"fullName":"FacetList Component \"More\" facet modal trigger does not render \"More »\" button when there are 10 or fewer items","status":"passed","title":"does not render \"More »\" button when there are 10 or fewer items","duration":20.897042000000056,"failureMessages":[],"meta":{}},{"ancestorTitles":["FacetList Component","\"More\" facet modal trigger"],"fullName":"FacetList Component \"More\" facet modal trigger opens the facet modal when \"More »\" is clicked","status":"passed","title":"opens the facet modal when \"More »\" is clicked","duration":56.825624999999945,"failureMessages":[],"meta":{}},{"ancestorTitles":["FacetList Component","Facet Filtering Logic"],"fullName":"FacetList Component Facet Filtering Logic only shows facets that are in CONFIGURED_FACETS","status":"passed","title":"only shows facets that are in CONFIGURED_FACETS","duration":7.390207999999802,"failureMessages":[],"meta":{}},{"ancestorTitles":["FacetList Component","Facet Filtering Logic"],"fullName":"FacetList Component Facet Filtering Logic handles facets with missing items attribute","status":"passed","title":"handles facets with missing items attribute","duration":3.2724170000001322,"failureMessages":[],"meta":{}},{"ancestorTitles":["FacetList Component","URL Parameter Handling"],"fullName":"FacetList Component URL Parameter Handling correctly identifies active facets from URL parameters","status":"passed","title":"correctly identifies active facets from URL parameters","duration":37.01933299999996,"failureMessages":[],"meta":{}},{"ancestorTitles":["FacetList Component","URL Parameter Handling"],"fullName":"FacetList Component URL Parameter Handling handles multiple values for the same facet","status":"passed","title":"handles multiple values for the same facet","duration":18.261375000000044,"failureMessages":[],"meta":{}},{"ancestorTitles":["FacetList Component","URL Parameter Handling"],"fullName":"FacetList Component URL Parameter Handling handles numeric facet values","status":"passed","title":"handles numeric facet values","duration":3.0921249999998963,"failureMessages":[],"meta":{}},{"ancestorTitles":["FacetList Component","Accessibility"],"fullName":"FacetList Component Accessibility has proper heading structure","status":"passed","title":"has proper heading structure","duration":15.0625,"failureMessages":[],"meta":{}},{"ancestorTitles":["FacetList Component","Accessibility"],"fullName":"FacetList Component Accessibility has proper button roles and labels","status":"passed","title":"has proper button roles and labels","duration":8.326707999999826,"failureMessages":[],"meta":{}},{"ancestorTitles":["FacetList Component","Accessibility"],"fullName":"FacetList Component Accessibility provides hover states for interactive elements","status":"passed","title":"provides hover states for interactive elements","duration":11.36958299999992,"failureMessages":[],"meta":{}},{"ancestorTitles":["FacetList Component","Edge Cases"],"fullName":"FacetList Component Edge Cases handles facets with special characters in values","status":"passed","title":"handles facets with special characters in values","duration":2.632084000000077,"failureMessages":[],"meta":{}},{"ancestorTitles":["FacetList Component","Edge Cases"],"fullName":"FacetList Component Edge Cases handles facets with very long labels","status":"passed","title":"handles facets with very long labels","duration":1.677541999999903,"failureMessages":[],"meta":{}},{"ancestorTitles":["FacetList Component","Edge Cases"],"fullName":"FacetList Component Edge Cases handles facets with zero hits","status":"passed","title":"handles facets with zero hits","duration":1.1052079999999478,"failureMessages":[],"meta":{}},{"ancestorTitles":["FacetList Component","Edge Cases"],"fullName":"FacetList Component Edge Cases handles facets with very high hit counts","status":"passed","title":"handles facets with very high hit counts","duration":0.9706659999999374,"failureMessages":[],"meta":{}},{"ancestorTitles":["FacetList Component","Styling and CSS Classes"],"fullName":"FacetList Component Styling and CSS Classes applies correct container styling","status":"passed","title":"applies correct container styling","duration":5.404332999999951,"failureMessages":[],"meta":{}},{"ancestorTitles":["FacetList Component","Styling and CSS Classes"],"fullName":"FacetList Component Styling and CSS Classes applies correct facet section styling","status":"passed","title":"applies correct facet section styling","duration":3.665416999999934,"failureMessages":[],"meta":{}},{"ancestorTitles":["FacetList Component","Styling and CSS Classes"],"fullName":"FacetList Component Styling and CSS Classes applies correct list styling","status":"passed","title":"applies correct list styling","duration":4.751416999999947,"failureMessages":[],"meta":{}},{"ancestorTitles":["FacetList Component","Styling and CSS Classes"],"fullName":"FacetList Component Styling and CSS Classes applies correct active facet styling","status":"passed","title":"applies correct active facet styling","duration":25.00937500000009,"failureMessages":[],"meta":{}},{"ancestorTitles":["FacetList Component","Styling and CSS Classes"],"fullName":"FacetList Component Styling and CSS Classes applies correct inactive facet styling","status":"passed","title":"applies correct inactive facet styling","duration":10.612333000000035,"failureMessages":[],"meta":{}}],"startTime":1767907457139,"endTime":1767907457565.6123,"status":"passed","message":"","name":"/Users/ewlarson/Python/clients/b1g/data-api/frontend/src/__tests__/components/FacetList.test.tsx"},{"assertionResults":[{"ancestorTitles":["FacetMoreModal"],"fullName":"FacetMoreModal does not render when closed","status":"passed","title":"does not render when closed","duration":11.995250000000055,"failureMessages":[],"meta":{}},{"ancestorTitles":["FacetMoreModal"],"fullName":"FacetMoreModal renders facet values when open","status":"passed","title":"renders facet values when open","duration":27.444208000000003,"failureMessages":[],"meta":{}},{"ancestorTitles":["FacetMoreModal"],"fullName":"FacetMoreModal invokes include and exclude callbacks","status":"passed","title":"invokes include and exclude callbacks","duration":48.826415999999995,"failureMessages":[],"meta":{}},{"ancestorTitles":["FacetMoreModal"],"fullName":"FacetMoreModal changes sort order when selection changes","status":"passed","title":"changes sort order when selection changes","duration":21.54875000000004,"failureMessages":[],"meta":{}},{"ancestorTitles":["FacetMoreModal"],"fullName":"FacetMoreModal submits facet search query","status":"passed","title":"submits facet search query","duration":80.03545799999995,"failureMessages":[],"meta":{}},{"ancestorTitles":["FacetMoreModal"],"fullName":"FacetMoreModal resets facet search query","status":"passed","title":"resets facet search query","duration":19.328915999999936,"failureMessages":[],"meta":{}},{"ancestorTitles":["FacetMoreModal"],"fullName":"FacetMoreModal navigates between pages","status":"passed","title":"navigates between pages","duration":15.798332999999957,"failureMessages":[],"meta":{}},{"ancestorTitles":["FacetMoreModal"],"fullName":"FacetMoreModal closes when Escape key is pressed","status":"passed","title":"closes when Escape key is pressed","duration":6.251374999999825,"failureMessages":[],"meta":{}},{"ancestorTitles":["FacetMoreModal"],"fullName":"FacetMoreModal closes when clicking on the overlay background","status":"passed","title":"closes when clicking on the overlay background","duration":4.447875000000067,"failureMessages":[],"meta":{}},{"ancestorTitles":["FacetMoreModal"],"fullName":"FacetMoreModal displays current search context chips","status":"passed","title":"displays current search context chips","duration":14.374708999999939,"failureMessages":[],"meta":{}},{"ancestorTitles":["FacetMoreModal"],"fullName":"FacetMoreModal allows toggling include/exclude filters via context chips","status":"passed","title":"allows toggling include/exclude filters via context chips","duration":65.90650000000005,"failureMessages":[],"meta":{}}],"startTime":1767907457114,"endTime":1767907457430.9065,"status":"passed","message":"","name":"/Users/ewlarson/Python/clients/b1g/data-api/frontend/src/__tests__/components/FacetMoreModal.test.tsx"},{"assertionResults":[{"ancestorTitles":["LinksTable"],"fullName":"LinksTable renders without crashing","status":"passed","title":"renders without crashing","duration":23.62570800000003,"failureMessages":[],"meta":{}},{"ancestorTitles":["LinksTable"],"fullName":"LinksTable renders all link categories","status":"passed","title":"renders all link categories","duration":9.787625000000048,"failureMessages":[],"meta":{}},{"ancestorTitles":["LinksTable"],"fullName":"LinksTable opens lightbox for Web Services category","status":"passed","title":"opens lightbox for Web Services category","duration":17.450292000000104,"failureMessages":[],"meta":{}},{"ancestorTitles":["LinksTable"],"fullName":"LinksTable closes lightbox when close button is clicked","status":"passed","title":"closes lightbox when close button is clicked","duration":13.810084000000188,"failureMessages":[],"meta":{}},{"ancestorTitles":["LinksTable"],"fullName":"LinksTable does not render when links are empty","status":"passed","title":"does not render when links are empty","duration":0.6941659999999956,"failureMessages":[],"meta":{}},{"ancestorTitles":["LinksTable"],"fullName":"LinksTable does not render when links are null","status":"passed","title":"does not render when links are null","duration":0.550499999999829,"failureMessages":[],"meta":{}}],"startTime":1767907459557,"endTime":1767907459622.5505,"status":"passed","message":"","name":"/Users/ewlarson/Python/clients/b1g/data-api/frontend/src/__tests__/components/LinksTable.test.tsx"},{"assertionResults":[{"ancestorTitles":["LocationMap","Component Rendering"],"fullName":"LocationMap Component Rendering renders the map container with proper structure","status":"passed","title":"renders the map container with proper structure","duration":27.075417000000016,"failureMessages":[],"meta":{}},{"ancestorTitles":["LocationMap","Component Rendering"],"fullName":"LocationMap Component Rendering renders with proper CSS classes","status":"passed","title":"renders with proper CSS classes","duration":6.458415999999943,"failureMessages":[],"meta":{}},{"ancestorTitles":["LocationMap","Component Rendering"],"fullName":"LocationMap Component Rendering renders map container with correct dimensions","status":"passed","title":"renders map container with correct dimensions","duration":2.064583000000084,"failureMessages":[],"meta":{}},{"ancestorTitles":["LocationMap","Geometry Handling"],"fullName":"LocationMap Geometry Handling handles point geometry from MIT Libraries fixture data","status":"passed","title":"handles point geometry from MIT Libraries fixture data","duration":6.437290999999959,"failureMessages":[],"meta":{}},{"ancestorTitles":["LocationMap","Geometry Handling"],"fullName":"LocationMap Geometry Handling handles point geometry from NYU Libraries fixture data","status":"passed","title":"handles point geometry from NYU Libraries fixture data","duration":1.6175410000000738,"failureMessages":[],"meta":{}},{"ancestorTitles":["LocationMap","Geometry Handling"],"fullName":"LocationMap Geometry Handling handles polygon geometry from Tufts University fixture data","status":"passed","title":"handles polygon geometry from Tufts University fixture data","duration":1.3494579999999132,"failureMessages":[],"meta":{}},{"ancestorTitles":["LocationMap","Geometry Handling"],"fullName":"LocationMap Geometry Handling handles polygon geometry from Stanford University fixture data","status":"passed","title":"handles polygon geometry from Stanford University fixture data","duration":1.224416999999903,"failureMessages":[],"meta":{}},{"ancestorTitles":["LocationMap","Geometry Handling"],"fullName":"LocationMap Geometry Handling handles multipolygon geometry from fixture data","status":"passed","title":"handles multipolygon geometry from fixture data","duration":2.4166250000000673,"failureMessages":[],"meta":{}},{"ancestorTitles":["LocationMap","Geometry Handling"],"fullName":"LocationMap Geometry Handling handles WKT polygon string from fixture data","status":"passed","title":"handles WKT polygon string from fixture data","duration":1.4149589999999534,"failureMessages":[],"meta":{}},{"ancestorTitles":["LocationMap","Geometry Handling"],"fullName":"LocationMap Geometry Handling handles WKT multipolygon string from fixture data","status":"passed","title":"handles WKT multipolygon string from fixture data","duration":4.323208000000022,"failureMessages":[],"meta":{}},{"ancestorTitles":["LocationMap","Geometry Handling"],"fullName":"LocationMap Geometry Handling handles object with WKT property from fixture data","status":"passed","title":"handles object with WKT property from fixture data","duration":3.735249999999951,"failureMessages":[],"meta":{}},{"ancestorTitles":["LocationMap","Edge Cases"],"fullName":"LocationMap Edge Cases handles null geometry gracefully","status":"passed","title":"handles null geometry gracefully","duration":0.9152080000001206,"failureMessages":[],"meta":{}},{"ancestorTitles":["LocationMap","Edge Cases"],"fullName":"LocationMap Edge Cases handles undefined geometry gracefully","status":"passed","title":"handles undefined geometry gracefully","duration":0.7666670000000977,"failureMessages":[],"meta":{}},{"ancestorTitles":["LocationMap","Edge Cases"],"fullName":"LocationMap Edge Cases handles invalid geometry gracefully","status":"passed","title":"handles invalid geometry gracefully","duration":1.0342079999998077,"failureMessages":[],"meta":{}},{"ancestorTitles":["LocationMap","Accessibility"],"fullName":"LocationMap Accessibility has proper heading structure","status":"passed","title":"has proper heading structure","duration":6.218958999999813,"failureMessages":[],"meta":{}},{"ancestorTitles":["LocationMap","Accessibility"],"fullName":"LocationMap Accessibility has accessible map container","status":"passed","title":"has accessible map container","duration":1.7295829999998205,"failureMessages":[],"meta":{}},{"ancestorTitles":["LocationMap","Real Fixture Data Integration"],"fullName":"LocationMap Real Fixture Data Integration handles MIT Libraries paper map fixture data","status":"passed","title":"handles MIT Libraries paper map fixture data","duration":3.080291999999872,"failureMessages":[],"meta":{}},{"ancestorTitles":["LocationMap","Real Fixture Data Integration"],"fullName":"LocationMap Real Fixture Data Integration handles NYU Libraries point dataset fixture data","status":"passed","title":"handles NYU Libraries point dataset fixture data","duration":1.2176249999999982,"failureMessages":[],"meta":{}},{"ancestorTitles":["LocationMap","Real Fixture Data Integration"],"fullName":"LocationMap Real Fixture Data Integration handles Tufts University polygon dataset fixture data","status":"passed","title":"handles Tufts University polygon dataset fixture data","duration":0.6577500000000782,"failureMessages":[],"meta":{}},{"ancestorTitles":["LocationMap","Real Fixture Data Integration"],"fullName":"LocationMap Real Fixture Data Integration handles Stanford University raster layer fixture data","status":"passed","title":"handles Stanford University raster layer fixture data","duration":0.7323750000000473,"failureMessages":[],"meta":{}},{"ancestorTitles":["LocationMap","Real Fixture Data Integration"],"fullName":"LocationMap Real Fixture Data Integration handles complex multipolygon from Cambridge Grid fixture data","status":"passed","title":"handles complex multipolygon from Cambridge Grid fixture data","duration":9.007957999999917,"failureMessages":[],"meta":{}},{"ancestorTitles":["LocationMap","Component Structure"],"fullName":"LocationMap Component Structure renders with proper container structure","status":"passed","title":"renders with proper container structure","duration":0.9619579999998678,"failureMessages":[],"meta":{}},{"ancestorTitles":["LocationMap","Component Structure"],"fullName":"LocationMap Component Structure maintains consistent structure across different geometry types","status":"passed","title":"maintains consistent structure across different geometry types","duration":7.26241600000003,"failureMessages":[],"meta":{}}],"startTime":1767907459305,"endTime":1767907459397.2625,"status":"passed","message":"","name":"/Users/ewlarson/Python/clients/b1g/data-api/frontend/src/__tests__/components/LocationMap.test.tsx"},{"assertionResults":[{"ancestorTitles":["MapView","Basic Rendering"],"fullName":"MapView Basic Rendering renders the map container","status":"passed","title":"renders the map container","duration":18.69095799999991,"failureMessages":[],"meta":{}},{"ancestorTitles":["MapView","Basic Rendering"],"fullName":"MapView Basic Rendering renders with sticky positioning","status":"passed","title":"renders with sticky positioning","duration":2.4293750000001637,"failureMessages":[],"meta":{}},{"ancestorTitles":["MapView","Basic Rendering"],"fullName":"MapView Basic Rendering has proper container structure","status":"passed","title":"has proper container structure","duration":2.369374999999991,"failureMessages":[],"meta":{}},{"ancestorTitles":["MapView","Basic Rendering"],"fullName":"MapView Basic Rendering maintains proper CSS classes for responsive design","status":"passed","title":"maintains proper CSS classes for responsive design","duration":3.4832910000000084,"failureMessages":[],"meta":{}},{"ancestorTitles":["MapView","Component Props"],"fullName":"MapView Component Props accepts results prop","status":"passed","title":"accepts results prop","duration":2.153124999999818,"failureMessages":[],"meta":{}},{"ancestorTitles":["MapView","Component Props"],"fullName":"MapView Component Props handles empty results array","status":"passed","title":"handles empty results array","duration":4.78125,"failureMessages":[],"meta":{}},{"ancestorTitles":["MapView","Component Props"],"fullName":"MapView Component Props handles results with valid geometry","status":"passed","title":"handles results with valid geometry","duration":2.4485830000000988,"failureMessages":[],"meta":{}},{"ancestorTitles":["MapView","Component Props"],"fullName":"MapView Component Props handles results without geometry","status":"passed","title":"handles results without geometry","duration":1.3698340000000826,"failureMessages":[],"meta":{}},{"ancestorTitles":["MapView","Edge Cases"],"fullName":"MapView Edge Cases handles results with missing meta data","status":"passed","title":"handles results with missing meta data","duration":1.515875000000051,"failureMessages":[],"meta":{}},{"ancestorTitles":["MapView","Edge Cases"],"fullName":"MapView Edge Cases handles results with missing viewer data","status":"passed","title":"handles results with missing viewer data","duration":2.6730830000001333,"failureMessages":[],"meta":{}},{"ancestorTitles":["MapView","Edge Cases"],"fullName":"MapView Edge Cases handles different geometry types","status":"failed","title":"handles different geometry types","duration":16.941667000000052,"failureMessages":["TypeError: Cannot read properties of undefined (reading 'dct_title_s')\n    at map (/Users/ewlarson/Python/clients/b1g/data-api/frontend/src/components/search/MapView.tsx:113:42)\n    at Array.map (<anonymous>)\n    at /Users/ewlarson/Python/clients/b1g/data-api/frontend/src/components/search/MapView.tsx:108:10\n    at commitHookEffectListMount (/Users/ewlarson/Python/clients/b1g/data-api/frontend/node_modules/react-dom/cjs/react-dom.development.js:23189:26)\n    at commitPassiveMountOnFiber (/Users/ewlarson/Python/clients/b1g/data-api/frontend/node_modules/react-dom/cjs/react-dom.development.js:24970:11)\n    at commitPassiveMountEffects_complete (/Users/ewlarson/Python/clients/b1g/data-api/frontend/node_modules/react-dom/cjs/react-dom.development.js:24930:9)\n    at commitPassiveMountEffects_begin (/Users/ewlarson/Python/clients/b1g/data-api/frontend/node_modules/react-dom/cjs/react-dom.development.js:24917:7)\n    at commitPassiveMountEffects (/Users/ewlarson/Python/clients/b1g/data-api/frontend/node_modules/react-dom/cjs/react-dom.development.js:24905:3)\n    at flushPassiveEffectsImpl (/Users/ewlarson/Python/clients/b1g/data-api/frontend/node_modules/react-dom/cjs/react-dom.development.js:27078:3)\n    at flushPassiveEffects (/Users/ewlarson/Python/clients/b1g/data-api/frontend/node_modules/react-dom/cjs/react-dom.development.js:27023:14)","Error: Should not already be working.\n    at performConcurrentWorkOnRoot (/Users/ewlarson/Python/clients/b1g/data-api/frontend/node_modules/react-dom/cjs/react-dom.development.js:25742:11)\n    at flushActQueue (/Users/ewlarson/Python/clients/b1g/data-api/frontend/node_modules/react/cjs/react.development.js:2667:24)\n    at act (/Users/ewlarson/Python/clients/b1g/data-api/frontend/node_modules/react/cjs/react.development.js:2582:11)\n    at /Users/ewlarson/Python/clients/b1g/data-api/frontend/node_modules/@testing-library/react/dist/act-compat.js:47:25\n    at /Users/ewlarson/Python/clients/b1g/data-api/frontend/node_modules/@testing-library/react/dist/pure.js:307:28\n    at Array.forEach (<anonymous>)\n    at cleanup (/Users/ewlarson/Python/clients/b1g/data-api/frontend/node_modules/@testing-library/react/dist/pure.js:303:22)\n    at /Users/ewlarson/Python/clients/b1g/data-api/frontend/node_modules/@testing-library/react/dist/index.js:28:25\n    at file:///Users/ewlarson/Python/clients/b1g/data-api/frontend/node_modules/@vitest/runner/dist/chunk-hooks.js:155:11\n    at file:///Users/ewlarson/Python/clients/b1g/data-api/frontend/node_modules/@vitest/runner/dist/chunk-hooks.js:1897:20"],"meta":{}},{"ancestorTitles":["MapView","Context Integration"],"fullName":"MapView Context Integration works with MapProvider","status":"failed","title":"works with MapProvider","duration":1.3814170000000559,"failureMessages":["Error: Should not already be working.\n    at performConcurrentWorkOnRoot (/Users/ewlarson/Python/clients/b1g/data-api/frontend/node_modules/react-dom/cjs/react-dom.development.js:25742:11)\n    at flushActQueue (/Users/ewlarson/Python/clients/b1g/data-api/frontend/node_modules/react/cjs/react.development.js:2667:24)\n    at act (/Users/ewlarson/Python/clients/b1g/data-api/frontend/node_modules/react/cjs/react.development.js:2582:11)\n    at /Users/ewlarson/Python/clients/b1g/data-api/frontend/node_modules/@testing-library/react/dist/act-compat.js:47:25\n    at renderRoot (/Users/ewlarson/Python/clients/b1g/data-api/frontend/node_modules/@testing-library/react/dist/pure.js:190:26)\n    at Proxy.render (/Users/ewlarson/Python/clients/b1g/data-api/frontend/node_modules/@testing-library/react/dist/pure.js:292:10)\n    at /Users/ewlarson/Python/clients/b1g/data-api/frontend/src/__tests__/components/MapView.test.tsx:385:7\n    at file:///Users/ewlarson/Python/clients/b1g/data-api/frontend/node_modules/@vitest/runner/dist/chunk-hooks.js:155:11\n    at file:///Users/ewlarson/Python/clients/b1g/data-api/frontend/node_modules/@vitest/runner/dist/chunk-hooks.js:752:26\n    at file:///Users/ewlarson/Python/clients/b1g/data-api/frontend/node_modules/@vitest/runner/dist/chunk-hooks.js:1897:20","Error: Should not already be working.\n    at performConcurrentWorkOnRoot (/Users/ewlarson/Python/clients/b1g/data-api/frontend/node_modules/react-dom/cjs/react-dom.development.js:25742:11)\n    at flushActQueue (/Users/ewlarson/Python/clients/b1g/data-api/frontend/node_modules/react/cjs/react.development.js:2667:24)\n    at act (/Users/ewlarson/Python/clients/b1g/data-api/frontend/node_modules/react/cjs/react.development.js:2582:11)\n    at /Users/ewlarson/Python/clients/b1g/data-api/frontend/node_modules/@testing-library/react/dist/act-compat.js:47:25\n    at /Users/ewlarson/Python/clients/b1g/data-api/frontend/node_modules/@testing-library/react/dist/pure.js:307:28\n    at Array.forEach (<anonymous>)\n    at cleanup (/Users/ewlarson/Python/clients/b1g/data-api/frontend/node_modules/@testing-library/react/dist/pure.js:303:22)\n    at /Users/ewlarson/Python/clients/b1g/data-api/frontend/node_modules/@testing-library/react/dist/index.js:28:25\n    at file:///Users/ewlarson/Python/clients/b1g/data-api/frontend/node_modules/@vitest/runner/dist/chunk-hooks.js:155:11\n    at file:///Users/ewlarson/Python/clients/b1g/data-api/frontend/node_modules/@vitest/runner/dist/chunk-hooks.js:1897:20"],"meta":{}},{"ancestorTitles":["MapView","Context Integration"],"fullName":"MapView Context Integration handles MapContext hoveredGeometry changes","status":"failed","title":"handles MapContext hoveredGeometry changes","duration":0.6576660000000629,"failureMessages":["Error: Should not already be working.\n    at performConcurrentWorkOnRoot (/Users/ewlarson/Python/clients/b1g/data-api/frontend/node_modules/react-dom/cjs/react-dom.development.js:25742:11)\n    at flushActQueue (/Users/ewlarson/Python/clients/b1g/data-api/frontend/node_modules/react/cjs/react.development.js:2667:24)\n    at act (/Users/ewlarson/Python/clients/b1g/data-api/frontend/node_modules/react/cjs/react.development.js:2582:11)\n    at /Users/ewlarson/Python/clients/b1g/data-api/frontend/node_modules/@testing-library/react/dist/act-compat.js:47:25\n    at renderRoot (/Users/ewlarson/Python/clients/b1g/data-api/frontend/node_modules/@testing-library/react/dist/pure.js:190:26)\n    at Proxy.render (/Users/ewlarson/Python/clients/b1g/data-api/frontend/node_modules/@testing-library/react/dist/pure.js:292:10)\n    at /Users/ewlarson/Python/clients/b1g/data-api/frontend/src/__tests__/components/MapView.test.tsx:399:28\n    at file:///Users/ewlarson/Python/clients/b1g/data-api/frontend/node_modules/@vitest/runner/dist/chunk-hooks.js:155:11\n    at file:///Users/ewlarson/Python/clients/b1g/data-api/frontend/node_modules/@vitest/runner/dist/chunk-hooks.js:752:26\n    at file:///Users/ewlarson/Python/clients/b1g/data-api/frontend/node_modules/@vitest/runner/dist/chunk-hooks.js:1897:20","Error: Should not already be working.\n    at performConcurrentWorkOnRoot (/Users/ewlarson/Python/clients/b1g/data-api/frontend/node_modules/react-dom/cjs/react-dom.development.js:25742:11)\n    at flushActQueue (/Users/ewlarson/Python/clients/b1g/data-api/frontend/node_modules/react/cjs/react.development.js:2667:24)\n    at act (/Users/ewlarson/Python/clients/b1g/data-api/frontend/node_modules/react/cjs/react.development.js:2582:11)\n    at /Users/ewlarson/Python/clients/b1g/data-api/frontend/node_modules/@testing-library/react/dist/act-compat.js:47:25\n    at /Users/ewlarson/Python/clients/b1g/data-api/frontend/node_modules/@testing-library/react/dist/pure.js:307:28\n    at Array.forEach (<anonymous>)\n    at cleanup (/Users/ewlarson/Python/clients/b1g/data-api/frontend/node_modules/@testing-library/react/dist/pure.js:303:22)\n    at /Users/ewlarson/Python/clients/b1g/data-api/frontend/node_modules/@testing-library/react/dist/index.js:28:25\n    at file:///Users/ewlarson/Python/clients/b1g/data-api/frontend/node_modules/@vitest/runner/dist/chunk-hooks.js:155:11\n    at file:///Users/ewlarson/Python/clients/b1g/data-api/frontend/node_modules/@vitest/runner/dist/chunk-hooks.js:1897:20"],"meta":{}},{"ancestorTitles":["MapView","Performance"],"fullName":"MapView Performance logs performance metrics","status":"failed","title":"logs performance metrics","duration":0.4852920000000722,"failureMessages":["Error: Should not already be working.\n    at performConcurrentWorkOnRoot (/Users/ewlarson/Python/clients/b1g/data-api/frontend/node_modules/react-dom/cjs/react-dom.development.js:25742:11)\n    at flushActQueue (/Users/ewlarson/Python/clients/b1g/data-api/frontend/node_modules/react/cjs/react.development.js:2667:24)\n    at act (/Users/ewlarson/Python/clients/b1g/data-api/frontend/node_modules/react/cjs/react.development.js:2582:11)\n    at /Users/ewlarson/Python/clients/b1g/data-api/frontend/node_modules/@testing-library/react/dist/act-compat.js:47:25\n    at renderRoot (/Users/ewlarson/Python/clients/b1g/data-api/frontend/node_modules/@testing-library/react/dist/pure.js:190:26)\n    at Proxy.render (/Users/ewlarson/Python/clients/b1g/data-api/frontend/node_modules/@testing-library/react/dist/pure.js:292:10)\n    at /Users/ewlarson/Python/clients/b1g/data-api/frontend/src/__tests__/components/MapView.test.tsx:425:7\n    at file:///Users/ewlarson/Python/clients/b1g/data-api/frontend/node_modules/@vitest/runner/dist/chunk-hooks.js:155:11\n    at file:///Users/ewlarson/Python/clients/b1g/data-api/frontend/node_modules/@vitest/runner/dist/chunk-hooks.js:752:26\n    at file:///Users/ewlarson/Python/clients/b1g/data-api/frontend/node_modules/@vitest/runner/dist/chunk-hooks.js:1897:20","Error: Should not already be working.\n    at performConcurrentWorkOnRoot (/Users/ewlarson/Python/clients/b1g/data-api/frontend/node_modules/react-dom/cjs/react-dom.development.js:25742:11)\n    at flushActQueue (/Users/ewlarson/Python/clients/b1g/data-api/frontend/node_modules/react/cjs/react.development.js:2667:24)\n    at act (/Users/ewlarson/Python/clients/b1g/data-api/frontend/node_modules/react/cjs/react.development.js:2582:11)\n    at /Users/ewlarson/Python/clients/b1g/data-api/frontend/node_modules/@testing-library/react/dist/act-compat.js:47:25\n    at /Users/ewlarson/Python/clients/b1g/data-api/frontend/node_modules/@testing-library/react/dist/pure.js:307:28\n    at Array.forEach (<anonymous>)\n    at cleanup (/Users/ewlarson/Python/clients/b1g/data-api/frontend/node_modules/@testing-library/react/dist/pure.js:303:22)\n    at /Users/ewlarson/Python/clients/b1g/data-api/frontend/node_modules/@testing-library/react/dist/index.js:28:25\n    at file:///Users/ewlarson/Python/clients/b1g/data-api/frontend/node_modules/@vitest/runner/dist/chunk-hooks.js:155:11\n    at file:///Users/ewlarson/Python/clients/b1g/data-api/frontend/node_modules/@vitest/runner/dist/chunk-hooks.js:1897:20"],"meta":{}},{"ancestorTitles":["MapView","Performance"],"fullName":"MapView Performance handles component unmounting","status":"failed","title":"handles component unmounting","duration":0.5812080000000606,"failureMessages":["Error: Should not already be working.\n    at performConcurrentWorkOnRoot (/Users/ewlarson/Python/clients/b1g/data-api/frontend/node_modules/react-dom/cjs/react-dom.development.js:25742:11)\n    at flushActQueue (/Users/ewlarson/Python/clients/b1g/data-api/frontend/node_modules/react/cjs/react.development.js:2667:24)\n    at act (/Users/ewlarson/Python/clients/b1g/data-api/frontend/node_modules/react/cjs/react.development.js:2582:11)\n    at /Users/ewlarson/Python/clients/b1g/data-api/frontend/node_modules/@testing-library/react/dist/act-compat.js:47:25\n    at renderRoot (/Users/ewlarson/Python/clients/b1g/data-api/frontend/node_modules/@testing-library/react/dist/pure.js:190:26)\n    at Proxy.render (/Users/ewlarson/Python/clients/b1g/data-api/frontend/node_modules/@testing-library/react/dist/pure.js:292:10)\n    at /Users/ewlarson/Python/clients/b1g/data-api/frontend/src/__tests__/components/MapView.test.tsx:436:27\n    at file:///Users/ewlarson/Python/clients/b1g/data-api/frontend/node_modules/@vitest/runner/dist/chunk-hooks.js:155:11\n    at file:///Users/ewlarson/Python/clients/b1g/data-api/frontend/node_modules/@vitest/runner/dist/chunk-hooks.js:752:26\n    at file:///Users/ewlarson/Python/clients/b1g/data-api/frontend/node_modules/@vitest/runner/dist/chunk-hooks.js:1897:20","Error: Should not already be working.\n    at performConcurrentWorkOnRoot (/Users/ewlarson/Python/clients/b1g/data-api/frontend/node_modules/react-dom/cjs/react-dom.development.js:25742:11)\n    at flushActQueue (/Users/ewlarson/Python/clients/b1g/data-api/frontend/node_modules/react/cjs/react.development.js:2667:24)\n    at act (/Users/ewlarson/Python/clients/b1g/data-api/frontend/node_modules/react/cjs/react.development.js:2582:11)\n    at /Users/ewlarson/Python/clients/b1g/data-api/frontend/node_modules/@testing-library/react/dist/act-compat.js:47:25\n    at /Users/ewlarson/Python/clients/b1g/data-api/frontend/node_modules/@testing-library/react/dist/pure.js:307:28\n    at Array.forEach (<anonymous>)\n    at cleanup (/Users/ewlarson/Python/clients/b1g/data-api/frontend/node_modules/@testing-library/react/dist/pure.js:303:22)\n    at /Users/ewlarson/Python/clients/b1g/data-api/frontend/node_modules/@testing-library/react/dist/index.js:28:25\n    at file:///Users/ewlarson/Python/clients/b1g/data-api/frontend/node_modules/@vitest/runner/dist/chunk-hooks.js:155:11\n    at file:///Users/ewlarson/Python/clients/b1g/data-api/frontend/node_modules/@vitest/runner/dist/chunk-hooks.js:1897:20"],"meta":{}},{"ancestorTitles":["MapView","Accessibility"],"fullName":"MapView Accessibility has proper container structure for screen readers","status":"failed","title":"has proper container structure for screen readers","duration":0.45270800000002964,"failureMessages":["Error: Should not already be working.\n    at performConcurrentWorkOnRoot (/Users/ewlarson/Python/clients/b1g/data-api/frontend/node_modules/react-dom/cjs/react-dom.development.js:25742:11)\n    at flushActQueue (/Users/ewlarson/Python/clients/b1g/data-api/frontend/node_modules/react/cjs/react.development.js:2667:24)\n    at act (/Users/ewlarson/Python/clients/b1g/data-api/frontend/node_modules/react/cjs/react.development.js:2582:11)\n    at /Users/ewlarson/Python/clients/b1g/data-api/frontend/node_modules/@testing-library/react/dist/act-compat.js:47:25\n    at renderRoot (/Users/ewlarson/Python/clients/b1g/data-api/frontend/node_modules/@testing-library/react/dist/pure.js:190:26)\n    at Proxy.render (/Users/ewlarson/Python/clients/b1g/data-api/frontend/node_modules/@testing-library/react/dist/pure.js:292:10)\n    at /Users/ewlarson/Python/clients/b1g/data-api/frontend/src/__tests__/components/MapView.test.tsx:449:7\n    at file:///Users/ewlarson/Python/clients/b1g/data-api/frontend/node_modules/@vitest/runner/dist/chunk-hooks.js:155:11\n    at file:///Users/ewlarson/Python/clients/b1g/data-api/frontend/node_modules/@vitest/runner/dist/chunk-hooks.js:752:26\n    at file:///Users/ewlarson/Python/clients/b1g/data-api/frontend/node_modules/@vitest/runner/dist/chunk-hooks.js:1897:20","Error: Should not already be working.\n    at performConcurrentWorkOnRoot (/Users/ewlarson/Python/clients/b1g/data-api/frontend/node_modules/react-dom/cjs/react-dom.development.js:25742:11)\n    at flushActQueue (/Users/ewlarson/Python/clients/b1g/data-api/frontend/node_modules/react/cjs/react.development.js:2667:24)\n    at act (/Users/ewlarson/Python/clients/b1g/data-api/frontend/node_modules/react/cjs/react.development.js:2582:11)\n    at /Users/ewlarson/Python/clients/b1g/data-api/frontend/node_modules/@testing-library/react/dist/act-compat.js:47:25\n    at /Users/ewlarson/Python/clients/b1g/data-api/frontend/node_modules/@testing-library/react/dist/pure.js:307:28\n    at Array.forEach (<anonymous>)\n    at cleanup (/Users/ewlarson/Python/clients/b1g/data-api/frontend/node_modules/@testing-library/react/dist/pure.js:303:22)\n    at /Users/ewlarson/Python/clients/b1g/data-api/frontend/node_modules/@testing-library/react/dist/index.js:28:25\n    at file:///Users/ewlarson/Python/clients/b1g/data-api/frontend/node_modules/@vitest/runner/dist/chunk-hooks.js:155:11\n    at file:///Users/ewlarson/Python/clients/b1g/data-api/frontend/node_modules/@vitest/runner/dist/chunk-hooks.js:1897:20"],"meta":{}},{"ancestorTitles":["MapView","Accessibility"],"fullName":"MapView Accessibility maintains proper CSS classes for responsive design","status":"failed","title":"maintains proper CSS classes for responsive design","duration":5.653833999999961,"failureMessages":["Error: Should not already be working.\n    at performConcurrentWorkOnRoot (/Users/ewlarson/Python/clients/b1g/data-api/frontend/node_modules/react-dom/cjs/react-dom.development.js:25742:11)\n    at flushActQueue (/Users/ewlarson/Python/clients/b1g/data-api/frontend/node_modules/react/cjs/react.development.js:2667:24)\n    at act (/Users/ewlarson/Python/clients/b1g/data-api/frontend/node_modules/react/cjs/react.development.js:2582:11)\n    at /Users/ewlarson/Python/clients/b1g/data-api/frontend/node_modules/@testing-library/react/dist/act-compat.js:47:25\n    at renderRoot (/Users/ewlarson/Python/clients/b1g/data-api/frontend/node_modules/@testing-library/react/dist/pure.js:190:26)\n    at Proxy.render (/Users/ewlarson/Python/clients/b1g/data-api/frontend/node_modules/@testing-library/react/dist/pure.js:292:10)\n    at /Users/ewlarson/Python/clients/b1g/data-api/frontend/src/__tests__/components/MapView.test.tsx:466:7\n    at file:///Users/ewlarson/Python/clients/b1g/data-api/frontend/node_modules/@vitest/runner/dist/chunk-hooks.js:155:11\n    at file:///Users/ewlarson/Python/clients/b1g/data-api/frontend/node_modules/@vitest/runner/dist/chunk-hooks.js:752:26\n    at file:///Users/ewlarson/Python/clients/b1g/data-api/frontend/node_modules/@vitest/runner/dist/chunk-hooks.js:1897:20","Error: Should not already be working.\n    at performConcurrentWorkOnRoot (/Users/ewlarson/Python/clients/b1g/data-api/frontend/node_modules/react-dom/cjs/react-dom.development.js:25742:11)\n    at flushActQueue (/Users/ewlarson/Python/clients/b1g/data-api/frontend/node_modules/react/cjs/react.development.js:2667:24)\n    at act (/Users/ewlarson/Python/clients/b1g/data-api/frontend/node_modules/react/cjs/react.development.js:2582:11)\n    at /Users/ewlarson/Python/clients/b1g/data-api/frontend/node_modules/@testing-library/react/dist/act-compat.js:47:25\n    at /Users/ewlarson/Python/clients/b1g/data-api/frontend/node_modules/@testing-library/react/dist/pure.js:307:28\n    at Array.forEach (<anonymous>)\n    at cleanup (/Users/ewlarson/Python/clients/b1g/data-api/frontend/node_modules/@testing-library/react/dist/pure.js:303:22)\n    at /Users/ewlarson/Python/clients/b1g/data-api/frontend/node_modules/@testing-library/react/dist/index.js:28:25\n    at file:///Users/ewlarson/Python/clients/b1g/data-api/frontend/node_modules/@vitest/runner/dist/chunk-hooks.js:155:11\n    at file:///Users/ewlarson/Python/clients/b1g/data-api/frontend/node_modules/@vitest/runner/dist/chunk-hooks.js:1897:20"],"meta":{}}],"startTime":1767907456011,"endTime":1767907456079.6538,"status":"failed","message":"","name":"/Users/ewlarson/Python/clients/b1g/data-api/frontend/src/__tests__/components/MapView.test.tsx"},{"assertionResults":[{"ancestorTitles":["MetadataTable Component","Rendering with All Fields"],"fullName":"MetadataTable Component Rendering with All Fields renders the table header with title and full details link","status":"passed","title":"renders the table header with title and full details link","duration":60.31750000000011,"failureMessages":[],"meta":{}},{"ancestorTitles":["MetadataTable Component","Rendering with All Fields"],"fullName":"MetadataTable Component Rendering with All Fields renders all metadata sections when all fields are present","status":"passed","title":"renders all metadata sections when all fields are present","duration":30.407207999999855,"failureMessages":[],"meta":{}},{"ancestorTitles":["MetadataTable Component","Rendering with All Fields"],"fullName":"MetadataTable Component Rendering with All Fields renders description correctly","status":"passed","title":"renders description correctly","duration":3.0150840000001153,"failureMessages":[],"meta":{}},{"ancestorTitles":["MetadataTable Component","Rendering with All Fields"],"fullName":"MetadataTable Component Rendering with All Fields renders spatial coverage as array","status":"passed","title":"renders spatial coverage as array","duration":20.032916999999998,"failureMessages":[],"meta":{}},{"ancestorTitles":["MetadataTable Component","Rendering with All Fields"],"fullName":"MetadataTable Component Rendering with All Fields renders combined row with temporal, date, and language","status":"passed","title":"renders combined row with temporal, date, and language","duration":4.544750000000022,"failureMessages":[],"meta":{}},{"ancestorTitles":["MetadataTable Component","Rendering with All Fields"],"fullName":"MetadataTable Component Rendering with All Fields renders combined row with format and provider","status":"passed","title":"renders combined row with format and provider","duration":7.162832999999864,"failureMessages":[],"meta":{}},{"ancestorTitles":["MetadataTable Component","Rendering with All Fields"],"fullName":"MetadataTable Component Rendering with All Fields renders access rights","status":"passed","title":"renders access rights","duration":2.79033400000003,"failureMessages":[],"meta":{}},{"ancestorTitles":["MetadataTable Component","Rendering with All Fields"],"fullName":"MetadataTable Component Rendering with All Fields renders license information","status":"passed","title":"renders license information","duration":5.1868750000001,"failureMessages":[],"meta":{}},{"ancestorTitles":["MetadataTable Component","Rendering with All Fields"],"fullName":"MetadataTable Component Rendering with All Fields renders subjects as comma-separated list","status":"passed","title":"renders subjects as comma-separated list","duration":3.524249999999938,"failureMessages":[],"meta":{}},{"ancestorTitles":["MetadataTable Component","Rendering with All Fields"],"fullName":"MetadataTable Component Rendering with All Fields renders resource type and class","status":"passed","title":"renders resource type and class","duration":5.051832999999988,"failureMessages":[],"meta":{}},{"ancestorTitles":["MetadataTable Component","Conditional Rendering"],"fullName":"MetadataTable Component Conditional Rendering renders only available fields when some are missing","status":"passed","title":"renders only available fields when some are missing","duration":15.032707999999957,"failureMessages":[],"meta":{}},{"ancestorTitles":["MetadataTable Component","Conditional Rendering"],"fullName":"MetadataTable Component Conditional Rendering handles empty arrays gracefully","status":"passed","title":"handles empty arrays gracefully","duration":1.1546249999998963,"failureMessages":[],"meta":{}},{"ancestorTitles":["MetadataTable Component","Conditional Rendering"],"fullName":"MetadataTable Component Conditional Rendering handles null/undefined fields gracefully","status":"passed","title":"handles null/undefined fields gracefully","duration":1.4775829999998678,"failureMessages":[],"meta":{}},{"ancestorTitles":["MetadataTable Component","Conditional Rendering"],"fullName":"MetadataTable Component Conditional Rendering handles empty strings gracefully","status":"passed","title":"handles empty strings gracefully","duration":1.5402500000000146,"failureMessages":[],"meta":{}},{"ancestorTitles":["MetadataTable Component","Label Handling"],"fullName":"MetadataTable Component Label Handling uses singular label for single item arrays","status":"passed","title":"uses singular label for single item arrays","duration":0.8046669999998812,"failureMessages":[],"meta":{}},{"ancestorTitles":["MetadataTable Component","Label Handling"],"fullName":"MetadataTable Component Label Handling uses plural label for multiple item arrays","status":"passed","title":"uses plural label for multiple item arrays","duration":6.84637500000008,"failureMessages":[],"meta":{}},{"ancestorTitles":["MetadataTable Component","Layout and Styling"],"fullName":"MetadataTable Component Layout and Styling applies correct table structure","status":"passed","title":"applies correct table structure","duration":3.8147500000000036,"failureMessages":[],"meta":{}},{"ancestorTitles":["MetadataTable Component","Layout and Styling"],"fullName":"MetadataTable Component Layout and Styling applies correct header styling","status":"passed","title":"applies correct header styling","duration":2.406332999999904,"failureMessages":[],"meta":{}},{"ancestorTitles":["MetadataTable Component","Layout and Styling"],"fullName":"MetadataTable Component Layout and Styling applies correct cell styling","status":"passed","title":"applies correct cell styling","duration":2.049541999999974,"failureMessages":[],"meta":{}},{"ancestorTitles":["MetadataTable Component","Layout and Styling"],"fullName":"MetadataTable Component Layout and Styling applies hover effects to table rows","status":"passed","title":"applies hover effects to table rows","duration":6.24675000000002,"failureMessages":[],"meta":{}},{"ancestorTitles":["MetadataTable Component","Accessibility"],"fullName":"MetadataTable Component Accessibility uses proper table structure","status":"passed","title":"uses proper table structure","duration":2.629959000000099,"failureMessages":[],"meta":{}},{"ancestorTitles":["MetadataTable Component","Accessibility"],"fullName":"MetadataTable Component Accessibility has proper link accessibility","status":"passed","title":"has proper link accessibility","duration":16.374000000000024,"failureMessages":[],"meta":{}},{"ancestorTitles":["MetadataTable Component","Accessibility"],"fullName":"MetadataTable Component Accessibility maintains proper text contrast","status":"passed","title":"maintains proper text contrast","duration":4.902417000000014,"failureMessages":[],"meta":{}},{"ancestorTitles":["MetadataTable Component","Edge Cases"],"fullName":"MetadataTable Component Edge Cases handles missing data object gracefully","status":"passed","title":"handles missing data object gracefully","duration":0.6585419999998976,"failureMessages":[],"meta":{}},{"ancestorTitles":["MetadataTable Component","Edge Cases"],"fullName":"MetadataTable Component Edge Cases handles missing attributes object gracefully","status":"passed","title":"handles missing attributes object gracefully","duration":0.522707999999966,"failureMessages":[],"meta":{}},{"ancestorTitles":["MetadataTable Component","Edge Cases"],"fullName":"MetadataTable Component Edge Cases handles mixed data types in arrays","status":"passed","title":"handles mixed data types in arrays","duration":1.3215000000000146,"failureMessages":[],"meta":{}},{"ancestorTitles":["MetadataTable Component","Edge Cases"],"fullName":"MetadataTable Component Edge Cases renders with different fixture data types","status":"passed","title":"renders with different fixture data types","duration":5.279583000000002,"failureMessages":[],"meta":{}},{"ancestorTitles":["MetadataTable Component","Edge Cases"],"fullName":"MetadataTable Component Edge Cases renders with restricted access fixture","status":"passed","title":"renders with restricted access fixture","duration":2.4856250000000273,"failureMessages":[],"meta":{}},{"ancestorTitles":["MetadataTable Component","Edge Cases"],"fullName":"MetadataTable Component Edge Cases handles very long text content","status":"passed","title":"handles very long text content","duration":1.1122080000000096,"failureMessages":[],"meta":{}},{"ancestorTitles":["MetadataTable Component","Edge Cases"],"fullName":"MetadataTable Component Edge Cases handles special characters in content","status":"passed","title":"handles special characters in content","duration":0.9087500000000546,"failureMessages":[],"meta":{}}],"startTime":1767907459097,"endTime":1767907459317.9087,"status":"passed","message":"","name":"/Users/ewlarson/Python/clients/b1g/data-api/frontend/src/__tests__/components/MetadataTable.test.tsx"},{"assertionResults":[{"ancestorTitles":["Pagination Component","Basic Rendering"],"fullName":"Pagination Component Basic Rendering renders pagination with current page and total pages","status":"passed","title":"renders pagination with current page and total pages","duration":17.896624999999972,"failureMessages":[],"meta":{}},{"ancestorTitles":["Pagination Component","Basic Rendering"],"fullName":"Pagination Component Basic Rendering highlights the current page","status":"passed","title":"highlights the current page","duration":9.160041000000092,"failureMessages":[],"meta":{}},{"ancestorTitles":["Pagination Component","Basic Rendering"],"fullName":"Pagination Component Basic Rendering renders navigation arrows","status":"passed","title":"renders navigation arrows","duration":14.729207999999971,"failureMessages":[],"meta":{}},{"ancestorTitles":["Pagination Component","Navigation Buttons"],"fullName":"Pagination Component Navigation Buttons disables previous button on first page","status":"passed","title":"disables previous button on first page","duration":4.667042000000038,"failureMessages":[],"meta":{}},{"ancestorTitles":["Pagination Component","Navigation Buttons"],"fullName":"Pagination Component Navigation Buttons enables previous button when not on first page","status":"passed","title":"enables previous button when not on first page","duration":15.051292000000103,"failureMessages":[],"meta":{}},{"ancestorTitles":["Pagination Component","Navigation Buttons"],"fullName":"Pagination Component Navigation Buttons disables next button on last page","status":"passed","title":"disables next button on last page","duration":4.197916999999961,"failureMessages":[],"meta":{}},{"ancestorTitles":["Pagination Component","Navigation Buttons"],"fullName":"Pagination Component Navigation Buttons enables next button when not on last page","status":"passed","title":"enables next button when not on last page","duration":3.401582999999846,"failureMessages":[],"meta":{}},{"ancestorTitles":["Pagination Component","Navigation Buttons"],"fullName":"Pagination Component Navigation Buttons calls onPageChange when previous button is clicked","status":"passed","title":"calls onPageChange when previous button is clicked","duration":23.019999999999982,"failureMessages":[],"meta":{}},{"ancestorTitles":["Pagination Component","Navigation Buttons"],"fullName":"Pagination Component Navigation Buttons calls onPageChange when next button is clicked","status":"passed","title":"calls onPageChange when next button is clicked","duration":17.320249999999987,"failureMessages":[],"meta":{}},{"ancestorTitles":["Pagination Component","Page Number Display Logic"],"fullName":"Pagination Component Page Number Display Logic shows all pages when total pages is 5 or less","status":"passed","title":"shows all pages when total pages is 5 or less","duration":1.9302909999998974,"failureMessages":[],"meta":{}},{"ancestorTitles":["Pagination Component","Page Number Display Logic"],"fullName":"Pagination Component Page Number Display Logic shows first 5 pages when current page is in the beginning","status":"passed","title":"shows first 5 pages when current page is in the beginning","duration":5.389415999999983,"failureMessages":[],"meta":{}},{"ancestorTitles":["Pagination Component","Page Number Display Logic"],"fullName":"Pagination Component Page Number Display Logic shows last 5 pages when current page is near the end","status":"passed","title":"shows last 5 pages when current page is near the end","duration":1.7973329999999805,"failureMessages":[],"meta":{}},{"ancestorTitles":["Pagination Component","Page Number Display Logic"],"fullName":"Pagination Component Page Number Display Logic shows 5 pages centered around current page when in the middle","status":"passed","title":"shows 5 pages centered around current page when in the middle","duration":2.1517079999998714,"failureMessages":[],"meta":{}},{"ancestorTitles":["Pagination Component","Ellipsis Display Logic"],"fullName":"Pagination Component Ellipsis Display Logic shows ellipsis after first page when there is a gap","status":"passed","title":"shows ellipsis after first page when there is a gap","duration":3.856458999999859,"failureMessages":[],"meta":{}},{"ancestorTitles":["Pagination Component","Ellipsis Display Logic"],"fullName":"Pagination Component Ellipsis Display Logic does not show ellipsis after first page when pages are consecutive","status":"passed","title":"does not show ellipsis after first page when pages are consecutive","duration":1.466957999999977,"failureMessages":[],"meta":{}},{"ancestorTitles":["Pagination Component","Ellipsis Display Logic"],"fullName":"Pagination Component Ellipsis Display Logic does not show ellipsis before last page when pages are consecutive","status":"passed","title":"does not show ellipsis before last page when pages are consecutive","duration":6.538167000000158,"failureMessages":[],"meta":{}},{"ancestorTitles":["Pagination Component","Ellipsis Display Logic"],"fullName":"Pagination Component Ellipsis Display Logic shows ellipsis before last page when there is a gap","status":"passed","title":"shows ellipsis before last page when there is a gap","duration":1.3126250000000255,"failureMessages":[],"meta":{}},{"ancestorTitles":["Pagination Component","Page Click Handling"],"fullName":"Pagination Component Page Click Handling calls onPageChange when a page number is clicked","status":"passed","title":"calls onPageChange when a page number is clicked","duration":7.668707999999924,"failureMessages":[],"meta":{}},{"ancestorTitles":["Pagination Component","Page Click Handling"],"fullName":"Pagination Component Page Click Handling calls onPageChange when first page is clicked","status":"passed","title":"calls onPageChange when first page is clicked","duration":19.543499999999995,"failureMessages":[],"meta":{}},{"ancestorTitles":["Pagination Component","Page Click Handling"],"fullName":"Pagination Component Page Click Handling calls onPageChange when last page is clicked","status":"passed","title":"calls onPageChange when last page is clicked","duration":9.910207999999784,"failureMessages":[],"meta":{}},{"ancestorTitles":["Pagination Component","Edge Cases"],"fullName":"Pagination Component Edge Cases handles single page correctly","status":"passed","title":"handles single page correctly","duration":3.2777910000002066,"failureMessages":[],"meta":{}},{"ancestorTitles":["Pagination Component","Edge Cases"],"fullName":"Pagination Component Edge Cases handles two pages correctly","status":"passed","title":"handles two pages correctly","duration":1.129083000000037,"failureMessages":[],"meta":{}},{"ancestorTitles":["Pagination Component","Edge Cases"],"fullName":"Pagination Component Edge Cases handles current page at the very beginning","status":"passed","title":"handles current page at the very beginning","duration":1.3648330000000897,"failureMessages":[],"meta":{}},{"ancestorTitles":["Pagination Component","Edge Cases"],"fullName":"Pagination Component Edge Cases handles current page at the very end","status":"passed","title":"handles current page at the very end","duration":1.5224169999999049,"failureMessages":[],"meta":{}},{"ancestorTitles":["Pagination Component","Edge Cases"],"fullName":"Pagination Component Edge Cases handles large number of pages correctly","status":"passed","title":"handles large number of pages correctly","duration":1.5406249999998636,"failureMessages":[],"meta":{}},{"ancestorTitles":["Pagination Component","Accessibility"],"fullName":"Pagination Component Accessibility has proper button roles","status":"passed","title":"has proper button roles","duration":4.132125000000087,"failureMessages":[],"meta":{}},{"ancestorTitles":["Pagination Component","Accessibility"],"fullName":"Pagination Component Accessibility applies proper disabled styling to navigation buttons","status":"passed","title":"applies proper disabled styling to navigation buttons","duration":1.885582999999997,"failureMessages":[],"meta":{}},{"ancestorTitles":["Pagination Component","Accessibility"],"fullName":"Pagination Component Accessibility applies hover effects to clickable buttons","status":"passed","title":"applies hover effects to clickable buttons","duration":1.0015000000000782,"failureMessages":[],"meta":{}},{"ancestorTitles":["Pagination Component","Styling and CSS Classes"],"fullName":"Pagination Component Styling and CSS Classes applies correct styling to current page button","status":"passed","title":"applies correct styling to current page button","duration":0.9141669999999067,"failureMessages":[],"meta":{}},{"ancestorTitles":["Pagination Component","Styling and CSS Classes"],"fullName":"Pagination Component Styling and CSS Classes applies correct styling to non-current page buttons","status":"passed","title":"applies correct styling to non-current page buttons","duration":3.115332999999964,"failureMessages":[],"meta":{}},{"ancestorTitles":["Pagination Component","Styling and CSS Classes"],"fullName":"Pagination Component Styling and CSS Classes applies correct container styling","status":"passed","title":"applies correct container styling","duration":1.1785829999998896,"failureMessages":[],"meta":{}}],"startTime":1767907457404,"endTime":1767907457597.1785,"status":"passed","message":"","name":"/Users/ewlarson/Python/clients/b1g/data-api/frontend/src/__tests__/components/Pagination.test.tsx"},{"assertionResults":[{"ancestorTitles":["ResourceDescription Component","Rendering"],"fullName":"ResourceDescription Component Rendering renders description section with heading","status":"passed","title":"renders description section with heading","duration":18.504166000000055,"failureMessages":[],"meta":{}},{"ancestorTitles":["ResourceDescription Component","Rendering"],"fullName":"ResourceDescription Component Rendering renders multiple description paragraphs","status":"passed","title":"renders multiple description paragraphs","duration":6.826125000000047,"failureMessages":[],"meta":{}},{"ancestorTitles":["ResourceDescription Component","Rendering"],"fullName":"ResourceDescription Component Rendering applies correct CSS classes to elements","status":"passed","title":"applies correct CSS classes to elements","duration":3.080874999999992,"failureMessages":[],"meta":{}},{"ancestorTitles":["ResourceDescription Component","Rendering"],"fullName":"ResourceDescription Component Rendering renders each description paragraph with unique key","status":"passed","title":"renders each description paragraph with unique key","duration":5.63920799999994,"failureMessages":[],"meta":{}},{"ancestorTitles":["ResourceDescription Component","Edge Cases"],"fullName":"ResourceDescription Component Edge Cases returns null when description is empty array","status":"passed","title":"returns null when description is empty array","duration":0.9300000000000637,"failureMessages":[],"meta":{}},{"ancestorTitles":["ResourceDescription Component","Edge Cases"],"fullName":"ResourceDescription Component Edge Cases returns null when description is null","status":"passed","title":"returns null when description is null","duration":0.6362080000000105,"failureMessages":[],"meta":{}},{"ancestorTitles":["ResourceDescription Component","Edge Cases"],"fullName":"ResourceDescription Component Edge Cases returns null when description is undefined","status":"passed","title":"returns null when description is undefined","duration":0.6385840000000371,"failureMessages":[],"meta":{}},{"ancestorTitles":["ResourceDescription Component","Edge Cases"],"fullName":"ResourceDescription Component Edge Cases handles empty string in description array","status":"passed","title":"handles empty string in description array","duration":3.5391250000000127,"failureMessages":[],"meta":{}},{"ancestorTitles":["ResourceDescription Component","Edge Cases"],"fullName":"ResourceDescription Component Edge Cases handles very long description text","status":"passed","title":"handles very long description text","duration":3.243916000000013,"failureMessages":[],"meta":{}},{"ancestorTitles":["ResourceDescription Component","Edge Cases"],"fullName":"ResourceDescription Component Edge Cases handles special characters in description","status":"passed","title":"handles special characters in description","duration":7.64708399999995,"failureMessages":[],"meta":{}},{"ancestorTitles":["ResourceDescription Component","Accessibility"],"fullName":"ResourceDescription Component Accessibility has proper heading structure","status":"passed","title":"has proper heading structure","duration":2.0782500000000255,"failureMessages":[],"meta":{}},{"ancestorTitles":["ResourceDescription Component","Accessibility"],"fullName":"ResourceDescription Component Accessibility has proper semantic structure","status":"passed","title":"has proper semantic structure","duration":1.3437089999999898,"failureMessages":[],"meta":{}},{"ancestorTitles":["ResourceDescription Component","Accessibility"],"fullName":"ResourceDescription Component Accessibility maintains proper text contrast with CSS classes","status":"passed","title":"maintains proper text contrast with CSS classes","duration":3.3303750000000036,"failureMessages":[],"meta":{}},{"ancestorTitles":["ResourceDescription Component","Integration with Real Data"],"fullName":"ResourceDescription Component Integration with Real Data renders with realistic description data","status":"passed","title":"renders with realistic description data","duration":1.6665420000000495,"failureMessages":[],"meta":{}},{"ancestorTitles":["ResourceDescription Component","Integration with Real Data"],"fullName":"ResourceDescription Component Integration with Real Data handles single paragraph description","status":"passed","title":"handles single paragraph description","duration":1.2887920000000577,"failureMessages":[],"meta":{}}],"startTime":1767907459513,"endTime":1767907459574.2888,"status":"passed","message":"","name":"/Users/ewlarson/Python/clients/b1g/data-api/frontend/src/__tests__/components/ResourceDescription.test.tsx"},{"assertionResults":[{"ancestorTitles":["ResourceMetadata Component","Rendering with All Fields"],"fullName":"ResourceMetadata Component Rendering with All Fields renders all metadata sections when all fields are present","status":"failed","title":"renders all metadata sections when all fields are present","duration":58.6094999999998,"failureMessages":["TestingLibraryElementError: Unable to find an element with the text: Source. This could be because the text is broken up by multiple elements. In this case, you can provide a function for your text matcher to make your matcher more flexible.\n\nIgnored nodes: comments, script, style\n\u001b[36m<body>\u001b[39m\n  \u001b[36m<div>\u001b[39m\n    \u001b[36m<div\u001b[39m\n      \u001b[33mclass\u001b[39m=\u001b[32m\"grid grid-cols-1 md:grid-cols-2 gap-8\"\u001b[39m\n    \u001b[36m>\u001b[39m\n      \u001b[36m<div\u001b[39m\n        \u001b[33mclass\u001b[39m=\u001b[32m\"space-y-6\"\u001b[39m\n      \u001b[36m>\u001b[39m\n        \u001b[36m<div>\u001b[39m\n          \u001b[36m<h2\u001b[39m\n            \u001b[33mclass\u001b[39m=\u001b[32m\"text-sm font-medium text-gray-500\"\u001b[39m\n          \u001b[36m>\u001b[39m\n            \u001b[0mProvider\u001b[0m\n          \u001b[36m</h2>\u001b[39m\n          \u001b[36m<p\u001b[39m\n            \u001b[33mclass\u001b[39m=\u001b[32m\"mt-1 text-gray-900\"\u001b[39m\n          \u001b[36m>\u001b[39m\n            \u001b[0mMIT Libraries\u001b[0m\n          \u001b[36m</p>\u001b[39m\n        \u001b[36m</div>\u001b[39m\n        \u001b[36m<div>\u001b[39m\n          \u001b[36m<h2\u001b[39m\n            \u001b[33mclass\u001b[39m=\u001b[32m\"text-sm font-medium text-gray-500\"\u001b[39m\n          \u001b[36m>\u001b[39m\n            \u001b[0mPublishers\u001b[0m\n          \u001b[36m</h2>\u001b[39m\n          \u001b[36m<ul\u001b[39m\n            \u001b[33mclass\u001b[39m=\u001b[32m\"mt-1 space-y-1\"\u001b[39m\n          \u001b[36m>\u001b[39m\n            \u001b[36m<li\u001b[39m\n              \u001b[33mclass\u001b[39m=\u001b[32m\"text-gray-900\"\u001b[39m\n            \u001b[36m>\u001b[39m\n              \u001b[0mMIT Libraries\u001b[0m\n            \u001b[36m</li>\u001b[39m\n          \u001b[36m</ul>\u001b[39m\n        \u001b[36m</div>\u001b[39m\n        \u001b[36m<div>\u001b[39m\n          \u001b[36m<h2\u001b[39m\n            \u001b[33mclass\u001b[39m=\u001b[32m\"flex items-center gap-2 text-sm font-medium text-gray-500\"\u001b[39m\n          \u001b[36m>\u001b[39m\n            \u001b[36m<svg\u001b[39m\n              \u001b[33maria-hidden\u001b[39m=\u001b[32m\"true\"\u001b[39m\n              \u001b[33mclass\u001b[39m=\u001b[32m\"lucide lucide-users\"\u001b[39m\n              \u001b[33mfill\u001b[39m=\u001b[32m\"none\"\u001b[39m\n              \u001b[33mheight\u001b[39m=\u001b[32m\"16\"\u001b[39m\n              \u001b[33mstroke\u001b[39m=\u001b[32m\"currentColor\"\u001b[39m\n              \u001b[33mstroke-linecap\u001b[39m=\u001b[32m\"round\"\u001b[39m\n              \u001b[33mstroke-linejoin\u001b[39m=\u001b[32m\"round\"\u001b[39m\n              \u001b[33mstroke-width\u001b[39m=\u001b[32m\"2\"\u001b[39m\n              \u001b[33mviewBox\u001b[39m=\u001b[32m\"0 0 24 24\"\u001b[39m\n              \u001b[33mwidth\u001b[39m=\u001b[32m\"16\"\u001b[39m\n              \u001b[33mxmlns\u001b[39m=\u001b[32m\"http://www.w3.org/2000/svg\"\u001b[39m\n            \u001b[36m>\u001b[39m\n              \u001b[36m<path\u001b[39m\n                \u001b[33md\u001b[39m=\u001b[32m\"M16 21v-2a4 4 0 0 0-4-4H6a4 4 0 0 0-4 4v2\"\u001b[39m\n              \u001b[36m/>\u001b[39m\n              \u001b[36m<path\u001b[39m\n                \u001b[33md\u001b[39m=\u001b[32m\"M16 3.128a4 4 0 0 1 0 7.744\"\u001b[39m\n              \u001b[36m/>\u001b[39m\n              \u001b[36m<path\u001b[39m\n                \u001b[33md\u001b[39m=\u001b[32m\"M22 21v-2a4 4 0 0 0-3-3.87\"\u001b[39m\n              \u001b[36m/>\u001b[39m\n              \u001b[36m<circle\u001b[39m\n                \u001b[33mcx\u001b[39m=\u001b[32m\"9\"\u001b[39m\n                \u001b[33mcy\u001b[39m=\u001b[32m\"7\"\u001b[39m\n                \u001b[33mr\u001b[39m=\u001b[32m\"4\"\u001b[39m\n              \u001b[36m/>\u001b[39m\n            \u001b[36m</svg>\u001b[39m\n            \u001b[0mCreators\u001b[0m\n          \u001b[36m</h2>\u001b[39m\n          \u001b[36m<ul\u001b[39m\n            \u001b[33mclass\u001b[39m=\u001b[32m\"mt-1 space-y-1\"\u001b[39m\n          \u001b[36m>\u001b[39m\n            \u001b[36m<li\u001b[39m\n              \u001b[33mclass\u001b[39m=\u001b[32m\"text-gray-900\"\u001b[39m\n            \u001b[36m>\u001b[39m\n              \u001b[0mMIT Libraries Staff\u001b[0m\n            \u001b[36m</li>\u001b[39m\n          \u001b[36m</ul>\u001b[39m\n        \u001b[36m</div>\u001b[39m\n      \u001b[36m</div>\u001b[39m\n      \u001b[36m<div\u001b[39m\n        \u001b[33mclass\u001b[39m=\u001b[32m\"space-y-6\"\u001b[39m\n      \u001b[36m>\u001b[39m\n        \u001b[36m<div>\u001b[39m\n          \u001b[36m<h2\u001b[39m\n            \u001b[33mclass\u001b[39m=\u00
[...]
,"fullName":"geometryUtils normalizeGeometry WKT String Input converts WKT polygon string to GeoJSON","status":"passed","title":"converts WKT polygon string to GeoJSON","duration":0.09912499999995816,"failureMessages":[],"meta":{}},{"ancestorTitles":["geometryUtils","normalizeGeometry","WKT String Input"],"fullName":"geometryUtils normalizeGeometry WKT String Input converts WKT multipolygon string to GeoJSON","status":"passed","title":"converts WKT multipolygon string to GeoJSON","duration":0.09483299999999417,"failureMessages":[],"meta":{}},{"ancestorTitles":["geometryUtils","normalizeGeometry","Object with WKT Property"],"fullName":"geometryUtils normalizeGeometry Object with WKT Property converts object with wkt property to GeoJSON","status":"passed","title":"converts object with wkt property to GeoJSON","duration":0.07695799999999053,"failureMessages":[],"meta":{}},{"ancestorTitles":["geometryUtils","normalizeGeometry","Error Handling"],"fullName":"geometryUtils normalizeGeometry Error Handling returns null for null input","status":"passed","title":"returns null for null input","duration":0.03812500000003638,"failureMessages":[],"meta":{}},{"ancestorTitles":["geometryUtils","normalizeGeometry","Error Handling"],"fullName":"geometryUtils normalizeGeometry Error Handling returns null for undefined input","status":"passed","title":"returns null for undefined input","duration":0.03716699999995399,"failureMessages":[],"meta":{}},{"ancestorTitles":["geometryUtils","normalizeGeometry","Error Handling"],"fullName":"geometryUtils normalizeGeometry Error Handling returns null for unknown geometry format","status":"passed","title":"returns null for unknown geometry format","duration":0.3844169999999849,"failureMessages":[],"meta":{}},{"ancestorTitles":["geometryUtils","normalizeGeometry","Error Handling"],"fullName":"geometryUtils normalizeGeometry Error Handling returns null for invalid WKT string","status":"passed","title":"returns null for invalid WKT string","duration":0.25587499999994634,"failureMessages":[],"meta":{}},{"ancestorTitles":["geometryUtils","normalizeGeometry","Error Handling"],"fullName":"geometryUtils normalizeGeometry Error Handling returns null for object with invalid wkt property","status":"passed","title":"returns null for object with invalid wkt property","duration":0.10470900000007077,"failureMessages":[],"meta":{}},{"ancestorTitles":["geometryUtils","normalizeGeometry","Edge Cases"],"fullName":"geometryUtils normalizeGeometry Edge Cases handles object with type and coordinates but invalid structure","status":"passed","title":"handles object with type and coordinates but invalid structure","duration":0.13162499999998545,"failureMessages":[],"meta":{}},{"ancestorTitles":["geometryUtils","normalizeGeometry","Edge Cases"],"fullName":"geometryUtils normalizeGeometry Edge Cases handles empty string WKT","status":"passed","title":"handles empty string WKT","duration":0.03712500000006003,"failureMessages":[],"meta":{}},{"ancestorTitles":["geometryUtils","normalizeGeometry","Edge Cases"],"fullName":"geometryUtils normalizeGeometry Edge Cases handles object with empty wkt property","status":"passed","title":"handles object with empty wkt property","duration":0.08299999999996999,"failureMessages":[],"meta":{}}],"startTime":1767907459481,"endTime":1767907459500.2559,"status":"passed","message":"","name":"/Users/ewlarson/Python/clients/b1g/data-api/frontend/src/__tests__/utils/geometryUtils.test.ts"},{"assertionResults":[{"ancestorTitles":["searchParams","parseSearchParams"],"fullName":"searchParams parseSearchParams parses basic search parameters","status":"passed","title":"parses basic search parameters","duration":2.7116250000000264,"failureMessages":[],"meta":{}},{"ancestorTitles":["searchParams","parseSearchParams"],"fullName":"searchParams parseSearchParams handles empty search parameters","status":"passed","title":"handles empty search parameters","duration":0.43641700000000583,"failureMessages":[],"meta":{}},{"ancestorTitles":["searchParams","parseSearchParams"],"fullName":"searchParams parseSearchParams parses facet parameters with fq format","status":"passed","title":"parses facet parameters with fq format","duration":0.42954199999996945,"failureMessages":[],"meta":{}},{"ancestorTitles":["searchParams","parseSearchParams"],"fullName":"searchParams parseSearchParams handles multiple values for the same facet field","status":"passed","title":"handles multiple values for the same facet field","duration":0.22204199999998764,"failureMessages":[],"meta":{}},{"ancestorTitles":["searchParams","parseSearchParams"],"fullName":"searchParams parseSearchParams handles complex facet field names","status":"passed","title":"handles complex facet field names","duration":0.3035419999999931,"failureMessages":[],"meta":{}},{"ancestorTitles":["searchParams","parseSearchParams"],"fullName":"searchParams parseSearchParams ignores non-facet parameters","status":"passed","title":"ignores non-facet parameters","duration":0.14654200000006767,"failureMessages":[],"meta":{}},{"ancestorTitles":["searchParams","parseSearchParams"],"fullName":"searchParams parseSearchParams handles invalid page numbers gracefully","status":"passed","title":"handles invalid page numbers gracefully","duration":0.20554200000003675,"failureMessages":[],"meta":{}},{"ancestorTitles":["searchParams","parseSearchParams"],"fullName":"searchParams parseSearchParams handles negative page numbers","status":"passed","title":"handles negative page numbers","duration":0.268291999999974,"failureMessages":[],"meta":{}},{"ancestorTitles":["searchParams","parseSearchParams"],"fullName":"searchParams parseSearchParams handles zero page number","status":"passed","title":"handles zero page number","duration":1.4872500000000173,"failureMessages":[],"meta":{}},{"ancestorTitles":["searchParams","parseSearchParams"],"fullName":"searchParams parseSearchParams handles URL-encoded query parameters","status":"passed","title":"handles URL-encoded query parameters","duration":0.31758300000001327,"failureMessages":[],"meta":{}},{"ancestorTitles":["searchParams","parseSearchParams"],"fullName":"searchParams parseSearchParams handles special characters in facet values","status":"passed","title":"handles special characters in facet values","duration":0.29004199999997127,"failureMessages":[],"meta":{}},{"ancestorTitles":["searchParams","parseSearchParams"],"fullName":"searchParams parseSearchParams parses advanced query clauses","status":"passed","title":"parses advanced query clauses","duration":0.20533399999999347,"failureMessages":[],"meta":{}},{"ancestorTitles":["searchParams","parseSearchParams"],"fullName":"searchParams parseSearchParams ignores malformed advanced clauses gracefully","status":"passed","title":"ignores malformed advanced clauses gracefully","duration":1.8837919999999713,"failureMessages":[],"meta":{}},{"ancestorTitles":["searchParams","parseSearchParams"],"fullName":"searchParams parseSearchParams logs debug information","status":"passed","title":"logs debug information","duration":2.9652909999999792,"failureMessages":[],"meta":{}},{"ancestorTitles":["searchParams","parseSearchParams"],"fullName":"searchParams parseSearchParams handles malformed facet field names","status":"passed","title":"handles malformed facet field names","duration":0.2559170000000677,"failureMessages":[],"meta":{}},{"ancestorTitles":["searchParams","buildSearchParams"],"fullName":"searchParams buildSearchParams builds basic search parameters","status":"passed","title":"builds basic search parameters","duration":0.2455000000001064,"failureMessages":[],"meta":{}},{"ancestorTitles":["searchParams","buildSearchParams"],"fullName":"searchParams buildSearchParams builds parameters with page > 1","status":"passed","title":"builds parameters with page > 1","duration":0.28899999999998727,"failureMessages":[],"meta":{}},{"ancestorTitles":["searchParams","buildSearchParams"],"fullName":"searchParams buildSearchParams builds parameters with custom perPage","status":"passed","title":"builds parameters with custom perPage","duration":2.7070830000000115,"failureMessages":[],"meta":{}},{"ancestorTitles":["searchParams","buildSearchParams"],"fullName":"searchParams buildSearchParams builds parameters with facets","status":"passed","title":"builds parameters with facets","duration":0.1349999999999909,"failureMessages":[],"meta":{}},{"ancestorTitles":["searchParams","buildSearchParams"],"fullName":"searchParams buildSearchParams builds parameters with multiple facets for same field","status":"passed","title":"builds parameters with multiple facets for same field","duration":0.1983749999999418,"failureMessages":[],"meta":{}},{"ancestorTitles":["searchParams","buildSearchParams"],"fullName":"searchParams buildSearchParams handles empty query","status":"passed","title":"handles empty query","duration":0.06491600000003928,"failureMessages":[],"meta":{}},{"ancestorTitles":["searchParams","buildSearchParams"],"fullName":"searchParams buildSearchParams handles complex facet field names","status":"passed","title":"handles complex facet field names","duration":0.09454199999993307,"failureMessages":[],"meta":{}},{"ancestorTitles":["searchParams","buildSearchParams"],"fullName":"searchParams buildSearchParams handles special characters in facet values","status":"passed","title":"handles special characters in facet values","duration":0.08983299999999872,"failureMessages":[],"meta":{}},{"ancestorTitles":["searchParams","buildSearchParams"],"fullName":"searchParams buildSearchParams handles URL-encoded values","status":"passed","title":"handles URL-encoded values","duration":0.0721250000000282,"failureMessages":[],"meta":{}},{"ancestorTitles":["searchParams","buildSearchParams"],"fullName":"searchParams buildSearchParams serializes advanced query clauses","status":"passed","title":"serializes advanced query clauses","duration":0.2062500000000682,"failureMessages":[],"meta":{}},{"ancestorTitles":["searchParams","buildSearchParams"],"fullName":"searchParams buildSearchParams omits advanced query when no clauses are provided","status":"passed","title":"omits advanced query when no clauses are provided","duration":0.20733300000006238,"failureMessages":[],"meta":{}},{"ancestorTitles":["searchParams","buildSearchParams"],"fullName":"searchParams buildSearchParams handles very long query strings","status":"passed","title":"handles very long query strings","duration":0.08016699999996035,"failureMessages":[],"meta":{}},{"ancestorTitles":["searchParams","buildSearchParams"],"fullName":"searchParams buildSearchParams handles numeric facet values","status":"passed","title":"handles numeric facet values","duration":0.08779200000003584,"failureMessages":[],"meta":{}},{"ancestorTitles":["searchParams","buildSearchParams"],"fullName":"searchParams buildSearchParams handles empty facet values","status":"passed","title":"handles empty facet values","duration":0.078583999999978,"failureMessages":[],"meta":{}},{"ancestorTitles":["searchParams","Integration Tests"],"fullName":"searchParams Integration Tests parseSearchParams and buildSearchParams work together","status":"passed","title":"parseSearchParams and buildSearchParams work together","duration":0.13612499999999272,"failureMessages":[],"meta":{}},{"ancestorTitles":["searchParams","Integration Tests"],"fullName":"searchParams Integration Tests handles round-trip conversion for complex parameters","status":"passed","title":"handles round-trip conversion for complex parameters","duration":0.11245900000005804,"failureMessages":[],"meta":{}},{"ancestorTitles":["searchParams","Integration Tests"],"fullName":"searchParams Integration Tests maintains consistency with real-world search scenarios","status":"passed","title":"maintains consistency with real-world search scenarios","duration":0.33187499999996817,"failureMessages":[],"meta":{}},{"ancestorTitles":["searchParams","Integration Tests"],"fullName":"searchParams Integration Tests handles edge cases in round-trip conversion","status":"passed","title":"handles edge cases in round-trip conversion","duration":0.1688329999999496,"failureMessages":[],"meta":{}}],"startTime":1767907459505,"endTime":1767907459523.169,"status":"passed","message":"","name":"/Users/ewlarson/Python/clients/b1g/data-api/frontend/src/__tests__/utils/searchParams.test.ts"},{"assertionResults":[{"ancestorTitles":["urlHelpers","parseFacetUrl"],"fullName":"urlHelpers parseFacetUrl parses a valid facet URL with single parameter","status":"passed","title":"parses a valid facet URL with single parameter","duration":2.6854589999999234,"failureMessages":[],"meta":{}},{"ancestorTitles":["urlHelpers","parseFacetUrl"],"fullName":"urlHelpers parseFacetUrl parses a valid facet URL with multiple parameters","status":"passed","title":"parses a valid facet URL with multiple parameters","duration":0.32733299999995324,"failureMessages":[],"meta":{}},{"ancestorTitles":["urlHelpers","parseFacetUrl"],"fullName":"urlHelpers parseFacetUrl handles URL-encoded values correctly","status":"passed","title":"handles URL-encoded values correctly","duration":0.169208000000026,"failureMessages":[],"meta":{}},{"ancestorTitles":["urlHelpers","parseFacetUrl"],"fullName":"urlHelpers parseFacetUrl handles complex field names","status":"passed","title":"handles complex field names","duration":0.12208300000008876,"failureMessages":[],"meta":{}},{"ancestorTitles":["urlHelpers","parseFacetUrl"],"fullName":"urlHelpers parseFacetUrl returns null for URLs without facet parameters","status":"passed","title":"returns null for URLs without facet parameters","duration":0.17804200000000492,"failureMessages":[],"meta":{}},{"ancestorTitles":["urlHelpers","parseFacetUrl"],"fullName":"urlHelpers parseFacetUrl returns null for URLs that do not start with /catalog","status":"passed","title":"returns null for URLs that do not start with /catalog","duration":0.1306250000000091,"failureMessages":[],"meta":{}},{"ancestorTitles":["urlHelpers","parseFacetUrl"],"fullName":"urlHelpers parseFacetUrl returns null for malformed URLs","status":"passed","title":"returns null for malformed URLs","duration":0.05741699999998673,"failureMessages":[],"meta":{}},{"ancestorTitles":["urlHelpers","parseFacetUrl"],"fullName":"urlHelpers parseFacetUrl handles empty search parameters","status":"passed","title":"handles empty search parameters","duration":0.04887500000006639,"failureMessages":[],"meta":{}},{"ancestorTitles":["urlHelpers","parseFacetUrl"],"fullName":"urlHelpers parseFacetUrl handles URLs with non-facet parameters","status":"passed","title":"handles URLs with non-facet parameters","duration":0.15345800000000054,"failureMessages":[],"meta":{}},{"ancestorTitles":["urlHelpers","parseFacetUrl"],"fullName":"urlHelpers parseFacetUrl logs error for invalid URLs","status":"passed","title":"logs error for invalid URLs","duration":1.543374999999969,"failureMessages":[],"meta":{}},{"ancestorTitles":["urlHelpers","parseFacetUrl"],"fullName":"urlHelpers parseFacetUrl handles URLs with special characters in field names","status":"passed","title":"handles URLs with special characters in field names","duration":0.10366699999997309,"failureMessages":[],"meta":{}},{"ancestorTitles":["urlHelpers","parseFacetUrl"],"fullName":"urlHelpers parseFacetUrl handles URLs with special characters in values","status":"passed","title":"handles URLs with special characters in values","duration":0.16700000000003,"failureMessages":[],"meta":{}},{"ancestorTitles":["urlHelpers","createFacetSearchUrl"],"fullName":"urlHelpers createFacetSearchUrl creates a valid facet search URL with basic parameters","status":"passed","title":"creates a valid facet search URL with basic parameters","duration":0.3224999999999909,"failureMessages":[],"meta":{}},{"ancestorTitles":["urlHelpers","createFacetSearchUrl"],"fullName":"urlHelpers createFacetSearchUrl creates URL with resource class facet","status":"passed","title":"creates URL with resource class facet","duration":0.27083299999992505,"failureMessages":[],"meta":{}},{"ancestorTitles":["urlHelpers","createFacetSearchUrl"],"fullName":"urlHelpers createFacetSearchUrl creates URL with temporal facet","status":"passed","title":"creates URL with temporal facet","duration":0.14091599999994742,"failureMessages":[],"meta":{}},{"ancestorTitles":["urlHelpers","createFacetSearchUrl"],"fullName":"urlHelpers createFacetSearchUrl handles special characters in field names","status":"passed","title":"handles special characters in field names","duration":0.07383299999992232,"failureMessages":[],"meta":{}},{"ancestorTitles":["urlHelpers","createFacetSearchUrl"],"fullName":"urlHelpers createFacetSearchUrl handles special characters in values","status":"passed","title":"handles special characters in values","duration":0.06941599999993286,"failureMessages":[],"meta":{}},{"ancestorTitles":["urlHelpers","createFacetSearchUrl"],"fullName":"urlHelpers createFacetSearchUrl handles empty field name","status":"passed","title":"handles empty field name","duration":0.11741599999993468,"failureMessages":[],"meta":{}},{"ancestorTitles":["urlHelpers","createFacetSearchUrl"],"fullName":"urlHelpers createFacetSearchUrl handles empty value","status":"passed","title":"handles empty value","duration":0.06687499999998181,"failureMessages":[],"meta":{}},{"ancestorTitles":["urlHelpers","createFacetSearchUrl"],"fullName":"urlHelpers createFacetSearchUrl handles numeric values","status":"passed","title":"handles numeric values","duration":0.12337500000001,"failureMessages":[],"meta":{}},{"ancestorTitles":["urlHelpers","createFacetSearchUrl"],"fullName":"urlHelpers createFacetSearchUrl handles complex field names with underscores","status":"passed","title":"handles complex field names with underscores","duration":0.05841599999996561,"failureMessages":[],"meta":{}},{"ancestorTitles":["urlHelpers","createFacetSearchUrl"],"fullName":"urlHelpers createFacetSearchUrl handles values with spaces and special characters","status":"passed","title":"handles values with spaces and special characters","duration":0.06512499999996635,"failureMessages":[],"meta":{}},{"ancestorTitles":["urlHelpers","createFacetSearchUrl"],"fullName":"urlHelpers createFacetSearchUrl creates URL with proper encoding for international characters","status":"passed","title":"creates URL with proper encoding for international characters","duration":0.06766600000003109,"failureMessages":[],"meta":{}},{"ancestorTitles":["urlHelpers","createFacetSearchUrl"],"fullName":"urlHelpers createFacetSearchUrl handles very long field names","status":"passed","title":"handles very long field names","duration":0.1504170000000613,"failureMessages":[],"meta":{}},{"ancestorTitles":["urlHelpers","createFacetSearchUrl"],"fullName":"urlHelpers createFacetSearchUrl handles very long values","status":"passed","title":"handles very long values","duration":0.09816699999998946,"failureMessages":[],"meta":{}},{"ancestorTitles":["urlHelpers","Integration Tests"],"fullName":"urlHelpers Integration Tests parseFacetUrl and createFacetSearchUrl work together","status":"passed","title":"parseFacetUrl and createFacetSearchUrl work together","duration":0.08266600000001745,"failureMessages":[],"meta":{}},{"ancestorTitles":["urlHelpers","Integration Tests"],"fullName":"urlHelpers Integration Tests handles round-trip conversion for complex values","status":"passed","title":"handles round-trip conversion for complex values","duration":0.11608300000000327,"failureMessages":[],"meta":{}},{"ancestorTitles":["urlHelpers","Integration Tests"],"fullName":"urlHelpers Integration Tests maintains consistency with real-world facet data","status":"passed","title":"maintains consistency with real-world facet data","duration":0.21470799999997325,"failureMessages":[],"meta":{}}],"startTime":1767907459709,"endTime":1767907459717.2146,"status":"passed","message":"","name":"/Users/ewlarson/Python/clients/b1g/data-api/frontend/src/__tests__/utils/urlHelpers.test.ts"}]}