{"numTotalTestSuites":177,"numPassedTestSuites":106,"numFailedTestSuites":71,"numPendingTestSuites":0,"numTotalTests":528,"numPassedTests":379,"numFailedTests":149,"numPendingTests":0,"numTodoTests":0,"snapshot":{"added":0,"failure":false,"filesAdded":0,"filesRemoved":0,"filesRemovedList":[],"filesUnmatched":0,"filesUpdated":0,"matched":0,"total":0,"unchecked":0,"uncheckedKeysByFile":[],"unmatched":0,"updated":0,"didUpdate":false},"startTime":1767906308390,"success":false,"testResults":[{"assertionResults":[{"ancestorTitles":["AdvancedSearchBuilder"],"fullName":"AdvancedSearchBuilder renders provided clauses","status":"failed","title":"renders provided clauses","duration":17.537958000000003,"failureMessages":["Error: useLocation() may be used only in the context of a <Router> component.\n    at invariant (file:///Users/ewlarson/Python/clients/b1g/data-api/frontend/node_modules/react-router/dist/development/chunk-JMJ3UQ3L.mjs:188:11)\n    at useLocation (file:///Users/ewlarson/Python/clients/b1g/data-api/frontend/node_modules/react-router/dist/development/chunk-JMJ3UQ3L.mjs:5503:3)\n    at Module.useSearchParams (file:///Users/ewlarson/Python/clients/b1g/data-api/frontend/node_modules/react-router/dist/development/chunk-JMJ3UQ3L.mjs:10157:18)\n    at AdvancedSearchBuilder (/Users/ewlarson/Python/clients/b1g/data-api/frontend/src/components/search/AdvancedSearchBuilder.tsx:71:3)\n    at renderWithHooks (/Users/ewlarson/Python/clients/b1g/data-api/frontend/node_modules/react-dom/cjs/react-dom.development.js:15486:18)\n    at mountIndeterminateComponent (/Users/ewlarson/Python/clients/b1g/data-api/frontend/node_modules/react-dom/cjs/react-dom.development.js:20103:13)\n    at beginWork (/Users/ewlarson/Python/clients/b1g/data-api/frontend/node_modules/react-dom/cjs/react-dom.development.js:21626:16)\n    at HTMLUnknownElement.callCallback (/Users/ewlarson/Python/clients/b1g/data-api/frontend/node_modules/react-dom/cjs/react-dom.development.js:4164:14)\n    at HTMLUnknownElement.#callDispatchEventListeners (file:///Users/ewlarson/Python/clients/b1g/data-api/frontend/node_modules/happy-dom/src/event/EventTarget.ts:289:42)\n    at HTMLUnknownElement.dispatchEvent (file:///Users/ewlarson/Python/clients/b1g/data-api/frontend/node_modules/happy-dom/src/event/EventTarget.ts:136:35)"],"meta":{}},{"ancestorTitles":["AdvancedSearchBuilder"],"fullName":"AdvancedSearchBuilder adds a new condition row","status":"failed","title":"adds a new condition row","duration":2.5790419999999585,"failureMessages":["Error: useLocation() may be used only in the context of a <Router> component.\n    at invariant (file:///Users/ewlarson/Python/clients/b1g/data-api/frontend/node_modules/react-router/dist/development/chunk-JMJ3UQ3L.mjs:188:11)\n    at useLocation (file:///Users/ewlarson/Python/clients/b1g/data-api/frontend/node_modules/react-router/dist/development/chunk-JMJ3UQ3L.mjs:5503:3)\n    at Module.useSearchParams (file:///Users/ewlarson/Python/clients/b1g/data-api/frontend/node_modules/react-router/dist/development/chunk-JMJ3UQ3L.mjs:10157:18)\n    at AdvancedSearchBuilder (/Users/ewlarson/Python/clients/b1g/data-api/frontend/src/components/search/AdvancedSearchBuilder.tsx:71:3)\n    at renderWithHooks (/Users/ewlarson/Python/clients/b1g/data-api/frontend/node_modules/react-dom/cjs/react-dom.development.js:15486:18)\n    at mountIndeterminateComponent (/Users/ewlarson/Python/clients/b1g/data-api/frontend/node_modules/react-dom/cjs/react-dom.development.js:20103:13)\n    at beginWork (/Users/ewlarson/Python/clients/b1g/data-api/frontend/node_modules/react-dom/cjs/react-dom.development.js:21626:16)\n    at HTMLUnknownElement.callCallback (/Users/ewlarson/Python/clients/b1g/data-api/frontend/node_modules/react-dom/cjs/react-dom.development.js:4164:14)\n    at HTMLUnknownElement.#callDispatchEventListeners (file:///Users/ewlarson/Python/clients/b1g/data-api/frontend/node_modules/happy-dom/src/event/EventTarget.ts:289:42)\n    at HTMLUnknownElement.dispatchEvent (file:///Users/ewlarson/Python/clients/b1g/data-api/frontend/node_modules/happy-dom/src/event/EventTarget.ts:136:35)"],"meta":{}},{"ancestorTitles":["AdvancedSearchBuilder"],"fullName":"AdvancedSearchBuilder calls onApply with sanitized clauses","status":"failed","title":"calls onApply with sanitized clauses","duration":1.44662500000004,"failureMessages":["Error: useLocation() may be used only in the context of a <Router> component.\n    at invariant (file:///Users/ewlarson/Python/clients/b1g/data-api/frontend/node_modules/react-router/dist/development/chunk-JMJ3UQ3L.mjs:188:11)\n    at useLocation (file:///Users/ewlarson/Python/clients/b1g/data-api/frontend/node_modules/react-router/dist/development/chunk-JMJ3UQ3L.mjs:5503:3)\n    at Module.useSearchParams (file:///Users/ewlarson/Python/clients/b1g/data-api/frontend/node_modules/react-router/dist/development/chunk-JMJ3UQ3L.mjs:10157:18)\n    at AdvancedSearchBuilder (/Users/ewlarson/Python/clients/b1g/data-api/frontend/src/components/search/AdvancedSearchBuilder.tsx:71:3)\n    at renderWithHooks (/Users/ewlarson/Python/clients/b1g/data-api/frontend/node_modules/react-dom/cjs/react-dom.development.js:15486:18)\n    at mountIndeterminateComponent (/Users/ewlarson/Python/clients/b1g/data-api/frontend/node_modules/react-dom/cjs/react-dom.development.js:20103:13)\n    at beginWork (/Users/ewlarson/Python/clients/b1g/data-api/frontend/node_modules/react-dom/cjs/react-dom.development.js:21626:16)\n    at HTMLUnknownElement.callCallback (/Users/ewlarson/Python/clients/b1g/data-api/frontend/node_modules/react-dom/cjs/react-dom.development.js:4164:14)\n    at HTMLUnknownElement.#callDispatchEventListeners (file:///Users/ewlarson/Python/clients/b1g/data-api/frontend/node_modules/happy-dom/src/event/EventTarget.ts:289:42)\n    at HTMLUnknownElement.dispatchEvent (file:///Users/ewlarson/Python/clients/b1g/data-api/frontend/node_modules/happy-dom/src/event/EventTarget.ts:136:35)"],"meta":{}},{"ancestorTitles":["AdvancedSearchBuilder"],"fullName":"AdvancedSearchBuilder calls onApply with empty array when no value entered","status":"failed","title":"calls onApply with empty array when no value entered","duration":1.194417000000044,"failureMessages":["Error: useLocation() may be used only in the context of a <Router> component.\n    at invariant (file:///Users/ewlarson/Python/clients/b1g/data-api/frontend/node_modules/react-router/dist/development/chunk-JMJ3UQ3L.mjs:188:11)\n    at useLocation (file:///Users/ewlarson/Python/clients/b1g/data-api/frontend/node_modules/react-router/dist/development/chunk-JMJ3UQ3L.mjs:5503:3)\n    at Module.useSearchParams (file:///Users/ewlarson/Python/clients/b1g/data-api/frontend/node_modules/react-router/dist/development/chunk-JMJ3UQ3L.mjs:10157:18)\n    at AdvancedSearchBuilder (/Users/ewlarson/Python/clients/b1g/data-api/frontend/src/components/search/AdvancedSearchBuilder.tsx:71:3)\n    at renderWithHooks (/Users/ewlarson/Python/clients/b1g/data-api/frontend/node_modules/react-dom/cjs/react-dom.development.js:15486:18)\n    at mountIndeterminateComponent (/Users/ewlarson/Python/clients/b1g/data-api/frontend/node_modules/react-dom/cjs/react-dom.development.js:20103:13)\n    at beginWork (/Users/ewlarson/Python/clients/b1g/data-api/frontend/node_modules/react-dom/cjs/react-dom.development.js:21626:16)\n    at HTMLUnknownElement.callCallback (/Users/ewlarson/Python/clients/b1g/data-api/frontend/node_modules/react-dom/cjs/react-dom.development.js:4164:14)\n    at HTMLUnknownElement.#callDispatchEventListeners (file:///Users/ewlarson/Python/clients/b1g/data-api/frontend/node_modules/happy-dom/src/event/EventTarget.ts:289:42)\n    at HTMLUnknownElement.dispatchEvent (file:///Users/ewlarson/Python/clients/b1g/data-api/frontend/node_modules/happy-dom/src/event/EventTarget.ts:136:35)"],"meta":{}},{"ancestorTitles":["AdvancedSearchBuilder"],"fullName":"AdvancedSearchBuilder calls onReset handler","status":"failed","title":"calls onReset handler","duration":1.1120829999999842,"failureMessages":["Error: useLocation() may be used only in the context of a <Router> component.\n    at invariant (file:///Users/ewlarson/Python/clients/b1g/data-api/frontend/node_modules/react-router/dist/development/chunk-JMJ3UQ3L.mjs:188:11)\n    at useLocation (file:///Users/ewlarson/Python/clients/b1g/data-api/frontend/node_modules/react-router/dist/development/chunk-JMJ3UQ3L.mjs:5503:3)\n    at Module.useSearchParams (file:///Users/ewlarson/Python/clients/b1g/data-api/frontend/node_modules/react-router/dist/development/chunk-JMJ3UQ3L.mjs:10157:18)\n    at AdvancedSearchBuilder (/Users/ewlarson/Python/clients/b1g/data-api/frontend/src/components/search/AdvancedSearchBuilder.tsx:71:3)\n    at renderWithHooks (/Users/ewlarson/Python/clients/b1g/data-api/frontend/node_modules/react-dom/cjs/react-dom.development.js:15486:18)\n    at mountIndeterminateComponent (/Users/ewlarson/Python/clients/b1g/data-api/frontend/node_modules/react-dom/cjs/react-dom.development.js:20103:13)\n    at beginWork (/Users/ewlarson/Python/clients/b1g/data-api/frontend/node_modules/react-dom/cjs/react-dom.development.js:21626:16)\n    at HTMLUnknownElement.callCallback (/Users/ewlarson/Python/clients/b1g/data-api/frontend/node_modules/react-dom/cjs/react-dom.development.js:4164:14)\n    at HTMLUnknownElement.#callDispatchEventListeners (file:///Users/ewlarson/Python/clients/b1g/data-api/frontend/node_modules/happy-dom/src/event/EventTarget.ts:289:42)\n    at HTMLUnknownElement.dispatchEvent (file:///Users/ewlarson/Python/clients/b1g/data-api/frontend/node_modules/happy-dom/src/event/EventTarget.ts:136:35)"],"meta":{}},{"ancestorTitles":["AdvancedSearchBuilder"],"fullName":"AdvancedSearchBuilder calls onCancel handler","status":"failed","title":"calls onCancel handler","duration":0.8486659999999802,"failureMessages":["Error: useLocation() may be used only in the context of a <Router> component.\n    at invariant (file:///Users/ewlarson/Python/clients/b1g/data-api/frontend/node_modules/react-router/dist/development/chunk-JMJ3UQ3L.mjs:188:11)\n    at useLocation (file:///Users/ewlarson/Python/clients/b1g/data-api/frontend/node_modules/react-router/dist/development/chunk-JMJ3UQ3L.mjs:5503:3)\n    at Module.useSearchParams (file:///Users/ewlarson/Python/clients/b1g/data-api/frontend/node_modules/react-router/dist/development/chunk-JMJ3UQ3L.mjs:10157:18)\n    at AdvancedSearchBuilder (/Users/ewlarson/Python/clients/b1g/data-api/frontend/src/components/search/AdvancedSearchBuilder.tsx:71:3)\n    at renderWithHooks (/Users/ewlarson/Python/clients/b1g/data-api/frontend/node_modules/react-dom/cjs/react-dom.development.js:15486:18)\n    at mountIndeterminateComponent (/Users/ewlarson/Python/clients/b1g/data-api/frontend/node_modules/react-dom/cjs/react-dom.development.js:20103:13)\n    at beginWork (/Users/ewlarson/Python/clients/b1g/data-api/frontend/node_modules/react-dom/cjs/react-dom.development.js:21626:16)\n    at HTMLUnknownElement.callCallback (/Users/ewlarson/Python/clients/b1g/data-api/frontend/node_modules/react-dom/cjs/react-dom.development.js:4164:14)\n    at HTMLUnknownElement.#callDispatchEventListeners (file:///Users/ewlarson/Python/clients/b1g/data-api/frontend/node_modules/happy-dom/src/event/EventTarget.ts:289:42)\n    at HTMLUnknownElement.dispatchEvent (file:///Users/ewlarson/Python/clients/b1g/data-api/frontend/node_modules/happy-dom/src/event/EventTarget.ts:136:35)"],"meta":{}}],"startTime":1767906310164,"endTime":1767906310188.8486,"status":"failed","message":"","name":"/Users/ewlarson/Python/clients/b1g/data-api/frontend/src/__tests__/components/AdvancedSearchBuilder.test.tsx"},{"assertionResults":[{"ancestorTitles":["BookmarkButton","Basic Rendering"],"fullName":"BookmarkButton Basic Rendering renders bookmark button with correct initial state","status":"passed","title":"renders bookmark button with correct initial state","duration":17.844041000000004,"failureMessages":[],"meta":{}},{"ancestorTitles":["BookmarkButton","Basic Rendering"],"fullName":"BookmarkButton Basic Rendering renders with correct styling classes","status":"passed","title":"renders with correct styling classes","duration":2.7870410000000447,"failureMessages":[],"meta":{}},{"ancestorTitles":["BookmarkButton","Basic Rendering"],"fullName":"BookmarkButton Basic Rendering renders bookmark icon","status":"passed","title":"renders bookmark icon","duration":2.8770410000000197,"failureMessages":[],"meta":{}},{"ancestorTitles":["BookmarkButton","Bookmark State Management"],"fullName":"BookmarkButton Bookmark State Management shows bookmarked state when item is bookmarked","status":"passed","title":"shows bookmarked state when item is bookmarked","duration":5.3129579999999805,"failureMessages":[],"meta":{}},{"ancestorTitles":["BookmarkButton","Bookmark State Management"],"fullName":"BookmarkButton Bookmark State Management shows unbookmarked state when item is not bookmarked","status":"passed","title":"shows unbookmarked state when item is not bookmarked","duration":2.349625000000003,"failureMessages":[],"meta":{}},{"ancestorTitles":["BookmarkButton","Bookmark State Management"],"fullName":"BookmarkButton Bookmark State Management toggles bookmark state correctly","status":"passed","title":"toggles bookmark state correctly","duration":4.882749999999987,"failureMessages":[],"meta":{}},{"ancestorTitles":["BookmarkButton","Click Handling"],"fullName":"BookmarkButton Click Handling calls addBookmark when item is not bookmarked","status":"passed","title":"calls addBookmark when item is not bookmarked","duration":3.1504580000000146,"failureMessages":[],"meta":{}},{"ancestorTitles":["BookmarkButton","Click Handling"],"fullName":"BookmarkButton Click Handling calls removeBookmark when item is bookmarked","status":"passed","title":"calls removeBookmark when item is bookmarked","duration":2.3745420000000195,"failureMessages":[],"meta":{}},{"ancestorTitles":["BookmarkButton","Click Handling"],"fullName":"BookmarkButton Click Handling prevents default event behavior on click","status":"passed","title":"prevents default event behavior on click","duration":1.7771250000000123,"failureMessages":[],"meta":{}},{"ancestorTitles":["BookmarkButton","Icon Rendering"],"fullName":"BookmarkButton Icon Rendering renders unfilled icon when not bookmarked","status":"passed","title":"renders unfilled icon when not bookmarked","duration":1.4785829999999578,"failureMessages":[],"meta":{}},{"ancestorTitles":["BookmarkButton","Icon Rendering"],"fullName":"BookmarkButton Icon Rendering renders filled icon when bookmarked","status":"passed","title":"renders filled icon when bookmarked","duration":2.357083999999986,"failureMessages":[],"meta":{}},{"ancestorTitles":["BookmarkButton","Accessibility"],"fullName":"BookmarkButton Accessibility has correct aria-label for unbookmarked state","status":"passed","title":"has correct aria-label for unbookmarked state","duration":1.2737919999999576,"failureMessages":[],"meta":{}},{"ancestorTitles":["BookmarkButton","Accessibility"],"fullName":"BookmarkButton Accessibility has correct aria-label for bookmarked state","status":"passed","title":"has correct aria-label for bookmarked state","duration":2.0277500000000828,"failureMessages":[],"meta":{}},{"ancestorTitles":["BookmarkButton","Accessibility"],"fullName":"BookmarkButton Accessibility is keyboard accessible","status":"passed","title":"is keyboard accessible","duration":2.010582999999997,"failureMessages":[],"meta":{}},{"ancestorTitles":["BookmarkButton","Multiple Items"],"fullName":"BookmarkButton Multiple Items handles multiple bookmark buttons independently","status":"passed","title":"handles multiple bookmark buttons independently","duration":4.851500000000101,"failureMessages":[],"meta":{}},{"ancestorTitles":["BookmarkButton","Multiple Items"],"fullName":"BookmarkButton Multiple Items maintains correct state for each item","status":"passed","title":"maintains correct state for each item","duration":2.9222919999999704,"failureMessages":[],"meta":{}},{"ancestorTitles":["BookmarkButton","Edge Cases"],"fullName":"BookmarkButton Edge Cases handles empty itemId","status":"passed","title":"handles empty itemId","duration":4.747749999999996,"failureMessages":[],"meta":{}},{"ancestorTitles":["BookmarkButton","Edge Cases"],"fullName":"BookmarkButton Edge Cases handles special characters in itemId","status":"passed","title":"handles special characters in itemId","duration":1.0727080000000342,"failureMessages":[],"meta":{}},{"ancestorTitles":["BookmarkButton","Edge Cases"],"fullName":"BookmarkButton Edge Cases handles very long itemId","status":"passed","title":"handles very long itemId","duration":0.8466670000000249,"failureMessages":[],"meta":{}},{"ancestorTitles":["BookmarkButton","Edge Cases"],"fullName":"BookmarkButton Edge Cases handles rapid clicking","status":"passed","title":"handles rapid clicking","duration":2.151707999999985,"failureMessages":[],"meta":{}},{"ancestorTitles":["BookmarkButton","Integration with BookmarkContext"],"fullName":"BookmarkButton Integration with BookmarkContext reflects changes from external bookmark operations","status":"passed","title":"reflects changes from external bookmark operations","duration":1.7598749999999654,"failureMessages":[],"meta":{}},{"ancestorTitles":["BookmarkButton","Integration with BookmarkContext"],"fullName":"BookmarkButton Integration with BookmarkContext works with different item IDs","status":"passed","title":"works with different item IDs","duration":2.366957999999954,"failureMessages":[],"meta":{}},{"ancestorTitles":["BookmarkButton","Real Fixture Data Integration"],"fullName":"BookmarkButton Real Fixture Data Integration works with MIT Libraries fixture data","status":"passed","title":"works with MIT Libraries fixture data","duration":1.9146670000000086,"failureMessages":[],"meta":{}},{"ancestorTitles":["BookmarkButton","Real Fixture Data Integration"],"fullName":"BookmarkButton Real Fixture Data Integration works with NYU Libraries fixture data","status":"passed","title":"works with NYU Libraries fixture data","duration":0.9487910000000284,"failureMessages":[],"meta":{}},{"ancestorTitles":["BookmarkButton","Real Fixture Data Integration"],"fullName":"BookmarkButton Real Fixture Data Integration works with Tufts University fixture data","status":"passed","title":"works with Tufts University fixture data","duration":1.190166999999974,"failureMessages":[],"meta":{}},{"ancestorTitles":["BookmarkButton","Real Fixture Data Integration"],"fullName":"BookmarkButton Real Fixture Data Integration works with Stanford University fixture data","status":"passed","title":"works with Stanford University fixture data","duration":1.0157500000000255,"failureMessages":[],"meta":{}}],"startTime":1767906311395,"endTime":1767906311474.0159,"status":"passed","message":"","name":"/Users/ewlarson/Python/clients/b1g/data-api/frontend/src/__tests__/components/BookmarkButton.test.tsx"},{"assertionResults":[{"ancestorTitles":["FacetList Component","Basic Rendering"],"fullName":"FacetList Component Basic Rendering renders facets when data is provided","status":"passed","title":"renders facets when data is provided","duration":23.82045899999997,"failureMessages":[],"meta":{}},{"ancestorTitles":["FacetList Component","Basic Rendering"],"fullName":"FacetList Component Basic Rendering renders facets when items are compact tuples","status":"passed","title":"renders facets when items are compact tuples","duration":2.6399170000000254,"failureMessages":[],"meta":{}},{"ancestorTitles":["FacetList Component","Basic Rendering"],"fullName":"FacetList Component Basic Rendering displays hit counts for each facet item","status":"passed","title":"displays hit counts for each facet item","duration":11.078332999999986,"failureMessages":[],"meta":{}},{"ancestorTitles":["FacetList Component","Basic Rendering"],"fullName":"FacetList Component Basic Rendering renders facets in the correct order based on CONFIGURED_FACETS","status":"passed","title":"renders facets in the correct order based on CONFIGURED_FACETS","duration":11.981208999999978,"failureMessages":[],"meta":{}},{"ancestorTitles":["FacetList Component","Empty States"],"fullName":"FacetList Component Empty States displays message when no facets are provided","status":"passed","title":"displays message when no facets are provided","duration":1.2407909999999447,"failureMessages":[],"meta":{}},{"ancestorTitles":["FacetList Component","Empty States"],"fullName":"FacetList Component Empty States displays message when facets is null","status":"passed","title":"displays message when facets is null","duration":0.9507909999999811,"failureMessages":[],"meta":{}},{"ancestorTitles":["FacetList Component","Empty States"],"fullName":"FacetList Component Empty States displays message when facets have no items","status":"passed","title":"displays message when facets have no items","duration":0.9516250000000355,"failureMessages":[],"meta":{}},{"ancestorTitles":["FacetList Component","Empty States"],"fullName":"FacetList Component Empty States filters out facets with no items","status":"passed","title":"filters out facets with no items","duration":1.615083000000027,"failureMessages":[],"meta":{}},{"ancestorTitles":["FacetList Component","Facet Interaction"],"fullName":"FacetList Component Facet Interaction renders facet items as clickable buttons","status":"passed","title":"renders facet items as clickable buttons","duration":15.522375000000011,"failureMessages":[],"meta":{}},{"ancestorTitles":["FacetList Component","Facet Interaction"],"fullName":"FacetList Component Facet Interaction applies correct styling to inactive facets","status":"passed","title":"applies correct styling to inactive facets","duration":9.551832999999988,"failureMessages":[],"meta":{}},{"ancestorTitles":["FacetList Component","Facet Interaction"],"fullName":"FacetList Component Facet Interaction applies correct styling to active facets","status":"passed","title":"applies correct styling to active facets","duration":8.510042000000112,"failureMessages":[],"meta":{}},{"ancestorTitles":["FacetList Component","Facet Interaction"],"fullName":"FacetList Component Facet Interaction shows remove indicator (×) for active facets","status":"passed","title":"shows remove indicator (×) for active facets","duration":11.020875000000046,"failureMessages":[],"meta":{}},{"ancestorTitles":["FacetList Component","Facet Interaction"],"fullName":"FacetList Component Facet Interaction does not show remove indicator for inactive facets","status":"passed","title":"does not show remove indicator for inactive facets","duration":8.244624999999928,"failureMessages":[],"meta":{}},{"ancestorTitles":["FacetList Component","\"More\" facet modal trigger"],"fullName":"FacetList Component \"More\" facet modal trigger renders a \"More »\" button when there are more than 10 items","status":"passed","title":"renders a \"More »\" button when there are more than 10 items","duration":10.603042000000073,"failureMessages":[],"meta":{}},{"ancestorTitles":["FacetList Component","\"More\" facet modal trigger"],"fullName":"FacetList Component \"More\" facet modal trigger does not render \"More »\" button when there are 10 or fewer items","status":"passed","title":"does not render \"More »\" button when there are 10 or fewer items","duration":7.959790999999996,"failureMessages":[],"meta":{}},{"ancestorTitles":["FacetList Component","\"More\" facet modal trigger"],"fullName":"FacetList Component \"More\" facet modal trigger opens the facet modal when \"More »\" is clicked","status":"passed","title":"opens the facet modal when \"More »\" is clicked","duration":27.49025000000006,"failureMessages":[],"meta":{}},{"ancestorTitles":["FacetList Component","Facet Filtering Logic"],"fullName":"FacetList Component Facet Filtering Logic only shows facets that are in CONFIGURED_FACETS","status":"passed","title":"only shows facets that are in CONFIGURED_FACETS","duration":5.765125000000012,"failureMessages":[],"meta":{}},{"ancestorTitles":["FacetList Component","Facet Filtering Logic"],"fullName":"FacetList Component Facet Filtering Logic handles facets with missing items attribute","status":"passed","title":"handles facets with missing items attribute","duration":0.8283750000000509,"failureMessages":[],"meta":{}},{"ancestorTitles":["FacetList Component","URL Parameter Handling"],"fullName":"FacetList Component URL Parameter Handling correctly identifies active facets from URL parameters","status":"passed","title":"correctly identifies active facets from URL parameters","duration":8.057708000000048,"failureMessages":[],"meta":{}},{"ancestorTitles":["FacetList Component","URL Parameter Handling"],"fullName":"FacetList Component URL Parameter Handling handles multiple values for the same facet","status":"passed","title":"handles multiple values for the same facet","duration":7.777499999999918,"failureMessages":[],"meta":{}},{"ancestorTitles":["FacetList Component","URL Parameter Handling"],"fullName":"FacetList Component URL Parameter Handling handles numeric facet values","status":"passed","title":"handles numeric facet values","duration":2.336582999999905,"failureMessages":[],"meta":{}},{"ancestorTitles":["FacetList Component","Accessibility"],"fullName":"FacetList Component Accessibility has proper heading structure","status":"passed","title":"has proper heading structure","duration":13.40341699999999,"failureMessages":[],"meta":{}},{"ancestorTitles":["FacetList Component","Accessibility"],"fullName":"FacetList Component Accessibility has proper button roles and labels","status":"passed","title":"has proper button roles and labels","duration":7.917792000000077,"failureMessages":[],"meta":{}},{"ancestorTitles":["FacetList Component","Accessibility"],"fullName":"FacetList Component Accessibility provides hover states for interactive elements","status":"passed","title":"provides hover states for interactive elements","duration":5.718958000000043,"failureMessages":[],"meta":{}},{"ancestorTitles":["FacetList Component","Edge Cases"],"fullName":"FacetList Component Edge Cases handles facets with special characters in values","status":"passed","title":"handles facets with special characters in values","duration":6.746083999999996,"failureMessages":[],"meta":{}},{"ancestorTitles":["FacetList Component","Edge Cases"],"fullName":"FacetList Component Edge Cases handles facets with very long labels","status":"passed","title":"handles facets with very long labels","duration":0.9670419999999922,"failureMessages":[],"meta":{}},{"ancestorTitles":["FacetList Component","Edge Cases"],"fullName":"FacetList Component Edge Cases handles facets with zero hits","status":"passed","title":"handles facets with zero hits","duration":1.217333999999937,"failureMessages":[],"meta":{}},{"ancestorTitles":["FacetList Component","Edge Cases"],"fullName":"FacetList Component Edge Cases handles facets with very high hit counts","status":"passed","title":"handles facets with very high hit counts","duration":1.9809999999999945,"failureMessages":[],"meta":{}},{"ancestorTitles":["FacetList Component","Styling and CSS Classes"],"fullName":"FacetList Component Styling and CSS Classes applies correct container styling","status":"passed","title":"applies correct container styling","duration":7.84112499999992,"failureMessages":[],"meta":{}},{"ancestorTitles":["FacetList Component","Styling and CSS Classes"],"fullName":"FacetList Component Styling and CSS Classes applies correct facet section styling","status":"passed","title":"applies correct facet section styling","duration":3.040083000000095,"failureMessages":[],"meta":{}},{"ancestorTitles":["FacetList Component","Styling and CSS Classes"],"fullName":"FacetList Component Styling and CSS Classes applies correct list styling","status":"passed","title":"applies correct list styling","duration":3.320082999999954,"failureMessages":[],"meta":{}},{"ancestorTitles":["FacetList Component","Styling and CSS Classes"],"fullName":"FacetList Component Styling and CSS Classes applies correct active facet styling","status":"passed","title":"applies correct active facet styling","duration":9.627957999999921,"failureMessages":[],"meta":{}},{"ancestorTitles":["FacetList Component","Styling and CSS Classes"],"fullName":"FacetList Component Styling and CSS Classes applies correct inactive facet styling","status":"passed","title":"applies correct inactive facet styling","duration":16.43025,"failureMessages":[],"meta":{}}],"startTime":1767906310594,"endTime":1767906310850.4302,"status":"passed","message":"","name":"/Users/ewlarson/Python/clients/b1g/data-api/frontend/src/__tests__/components/FacetList.test.tsx"},{"assertionResults":[{"ancestorTitles":["FacetMoreModal"],"fullName":"FacetMoreModal does not render when closed","status":"passed","title":"does not render when closed","duration":10.224999999999966,"failureMessages":[],"meta":{}},{"ancestorTitles":["FacetMoreModal"],"fullName":"FacetMoreModal renders facet values when open","status":"passed","title":"renders facet values when open","duration":25.65637499999997,"failureMessages":[],"meta":{}},{"ancestorTitles":["FacetMoreModal"],"fullName":"FacetMoreModal invokes include and exclude callbacks","status":"passed","title":"invokes include and exclude callbacks","duration":37.68491599999999,"failureMessages":[],"meta":{}},{"ancestorTitles":["FacetMoreModal"],"fullName":"FacetMoreModal changes sort order when selection changes","status":"passed","title":"changes sort order when selection changes","duration":17.080375000000004,"failureMessages":[],"meta":{}},{"ancestorTitles":["FacetMoreModal"],"fullName":"FacetMoreModal submits facet search query","status":"passed","title":"submits facet search query","duration":50.082042,"failureMessages":[],"meta":{}},{"ancestorTitles":["FacetMoreModal"],"fullName":"FacetMoreModal resets facet search query","status":"passed","title":"resets facet search query","duration":28.29729199999997,"failureMessages":[],"meta":{}},{"ancestorTitles":["FacetMoreModal"],"fullName":"FacetMoreModal navigates between pages","status":"passed","title":"navigates between pages","duration":16.484750000000076,"failureMessages":[],"meta":{}},{"ancestorTitles":["FacetMoreModal"],"fullName":"FacetMoreModal closes when Escape key is pressed","status":"passed","title":"closes when Escape key is pressed","duration":7.402500000000032,"failureMessages":[],"meta":{}},{"ancestorTitles":["FacetMoreModal"],"fullName":"FacetMoreModal closes when clicking on the overlay background","status":"passed","title":"closes when clicking on the overlay background","duration":5.913667000000032,"failureMessages":[],"meta":{}},{"ancestorTitles":["FacetMoreModal"],"fullName":"FacetMoreModal displays current search context chips","status":"passed","title":"displays current search context chips","duration":9.585291999999981,"failureMessages":[],"meta":{}},{"ancestorTitles":["FacetMoreModal"],"fullName":"FacetMoreModal allows toggling include/exclude filters via context chips","status":"passed","title":"allows toggling include/exclude filters via context chips","duration":25.70454200000006,"failureMessages":[],"meta":{}}],"startTime":1767906310652,"endTime":1767906310886.7046,"status":"passed","message":"","name":"/Users/ewlarson/Python/clients/b1g/data-api/frontend/src/__tests__/components/FacetMoreModal.test.tsx"},{"assertionResults":[{"ancestorTitles":["LinksTable"],"fullName":"LinksTable renders without crashing","status":"passed","title":"renders without crashing","duration":17.0265,"failureMessages":[],"meta":{}},{"ancestorTitles":["LinksTable"],"fullName":"LinksTable renders all link categories","status":"passed","title":"renders all link categories","duration":4.349958999999956,"failureMessages":[],"meta":{}},{"ancestorTitles":["LinksTable"],"fullName":"LinksTable opens lightbox for Web Services category","status":"passed","title":"opens lightbox for Web Services category","duration":13.333916999999985,"failureMessages":[],"meta":{}},{"ancestorTitles":["LinksTable"],"fullName":"LinksTable closes lightbox when close button is clicked","status":"passed","title":"closes lightbox when close button is clicked","duration":9.562791000000004,"failureMessages":[],"meta":{}},{"ancestorTitles":["LinksTable"],"fullName":"LinksTable does not render when links are empty","status":"passed","title":"does not render when links are empty","duration":0.6947920000000067,"failureMessages":[],"meta":{}},{"ancestorTitles":["LinksTable"],"fullName":"LinksTable does not render when links are null","status":"passed","title":"does not render when links are null","duration":1.2222920000000386,"failureMessages":[],"meta":{}}],"startTime":1767906311462,"endTime":1767906311509.2224,"status":"passed","message":"","name":"/Users/ewlarson/Python/clients/b1g/data-api/frontend/src/__tests__/components/LinksTable.test.tsx"},{"assertionResults":[{"ancestorTitles":["LocationMap","Component Rendering"],"fullName":"LocationMap Component Rendering renders the map container with proper structure","status":"failed","title":"renders the map container with proper structure","duration":17.188916999999947,"failureMessages":["TestingLibraryElementError: Unable to find an element with the text: Location. This could be because the text is broken up by multiple elements. In this case, you can provide a function for your text matcher to make your matcher more flexible.\n\nIgnored nodes: comments, script, style\n\u001b[36m<body>\u001b[39m\n  \u001b[36m<div />\u001b[39m\n\u001b[36m</body>\u001b[39m\n    at Object.getElementError (/Users/ewlarson/Python/clients/b1g/data-api/frontend/node_modules/@testing-library/dom/dist/config.js:37:19)\n    at /Users/ewlarson/Python/clients/b1g/data-api/frontend/node_modules/@testing-library/dom/dist/query-helpers.js:76:38\n    at /Users/ewlarson/Python/clients/b1g/data-api/frontend/node_modules/@testing-library/dom/dist/query-helpers.js:52:17\n    at getByText (/Users/ewlarson/Python/clients/b1g/data-api/frontend/node_modules/@testing-library/dom/dist/query-helpers.js:95:19)\n    at /Users/ewlarson/Python/clients/b1g/data-api/frontend/src/__tests__/components/LocationMap.test.tsx:33:21\n    at file:///Users/ewlarson/Python/clients/b1g/data-api/frontend/node_modules/@vitest/runner/dist/chunk-hooks.js:155:11\n    at file:///Users/ewlarson/Python/clients/b1g/data-api/frontend/node_modules/@vitest/runner/dist/chunk-hooks.js:752:26\n    at file:///Users/ewlarson/Python/clients/b1g/data-api/frontend/node_modules/@vitest/runner/dist/chunk-hooks.js:1897:20\n    at new Promise (<anonymous>)\n    at runWithTimeout (file:///Users/ewlarson/Python/clients/b1g/data-api/frontend/node_modules/@vitest/runner/dist/chunk-hooks.js:1863:10)"],"meta":{}},{"ancestorTitles":["LocationMap","Component Rendering"],"fullName":"LocationMap Component Rendering renders with proper CSS classes","status":"failed","title":"renders with proper CSS classes","duration":2.3386249999998654,"failureMessages":["TestingLibraryElementError: Unable to find an element with the text: Location. This could be because the text is broken up by multiple elements. In this case, you can provide a function for your text matcher to make your matcher more flexible.\n\nIgnored nodes: comments, script, style\n\u001b[36m<body>\u001b[39m\n  \u001b[36m<div />\u001b[39m\n\u001b[36m</body>\u001b[39m\n    at Object.getElementError (/Users/ewlarson/Python/clients/b1g/data-api/frontend/node_modules/@testing-library/dom/dist/config.js:37:19)\n    at /Users/ewlarson/Python/clients/b1g/data-api/frontend/node_modules/@testing-library/dom/dist/query-helpers.js:76:38\n    at /Users/ewlarson/Python/clients/b1g/data-api/frontend/node_modules/@testing-library/dom/dist/query-helpers.js:52:17\n    at getByText (/Users/ewlarson/Python/clients/b1g/data-api/frontend/node_modules/@testing-library/dom/dist/query-helpers.js:95:19)\n    at /Users/ewlarson/Python/clients/b1g/data-api/frontend/src/__tests__/components/LocationMap.test.tsx:52:29\n    at file:///Users/ewlarson/Python/clients/b1g/data-api/frontend/node_modules/@vitest/runner/dist/chunk-hooks.js:155:11\n    at file:///Users/ewlarson/Python/clients/b1g/data-api/frontend/node_modules/@vitest/runner/dist/chunk-hooks.js:752:26\n    at file:///Users/ewlarson/Python/clients/b1g/data-api/frontend/node_modules/@vitest/runner/dist/chunk-hooks.js:1897:20\n    at new Promise (<anonymous>)\n    at runWithTimeout (file:///Users/ewlarson/Python/clients/b1g/data-api/frontend/node_modules/@vitest/runner/dist/chunk-hooks.js:1863:10)"],"meta":{}},{"ancestorTitles":["LocationMap","Component Rendering"],"fullName":"LocationMap Component Rendering renders map container with correct dimensions","status":"failed","title":"renders map container with correct dimensions","duration":5.366084000000001,"failureMessages":["Error: expect(received).toHaveClass()\n\nreceived value must be an HTMLElement or an SVGElement.\nReceived has type:  Null\nReceived has value: null\n    at Proxy.expectWrapper (file:///Users/ewlarson/Python/clients/b1g/data-api/frontend/node_modules/@vitest/expect/dist/index.js:1734:36)\n    at Proxy.<anonymous> (file:///Users/ewlarson/Python/clients/b1g/data-api/frontend/node_modules/@vitest/expect/dist/index.js:1029:14)\n    at Proxy.toHaveClass (file:///Users/ewlarson/Python/clients/b1g/data-api/frontend/node_modules/chai/index.js:1686:25)\n    at /Users/ewlarson/Python/clients/b1g/data-api/frontend/src/__tests__/components/LocationMap.test.tsx:81:28\n    at file:///Users/ewlarson/Python/clients/b1g/data-api/frontend/node_modules/@vitest/runner/dist/chunk-hooks.js:155:11\n    at file:///Users/ewlarson/Python/clients/b1g/data-api/frontend/node_modules/@vitest/runner/dist/chunk-hooks.js:752:26\n    at file:///Users/ewlarson/Python/clients/b1g/data-api/frontend/node_modules/@vitest/runner/dist/chunk-hooks.js:1897:20\n    at new Promise (<anonymous>)\n    at runWithTimeout (file:///Users/ewlarson/Python/clients/b1g/data-api/frontend/node_modules/@vitest/runner/dist/chunk-hooks.js:1863:10)\n    at runTest (file:///Users/ewlarson/Python/clients/b1g/data-api/frontend/node_modules/@vitest/runner/dist/chunk-hooks.js:1574:12)"],"meta":{}},{"ancestorTitles":["LocationMap","Geometry Handling"],"fullName":"LocationMap Geometry Handling handles point geometry from MIT Libraries fixture data","status":"failed","title":"handles point geometry from MIT Libraries fixture data","duration":1.8398749999998927,"failureMessages":["TestingLibraryElementError: Unable to find an element with the text: Location. This could be because the text is broken up by multiple elements. In this case, you can provide a function for your text matcher to make your matcher more flexible.\n\nIgnored nodes: comments, script, style\n\u001b[36m<body>\u001b[39m\n  \u001b[36m<div />\u001b[39m\n\u001b[36m</body>\u001b[39m\n    at Object.getElementError (/Users/ewlarson/Python/clients/b1g/data-api/frontend/node_modules/@testing-library/dom/dist/config.js:37:19)\n    at /Users/ewlarson/Python/clients/b1g/data-api/frontend/node_modules/@testing-library/dom/dist/query-helpers.js:76:38\n    at /Users/ewlarson/Python/clients/b1g/data-api/frontend/node_modules/@testing-library/dom/dist/query-helpers.js:52:17\n    at getByText (/Users/ewlarson/Python/clients/b1g/data-api/frontend/node_modules/@testing-library/dom/dist/query-helpers.js:95:19)\n    at /Users/ewlarson/Python/clients/b1g/data-api/frontend/src/__tests__/components/LocationMap.test.tsx:95:21\n    at file:///Users/ewlarson/Python/clients/b1g/data-api/frontend/node_modules/@vitest/runner/dist/chunk-hooks.js:155:11\n    at file:///Users/ewlarson/Python/clients/b1g/data-api/frontend/node_modules/@vitest/runner/dist/chunk-hooks.js:752:26\n    at file:///Users/ewlarson/Python/clients/b1g/data-api/frontend/node_modules/@vitest/runner/dist/chunk-hooks.js:1897:20\n    at new Promise (<anonymous>)\n    at runWithTimeout (file:///Users/ewlarson/Python/clients/b1g/data-api/frontend/node_modules/@vitest/runner/dist/chunk-hooks.js:1863:10)"],"meta":{}},{"ancestorTitles":["LocationMap","Geometry Handling"],"fullName":"LocationMap Geometry Handling handles point geometry from NYU Libraries fixture data","status":"failed","title":"handles point geometry from NYU Libraries fixture data","duration":1.6778329999999642,"failureMessages":["TestingLibraryElementError: Unable to find an element with the text: Location. This could be because the text is broken up by multiple elements. In this case, you can provide a function for your text matcher to make your matcher more flexible.\n\nIgnored nodes: comments, script, style\n\u001b[36m<body>\u001b[39m\n  \u001b[36m<div />\u001b[39m\n\u001b[36m</body>\u001b[39m\n    at Object.getElementError (/Users/ewlarson/Python/clients/b1g/data-api/frontend/node_modules/@testing-library/dom/dist/config.js:37:19)\n    at /Users/ewlarson/Python/clients/b1g/data-api/frontend/node_modules/@testing-library/dom/dist/query-helpers.js:76:38\n    at /Users/ewlarson/Python/clients/b1g/data-api/frontend/node_modules/@testing-library/dom/dist/query-helpers.js:52:17\n    at getByText (/Users/ewlarson/Python/clients/b1g/data-api/frontend/node_modules/@testing-library/dom/dist/query-helpers.js:95:19)\n    at /Users/ewlarson/Python/clients/b1g/data-api/frontend/src/__tests__/components/LocationMap.test.tsx:109:21\n    at file:///Users/ewlarson/Python/clients/b1g/data-api/frontend/node_modules/@vitest/runner/dist/chunk-hooks.js:155:11\n    at file:///Users/ewlarson/Python/clients/b1g/data-api/frontend/node_modules/@vitest/runner/dist/chunk-hooks.js:752:26\n    at file:///Users/ewlarson/Python/clients/b1g/data-api/frontend/node_modules/@vitest/runner/dist/chunk-hooks.js:1897:20\n    at new Promise (<anonymous>)\n    at runWithTimeout (file:///Users/ewlarson/Python/clients/b1g/data-api/frontend/node_modules/@vitest/runner/dist/chunk-hooks.js:1863:10)"],"meta":{}},{"ancestorTitles":["LocationMap","Geometry Handling"],"fullName":"LocationMap Geometry Handling handles polygon geometry from Tufts University fixture data","status":"failed","title":"handles polygon geometry from Tufts University fixture data","duration":4.264416999999867,"failureMessages":["TestingLibraryElementError: Unable to find an element with the text: Location. This could be because the text is broken up by multiple elements. In this case, you can provide a function for your text matcher to make your matcher more flexible.\n\nIgnored nodes: comments, script, style\n\u001b[36m<body>\u001b[39m\n  \u001b[36m<div />\u001b[39m\n\u001b[36m</body>\u001b[39m\n    at Object.getElementError (/Users/ewlarson/Python/clients/b1g/data-api/frontend/node_modules/@testing-library/dom/dist/config.js:37:19)\n    at /Users/ewlarson/Python/clients/b1g/data-api/frontend/node_modules/@testing-library/dom/dist/query-helpers.js:76:38\n    at /Users/ewlarson/Python/clients/b1g/data-api/frontend/node_modules/@testing-library/dom/dist/query-helpers.js:52:17\n    at getByText (/Users/ewlarson/Python/clients/b1g/data-api/frontend/node_modules/@testing-library/dom/dist/query-helpers.js:95:19)\n    at /Users/ewlarson/Python/clients/b1g/data-api/frontend/src/__tests__/components/LocationMap.test.tsx:131:21\n    at file:///Users/ewlarson/Python/clients/b1g/data-api/frontend/node_modules/@vitest/runner/dist/chunk-hooks.js:155:11\n    at file:///Users/ewlarson/Python/clients/b1g/data-api/frontend/node_modules/@vitest/runner/dist/chunk-hooks.js:752:26\n    at file:///Users/ewlarson/Python/clients/b1g/data-api/frontend/node_modules/@vitest/runner/dist/chunk-hooks.js:1897:20\n    at new Promise (<anonymous>)\n    at runWithTimeout (file:///Users/ewlarson/Python/clients/b1g/data-api/frontend/node_modules/@vitest/runner/dist/chunk-hooks.js:1863:10)"],"meta":{}},{"ancestorTitles":["LocationMap","Geometry Handling"],"fullName":"LocationMap Geometry Handling handles polygon geometry from Stanford University fixture data","status":"failed","title":"handles polygon geometry from Stanford University fixture data","duration":2.259667000000036,"failureMessages":["TestingLibraryElementError: Unable to find an element with the text: Location. This could be because the text is broken up by multiple elements. In this case, you can provide a function for your text matcher to make your matcher more flexible.\n\nIgnored nodes: comments, script, style\n\u001b[36m<body>\u001b[39m\n  \u001b[36m<div />\u001b[39m\n\u001b[36m</body>\u001b[39m\n    at Object.getElementError (/Users/ewlarson/Python/clients/b1g/data-api/frontend/node_modules/@testing-library/dom/dist/config.js:37:19)\n    at /Users/ewlarson/Python/clients/b1g/data-api/frontend/node_modules/@testing-library/dom/dist/query-helpers.js:76:38\n    at /Users/ewlarson/Python/clients/b1g/data-api/frontend/node_modules/@testing-library/dom/dist/query-helpers.js:52:17\n    at getByText (/Users/ewlarson/Python/clients/b1g/data-api/frontend/node_modules/@testing-library/dom/dist/query-helpers.js:95:19)\n    at /Users/ewlarson/Python/clients/b1g/data-api/frontend/src/__tests__/components/LocationMap.test.tsx:153:21\n    at file:///Users/ewlarson/Python/clients/b1g/data-api/frontend/node_modules/@vitest/runner/dist/chunk-hooks.js:155:11\n    at file:///Users/ewlarson/Python/clients/b1g/data-api/frontend/node_modules/@vitest/runner/dist/chunk-hooks.js:752:26\n    at file:///Users/ewlarson/Python/clients/b1g/data-api/frontend/node_modules/@vitest/runner/dist/chunk-hooks.js:1897:20\n    at new Promise (<anonymous>)\n    at runWithTimeout (file:///Users/ewlarson/Python/clients/b1g/data-api/frontend/node_modules/@vitest/runner/dist/chunk-hooks.js:1863:10)"],"meta":{}},{"ancestorTitles":["LocationMap","Geometry Handling"],"fullName":"LocationMap Geometry Handling handles multipolygon geometry from fixture data","status":"failed","title":"handles multipolygon geometry from fixture data","duration":2.8352910000000975,"failureMessages":["TestingLibraryElementError: Unable to find an element with the text: Location. This could be because the text is broken up by multiple elements. In this case, you can provide a function for your text matcher to make your matcher more flexible.\n\nIgnored nodes: comments, script, style\n\u001b[36m<body>\u001b[39m\n  \u001b[36m<div />\u001b[39m\n\u001b[36m</body>\u001b[39m\n    at Object.getElementError (/Users/ewlarson/Python/clients/b1g/data-api/frontend/node_modules/@testing-library/dom/dist/config.js:37:19)\n    at /Users/ewlarson/Python/clients/b1g/data-api/frontend/node_modules/@testing-library/dom/dist/query-helpers.js:76:38\n    at /Users/ewlarson/Python/clients/b1g/data-api/frontend/node_modules/@testing-library/dom/dist/query-helpers.js:52:17\n    at getByText (/Users/ewlarson/Python/clients/b1g/data-api/frontend/node_modules/@testing-library/dom/dist/query-helpers.js:95:19)\n    at /Users/ewlarson/Python/clients/b1g/data-api/frontend/src/__tests__/components/LocationMap.test.tsx:186:21\n    at file:///Users/ewlarson/Python/clients/b1g/data-api/frontend/node_modules/@vitest/runner/dist/chunk-hooks.js:155:11\n    at file:///Users/ewlarson/Python/clients/b1g/data-api/frontend/node_modules/@vitest/runner/dist/chunk-hooks.js:752:26\n    at file:///Users/ewlarson/Python/clients/b1g/data-api/frontend/node_modules/@vitest/runner/dist/chunk-hooks.js:1897:20\n    at new Promise (<anonymous>)\n    at runWithTimeout (file:///Users/ewlarson/Python/clients/b1g/data-api/frontend/node_modules/@vitest/runner/dist/chunk-hooks.js:1863:10)"],"meta":{}},{"ancestorTitles":["LocationMap","Geometry Handling"],"fullName":"LocationMap Geometry Handling handles WKT polygon string from fixture data","status":"failed","title":"handles WKT polygon string from fixture data","duration":7.354832999999871,"failureMessages":["TestingLibraryElementError: Unable to find an element with the text: Location. This could be because the text is broken up by multiple elements. In this case, you can provide a function for your text matcher to make your matcher more flexible.\n\nIgnored nodes: comments, script, style\n\u001b[36m<body>\u001b[39m\n  \u001b[36m<div />\u001b[39m\n\u001b[36m</body>\u001b[39m\n    at Object.getElementError (/Users/ewlarson/Python/clients/b1g/data-api/frontend/node_modules/@testing-library/dom/dist/config.js:37:19)\n    at /Users/ewlarson/Python/clients/b1g/data-api/frontend/node_modules/@testing-library/dom/dist/query-helpers.js:76:38\n    at /Users/ewlarson/Python/clients/b1g/data-api/frontend/node_modules/@testing-library/dom/dist/query-helpers.js:52:17\n    at getByText (/Users/ewlarson/Python/clients/b1g/data-api/frontend/node_modules/@testing-library/dom/dist/query-helpers.js:95:19)\n    at /Users/ewlarson/Python/clients/b1g/data-api/frontend/src/__tests__/components/LocationMap.test.tsx:198:21\n    at file:///Users/ewlarson/Python/clients/b1g/data-api/frontend/node_modules/@vitest/runner/dist/chunk-hooks.js:155:11\n    at file:///Users/ewlarson/Python/clients/b1g/data-api/frontend/node_modules/@vitest/runner/dist/chunk-hooks.js:752:26\n    at file:///Users/ewlarson/Python/clients/b1g/data-api/frontend/node_modules/@vitest/runner/dist/chunk-hooks.js:1897:20\n    at new Promise (<anonymous>)\n    at runWithTimeout (file:///Users/ewlarson/Python/clients/b1g/data-api/frontend/node_modules/@vitest/runner/dist/chunk-hooks.js:1863:10)"],"meta":{}},{"ancestorTitles":["LocationMap","Geometry Handling"],"fullName":"LocationMap Geometry Handling handles WKT multipolygon string from fixture data","status":"failed","title":"handles WKT multipolygon string from fixture data","duration":5.322875000000067,"failureMessages":["TestingLibraryElementError: Unable to find an element with the text: Location. This could be because the text is broken up by multiple elements. In this case, you can provide a function for your text matcher to make your matcher more flexible.\n\nIgnored nodes: comments, script, style\n\u001b[36m<body>\u001b[39m\n  \u001b[36m<div />\u001b[39m\n\u001b[36m</body>\u001b[39m\n    at Object.getElementError (/Users/ewlarson/Python/clients/b1g/data-api/frontend/node_modules/@testing-library/dom/dist/config.js:37:19)\n    at /Users/ewlarson/Python/clients/b1g/data-api/frontend/node_modules/@testing-library/dom/dist/query-helpers.js:76:38\n    at /Users/ewlarson/Python/clients/b1g/data-api/frontend/node_modules/@testing-library/dom/dist/query-helpers.js:52:17\n    at getByText (/Users/ewlarson/Python/clients/b1g/data-api/frontend/node_modules/@testing-library/dom/dist/query-helpers.js:95:19)\n    at /Users/ewlarson/Python/clients/b1g/data-api/frontend/src/__tests__/components/LocationMap.test.tsx:210:21\n    at file:///Users/ewlarson/Python/clients/b1g/data-api/frontend/node_modules/@vitest/runner/dist/chunk-hooks.js:155:11\n    at file:///Users/ewlarson/Python/clients/b1g/data-api/frontend/node_modules/@vitest/runner/dist/chunk-hooks.js:752:26\n    at file:///Users/ewlarson/Python/clients/b1g/data-api/frontend/node_modules/@vitest/runner/dist/chunk-hooks.js:1897:20\n    at new Promise (<anonymous>)\n    at runWithTimeout (file:///Users/ewlarson/Python/clients/b1g/data-api/frontend/node_modules/@vitest/runner/dist/chunk-hooks.js:1863:10)"],"meta":{}},{"ancestorTitles":["LocationMap","Geometry Handling"],"fullName":"LocationMap Geometry Handling handles object with WKT property from fixture data","status":"failed","title":"handles object with WKT property from fixture data","duration":1.52800000000002,"failureMessages":["TestingLibraryElementError: Unable to find an element with the text: Location. This could be because the text is broken up by multiple elements. In this case, you can provide a function for your text matcher to make your matcher more flexible.\n\nIgnored nodes: comments, script, style\n\u001b[36m<body>\u001b[39m\n  \u001b[36m<div />\u001b[39m\n\u001b[36m</body>\u001b[39m\n    at Object.getElementError (/Users/ewlarson/Python/clients/b1g/data-api/frontend/node_modules/@testing-library/dom/dist/config.js:37:19)\n    at /Users/ewlarson/Python/clients/b1g/data-api/frontend/node_modules/@testing-library/dom/dist/query-helpers.js:76:38\n    at /Users/ewlarson/Python/clients/b1g/data-api/frontend/node_modules/@testing-library/dom/dist/query-helpers.js:52:17\n    at getByText (/Users/ewlarson/Python/clients/b1g/data-api/frontend/node_modules/@testing-library/dom/dist/query-helpers.js:95:19)\n    at /Users/ewlarson/Python/clients/b1g/data-api/frontend/src/__tests__/components/LocationMap.test.tsx:223:21\n    at file:///Users/ewlarson/Python/clients/b1g/data-api/frontend/node_modules/@vitest/runner/dist/chunk-hooks.js:155:11\n    at file:///Users/ewlarson/Python/clients/b1g/data-api/frontend/node_modules/@vitest/runner/dist/chunk-hooks.js:752:26\n    at file:///Users/ewlarson/Python/clients/b1g/data-api/frontend/node_modules/@vitest/runner/dist/chunk-hooks.js:1897:20\n    at new Promise (<anonymous>)\n    at runWithTimeout (file:///Users/ewlarson/Python/clients/b1g/data-api/frontend/node_modules/@vitest/runner/dist/chunk-hooks.js:1863:10)"],"meta":{}},{"ancestorTitles":["LocationMap","Edge Cases"],"fullName":"LocationMap Edge Cases handles null geometry gracefully","status":"failed","title":"handles null geometry gracefully","duration":6.2385840000001735,"failureMessages":["TestingLibraryElementError: Unable to find an element with the text: Location. This could be because the text is broken up by multiple elements. In this case, you can provide a function for your text matcher to make your matcher more flexible.\n\nIgnored nodes: comments, script, style\n\u001b[36m<body>\u001b[39m\n  \u001b[36m<div />\u001b[39m\n\u001b[36m</body>\u001b[39m\n    at Object.getElementError (/Users/ewlarson/Python/clients/b1g/data-api/frontend/node_modules/@testing-library/dom/dist/config.js:37:19)\n    at /Users/ewlarson/Python/clients/b1g/data-api/frontend/node_modules/@testing-library/dom/dist/query-helpers.js:76:38\n    at /Users/ewlarson/Python/clients/b1g/data-api/frontend/node_modules/@testing-library/dom/dist/query-helpers.js:52:17\n    at getByText (/Users/ewlarson/Python/clients/b1g/data-api/frontend/node_modules/@testing-library/dom/dist/query-helpers.js:95:19)\n    at /Users/ewlarson/Python/clients/b1g/data-api/frontend/src/__tests__/components/LocationMap.test.tsx:233:21\n    at file:///Users/ewlarson/Python/clients/b1g/data-api/frontend/node_modules/@vitest/runner/dist/chunk-hooks.js:155:11\n    at file:///Users/ewlarson/Python/clients/b1g/data-api/frontend/node_modules/@vitest/runner/dist/chunk-hooks.js:752:26\n    at file:///Users/ewlarson/Python/clients/b1g/data-api/frontend/node_modules/@vitest/runner/dist/chunk-hooks.js:1897:20\n    at new Promise (<anonymous>)\n    at runWithTimeout (file:///Users/ewlarson/Python/clients/b1g/data-api/frontend/node_modules/@vitest/runner/dist/chunk-hooks.js:1863:10)"],"meta":{}},{"ancestorTitles":["LocationMap","Edge Cases"],"fullName":"LocationMap Edge Cases handles undefined geometry gracefully","status":"failed","title":"handles undefined geometry gracefully","duration":10.519833999999946,"failureMessages":["TestingLibraryElementError: Unable to find an element with the text: Location. This could be because the text is broken up by multiple elements. In this case, you can provide a function for your text matcher to make your matcher more flexible.\n\nIgnored nodes: comments, script, style\n\u001b[36m<body>\u001b[39m\n  \u001b[36m<div />\u001b[39m\n\u001b[36m</body>\u001b[39m\n    at Object.getElementError (/Users/ewlarson/Python/clients/b1g/data-api/frontend/node_modules/@testing-library/dom/dist/config.js:37:19)\n    at /Users/ewlarson/Python/clients/b1g/data-api/frontend/node_modules/@testing-library/dom/dist/query-helpers.js:76:38\n    at /Users/ewlarson/Python/clients/b1g/data-api/frontend/node_modules/@testing-library/dom/dist/query-helpers.js:52:17\n    at getByText (/Users/ewlarson/Python/clients/b1g/data-api/frontend/node_modules/@testing-library/dom/dist/query-helpers.js:95:19)\n    at /Users/ewlarson/Python/clients/b1g/data-api/frontend/src/__tests__/components/LocationMap.test.tsx:241:21\n    at file:///Users/ewlarson/Python/clients/b1g/data-api/frontend/node_modules/@vitest/runner/dist/chunk-hooks.js:155:11\n    at file:///Users/ewlarson/Python/clients/b1g/data-api/frontend/node_modules/@vitest/runner/dist/chunk-hooks.js:752:26\n    at file:///Users/ewlarson/Python/clients/b1g/data-api/frontend/node_modules/@vitest/runner/dist/chunk-hooks.js:1897:20\n    at new Promise (<anonymous>)\n    at runWithTimeout (file:///Users/ewlarson/Python/clients/b1g/data-api/frontend/node_modules/@vitest/runner/dist/chunk-hooks.js:1863:10)"],"meta":{}},{"ancestorTitles":["LocationMap","Edge Cases"],"fullName":"LocationMap Edge Cases handles invalid geometry gracefully","status":"failed","title":"handles invalid geometry gracefully","duration":0.9640830000000733,"failureMessages":["TestingLibraryElementError: Unable to find an element with the text: Location. This could be because the text is broken up by multiple elements. In this case, you can provide a function for your text matcher to make your matcher more flexible.\n\nIgnored nodes: comments, script, style\n\u001b[36m<body>\u001b[39m\n  \u001b[36m<div />\u001b[39m\n\u001b[36m</body>\u001b[39m\n    at Object.getElementError (/Users/ewlarson/Python/clients/b1g/data-api/frontend/node_modules/@testing-library/dom/dist/config.js:37:19)\n    at /Users/ewlarson/Python/clients/b1g/data-api/frontend/node_modules/@testing-library/dom/dist/query-helpers.js:76:38\n    at /Users/ewlarson/Python/clients/b1g/data-api/frontend/node_modules/@testing-library/dom/dist/query-helpers.js:52:17\n    at getByText (/Users/ewlarson/Python/clients/b1g/data-api/frontend/node_modules/@testing-library/dom/dist/query-helpers.js:95:19)\n    at /Users/ewlarson/Python/clients/b1g/data-api/frontend/src/__tests__/components/LocationMap.test.tsx:251:21\n    at file:///Users/ewlarson/Python/clients/b1g/data-api/frontend/node_modules/@vitest/runner/dist/chunk-hooks.js:155:11\n    at file:///Users/ewlarson/Python/clients/b1g/data-api/frontend/node_modules/@vitest/runner/dist/chunk-hooks.js:752:26\n    at file:///Users/ewlarson/Python/clients/b1g/data-api/frontend/node_modules/@vitest/runner/dist/chunk-hooks.js:1897:20\n    at new Promise (<anonymous>)\n    at runWithTimeout (file:///Users/ewlarson/Python/clients/b1g/data-api/frontend/node_modules/@vitest/runner/dist/chunk-hooks.js:1863:10)"],"meta":{}},{"ancestorTitles":["LocationMap","Accessibility"],"fullName":"LocationMap Accessibility has proper heading structure","status":"failed","title":"has proper heading structure","duration":14.435416999999916,"failureMessages":["TestingLibraryElementError: Unable to find an accessible element with the role \"heading\"\n\nThere are no accessible roles. But there might be some inaccessible roles. If you wish to access them, then set the `hidden` option to `true`. Learn more about this here: https://testing-library.com/docs/dom-testing-library/api-queries#byrole\n\nIgnored nodes: comments, script, style\n\u001b[36m<body>\u001b[39m\n  \u001b[36m<div />\u001b[39m\n\u001b[36m</body>\u001b[39m\n    at Object.getElementError (/Users/ewlarson/Python/clients/b1g/data-api/frontend/node_modules/@testing-library/dom/dist/config.js:37:19)\n    at /Users/ewlarson/Python/clients/b1g/data-api/frontend/node_modules/@testing-library/dom/dist/query-helpers.js:76:38\n    at /Users/ewlarson/Python/clients/b1g/data-api/frontend/node_modules/@testing-library/dom/dist/query-helpers.js:52:17\n    at getByRole (/Users/ewlarson/Python/clients/b1g/data-api/frontend/node_modules/@testing-library/dom/dist/query-helpers.js:95:19)\n    at /Users/ewlarson/Python/clients/b1g/data-api/frontend/src/__tests__/components/LocationMap.test.tsx:267:30\n    at file:///Users/ewlarson/Python/clients/b1g/data-api/frontend/node_modules/@vitest/runner/dist/chunk-hooks.js:155:11\n    at file:///Users/ewlarson/Python/clients/b1g/data-api/frontend/node_modules/@vitest/runner/dist/chunk-hooks.js:752:26\n    at file:///Users/ewlarson/Python/clients/b1g/data-api/frontend/node_modules/@vitest/runner/dist/chunk-hooks.js:1897:20\n    at new Promise (<anonymous>)\n    at runWithTimeout (file:///Users/ewlarson/Python/clients/b1g/data-api/frontend/node_modules/@vitest/runner/dist/chunk-hooks.js:1863:10)"],"meta":{}},{"ancestorTitles":["LocationMap","Accessibility"],"fullName":"LocationMap Accessibility has accessible map container","status":"failed","title":"has accessible map container","duration":0.9065000000000509,"failureMessages":["Error: expect(received).toBeInTheDocument()\n\nreceived value must be an HTMLElement or an SVGElement.\nReceived has type:  Null\nReceived has value: null\n    at Proxy.expectWrapper (file:///Users/ewlarson/Python/clients/b1g/data-api/frontend/node_modules/@vitest/expect/dist/index.js:1734:36)\n    at Proxy.<anonymous> (file:///Users/ewlarson/Python/clients/b1g/data-api/frontend/node_modules/@vitest/expect/dist/index.js:1029:14)\n    at Proxy.toBeInTheDocument (file:///Users/ewlarson/Python/clients/b1g/data-api/frontend/node_modules/chai/index.js:1686:25)\n    at /Users/ewlarson/Python/clients/b1g/data-api/frontend/src/__tests__/components/LocationMap.test.tsx:281:28\n    at file:///Users/ewlarson/Python/clients/b1g/data-api/frontend/node_modules/@vitest/runner/dist/chunk-hooks.js:155:11\n    at file:///Users/ewlarson/Python/clients/b1g/data-api/frontend/node_modules/@vitest/runner/dist/chunk-hooks.js:752:26\n    at file:///Users/ewlarson/Python/clients/b1g/data-api/frontend/node_modules/@vitest/runner/dist/chunk-hooks.js:1897:20\n    at new Promise (<anonymous>)\n    at runWithTimeout (file:///Users/ewlarson/Python/clients/b1g/data-api/frontend/node_modules/@vitest/runner/dist/chunk-hooks.js:1863:10)\n    at runTest (file:///Users/ewlarson/Python/clients/b1g/data-api/frontend/node_modules/@vitest/runner/dist/chunk-hooks.js:1574:12)"],"meta":{}},{"ancestorTitles":["LocationMap","Real Fixture Data Integration"],"fullName":"LocationMap Real Fixture Data Integration handles MIT Libraries paper map fixture data","status":"failed","title":"handles MIT Libraries paper map fixture data","duration":0.797832999999855,"failureMessages":["TestingLibraryElementError: Unable to find an element with the text: Location. This could be because the text is broken up by multiple elements. In this case, you can provide a function for your text matcher to make your matcher more flexible.\n\nIgnored nodes: comments, script, style\n\u001b[36m<body>\u001b[39m\n  \u001b[36m<div />\u001b[39m\n\u001b[36m</body>\u001b[39m\n    at Object.getElementError (/Users/ewlarson/Python/clients/b1g/data-api/frontend/node_modules/@testing-library/dom/dist/config.js:37:19)\n    at /Users/ewlarson/Python/clients/b1g/data-api/frontend/node_modules/@testing-library/dom/dist/query-helpers.js:76:38\n    at /Users/ewlarson/Python/clients/b1g/data-api/frontend/node_modules/@testing-library/dom/dist/query-helpers.js:52:17\n    at getByText (/Users/ewlarson/Python/clients/b1g/data-api/frontend/node_modules/@testing-library/dom/dist/query-helpers.js:95:19)\n    at /Users/ewlarson/Python/clients/b1g/data-api/frontend/src/__tests__/components/LocationMap.test.tsx:296:21\n    at file:///Users/ewlarson/Python/clients/b1g/data-api/frontend/node_modules/@vitest/runner/dist/chunk-hooks.js:155:11\n    at file:///Users/ewlarson/Python/clients/b1g/data-api/frontend/node_modules/@vitest/runner/dist/chunk-hooks.js:752:26\n    at file:///Users/ewlarson/Python/clients/b1g/data-api/frontend/node_modules/@vitest/runner/dist/chunk-hooks.js:1897:20\n    at new Promise (<anonymous>)\n    at runWithTimeout (file:///Users/ewlarson/Python/clients/b1g/data-api/frontend/node_modules/@vitest/runner/dist/chunk-hooks.js:1863:10)"],"meta":{}},{"ancestorTitles":["LocationMap","Real Fixture Data Integration"],"fullName":"LocationMap Real Fixture Data Integration handles NYU Libraries point dataset fixture data","status":"failed","title":"handles NYU Libraries point dataset fixture data","duration":0.6455419999999776,"failureMessages":["TestingLibraryElementError: Unable to find an element with the text: Location. This could be because the text is broken up by multiple elements. In this case, you can provide a function for your text matcher to make your matcher more flexible.\n\nIgnored nodes: comments, script, style\n\u001b[36m<body>\u001b[39m\n  \u001b[36m<div />\u001b[39m\n\u001b[36m</body>\u001b[39m\n    at Object.getElementError (/Users/ewlarson/Python/clients/b1g/data-api/frontend/node_modules/@testing-library/dom/dist/config.js:37:19)\n    at /Users/ewlarson/Python/clients/b1g/data-api/frontend/node_modules/@testing-library/dom/dist/query-helpers.js:76:38\n    at /Users/ewlarson/Python/clients/b1g/data-api/frontend/node_modules/@testing-library/dom/dist/query-helpers.js:52:17\n    at getByText (/Users/ewlarson/Python/clients/b1g/data-api/frontend/node_modules/@testing-library/dom/dist/query-helpers.js:95:19)\n    at /Users/ewlarson/Python/clients/b1g/data-api/frontend/src/__tests__/components/LocationMap.test.tsx:310:21\n    at file:///Users/ewlarson/Python/clients/b1g/data-api/frontend/node_modules/@vitest/runner/dist/chunk-hooks.js:155:11\n    at file:///Users/ewlarson/Python/clients/b1g/data-api/frontend/node_modules/@vitest/runner/dist/chunk-hooks.js:752:26\n    at file:///Users/ewlarson/Python/clients/b1g/data-api/frontend/node_modules/@vitest/runner/dist/chunk-hooks.js:1897:20\n    at new Promise (<anonymous>)\n    at runWithTimeout (file:///Users/ewlarson/Python/clients/b1g/data-api/frontend/node_modules/@vitest/runner/dist/chunk-hooks.js:1863:10)"],"meta":{}},{"ancestorTitles":["LocationMap","Real Fixture Data Integration"],"fullName":"LocationMap Real Fixture Data Integration handles Tufts University polygon dataset fixture data","status":"failed","title":"handles Tufts University polygon dataset fixture data","duration":0.7264999999999873,"failureMessages":["TestingLibraryElementError: Unable to find an element with the text: Location. This could be because the text is broken up by multiple elements. In this case, you can provide a function for your text matcher to make your matcher more flexible.\n\nIgnored nodes: comments, script, style\n\u001b[36m<body>\u001b[39m\n  \u001b[36m<div />\u001b[39m\n\u001b[36m</body>\u001b[39m\n    at Object.getElementError (/Users/ewlarson/Python/clients/b1g/data-api/frontend/node_modules/@testing-library/dom/dist/config.js:37:19)\n    at /Users/ewlarson/Python/clients/b1g/data-api/frontend/node_modules/@testing-library/dom/dist/query-helpers.js:76:38\n    at /Users/ewlarson/Python/clients/b1g/data-api/frontend/node_modules/@testing-library/dom/dist/query-helpers.js:52:17\n    at getByText (/Users/ewlarson/Python/clients/b1g/data-api/frontend/node_modules/@testing-library/dom/dist/query-helpers.js:95:19)\n    at /Users/ewlarson/Python/clients/b1g/data-api/frontend/src/__tests__/components/LocationMap.test.tsx:332:21\n    at file:///Users/ewlarson/Python/clients/b1g/data-api/frontend/node_modules/@vitest/runner/dist/chunk-hooks.js:155:11\n    at file:///Users/ewlarson/Python/clients/b1g/data-api/frontend/node_modules/@vitest/runner/dist/chunk-hooks.js:752:26\n    at file:///Users/ewlarson/Python/clients/b1g/data-api/frontend/node_modules/@vitest/runner/dist/chunk-hooks.js:1897:20\n    at new Promise (<anonymous>)\n    at runWithTimeout (file:///Users/ewlarson/Python/clients/b1g/data-api/frontend/node_modules/@vitest/runner/dist/chunk-hooks.js:1863:10)"],"meta":{}},{"ancestorTitles":["LocationMap","Real Fixture Data Integration"],"fullName":"LocationMap Real Fixture Data Integration handles Stanford University raster layer fixture data","status":"failed","title":"handles Stanford University raster layer fixture data","duration":0.5723329999998441,"failureMessages":["TestingLibraryElementError: Unable to find an element with the text: Location. This could be because the text is broken up by multiple elements. In this case, you can provide a function for your text matcher to make your matcher more flexible.\n\nIgnored nodes: comments, script, style\n\u001b[36m<body>\u001b[39m\n  \u001b[36m<div />\u001b[39m\n\u001b[36m</body>\u001b[39m\n    at Object.getElementError (/Users/ewlarson/Python/clients/b1g/data-api/frontend/node_modules/@testing-library/dom/dist/config.js:37:19)\n    at /Users/ewlarson/Python/clients/b1g/data-api/frontend/node_modules/@testing-library/dom/dist/query-helpers.js:76:38\n    at /Users/ewlarson/Python/clients/b1g/data-api/frontend/node_modules/@testing-library/dom/dist/query-helpers.js:52:17\n    at getByText (/Users/ewlarson/Python/clients/b1g/data-api/frontend/node_modules/@testing-library/dom/dist/query-helpers.js:95:19)\n    at /Users/ewlarson/Python/clients/b1g/data-api/frontend/src/__tests__/components/LocationMap.test.tsx:354:21\n    at file:///Users/ewlarson/Python/clients/b1g/data-api/frontend/node_modules/@vitest/runner/dist/chunk-hooks.js:155:11\n    at file:///Users/ewlarson/Python/clients/b1g/data-api/frontend/node_modules/@vitest/runner/dist/chunk-hooks.js:752:26\n    at file:///Users/ewlarson/Python/clients/b1g/data-api/frontend/node_modules/@vitest/runner/dist/chunk-hooks.js:1897:20\n    at new Promise (<anonymous>)\n    at runWithTimeout (file:///Users/ewlarson/Python/clients/b1g/data-api/frontend/node_modules/@vitest/runner/dist/chunk-hooks.js:1863:10)"],"meta":{}},{"ancestorTitles":["LocationMap","Real Fixture Data Integration"],"fullName":"LocationMap Real Fixture Data Integration handles complex multipolygon from Cambridge Grid fixture data","status":"failed","title":"handles complex multipolygon from Cambridge Grid fixture data","duration":3.5865420000000086,"failureMessages":["TestingLibraryElementError: Unable to find an element with the text: Location. This could be because the text is broken up by multiple elements. In this case, you can provide a function for your text matcher to make your matcher more flexible.\n\nIgnored nodes: comments, script, style\n\u001b[36m<body>\u001b[39m\n  \u001b[36m<div />\u001b[39m\n\u001b[36m</body>\u001b[39m\n    at Object.getElementError (/Users/ewlarson/Python/clients/b1g/data-api/frontend/node_modules/@testing-library/dom/dist/config.js:37:19)\n    at /Users/ewlarson/Python/clients/b1g/data-api/frontend/node_modules/@testing-library/dom/dist/query-helpers.js:76:38\n    at /Users/ewlarson/Python/clients/b1g/data-api/frontend/node_modules/@testing-library/dom/dist/query-helpers.js:52:17\n    at getByText (/Users/ewlarson/Python/clients/b1g/data-api/frontend/node_modules/@testing-library/dom/dist/query-helpers.js:95:19)\n    at /Users/ewlarson/Python/clients/b1g/data-api/frontend/src/__tests__/components/LocationMap.test.tsx:387:21\n    at file:///Users/ewlarson/Python/clients/b1g/data-api/frontend/node_modules/@vitest/runner/dist/chunk-hooks.js:155:11\n    at file:///Users/ewlarson/Python/clients/b1g/data-api/frontend/node_modules/@vitest/runner/dist/chunk-hooks.js:752:26\n    at file:///Users/ewlarson/Python/clients/b1g/data-api/frontend/node_modules/@vitest/runner/dist/chunk-hooks.js:1897:20\n    at new Promise (<anonymous>)\n    at runWithTimeout (file:///Users/ewlarson/Python/clients/b1g/data-api/frontend/node_modules/@vitest/runner/dist/chunk-hooks.js:1863:10)"],"meta":{}},{"ancestorTitles":["LocationMap","Component Structure"],"fullName":"LocationMap Component Structure renders with proper container structure","status":"failed","title":"renders with proper container structure","duration":6.172375000000102,"failureMessages":["TestingLibraryElementError: Unable to find an element with the text: Location. This could be because the text is broken up by multiple elements. In this case, you can provide a function for your text matcher to make your matcher more flexible.\n\nIgnored nodes: comments, script, style\n\u001b[36m<body>\u001b[39m\n  \u001b[36m<div />\u001b[39m\n\u001b[36m</body>\u001b[39m\n    at Object.getElementError (/Users/ewlarson/Python/clients/b1g/data-api/frontend/node_modules/@testing-library/dom/dist/config.js:37:19)\n    at /Users/ewlarson/Python/clients/b1g/data-api/frontend/node_modules/@testing-library/dom/dist/query-helpers.js:76:38\n    at /Users/ewlarson/Python/clients/b1g/data-api/frontend/node_modules/@testing-library/dom/dist/query-helpers.js:52:17\n    at getByText (/Users/ewlarson/Python/clients/b1g/data-api/frontend/node_modules/@testing-library/dom/dist/query-helpers.js:95:19)\n    at /Users/ewlarson/Python/clients/b1g/data-api/frontend/src/__tests__/components/LocationMap.test.tsx:404:29\n    at file:///Users/ewlarson/Python/clients/b1g/data-api/frontend/node_modules/@vitest/runner/dist/chunk-hooks.js:155:11\n    at file:///Users/ewlarson/Python/clients/b1g/data-api/frontend/node_modules/@vitest/runner/dist/chunk-hooks.js:752:26\n    at file:///Users/ewlarson/Python/clients/b1g/data-api/frontend/node_modules/@vitest/runner/dist/chunk-hooks.js:1897:20\n    at new Promise (<anonymous>)\n    at runWithTimeout (file:///Users/ewlarson/Python/clients/b1g/data-api/frontend/node_modules/@vitest/runner/dist/chunk-hooks.js:1863:10)"],"meta":{}},{"ancestorTitles":["LocationMap","Component Structure"],"fullName":"LocationMap Component Structure maintains consistent structure across different geometry types","status":"failed","title":"maintains consistent structure across different geometry types","duration":14.295749999999998,"failureMessages":["TestingLibraryElementError: Unable to find an element with the text: Location. This could be because the text is broken up by multiple elements. In this case, you can provide a function for your text matcher to make your matcher more flexible.\n\nIgnored nodes: comments, script, style\n\u001b[36m<body>\u001b[39m\n  \u001b[36m<div />\u001b[39m\n\u001b[36m</body>\u001b[39m\n    at Object.getElementError (/Users/ewlarson/Python/clients/b1g/data-api/frontend/node_modules/@testing-library/dom/dist/config.js:37:19)\n    at /Users/ewlarson/Python/clients/b1g/data-api/frontend/node_modules/@testing-library/dom/dist/query-helpers.js:76:38\n    at /Users/ewlarson/Python/clients/b1g/data-api/frontend/node_modules/@testing-library/dom/dist/query-helpers.js:52:17\n    at getByText (/Users/ewlarson/Python/clients/b1g/data-api/frontend/node_modules/@testing-library/dom/dist/query-helpers.js:95:19)\n    at forEach (/Users/ewlarson/Python/clients/b1g/data-api/frontend/src/__tests__/components/LocationMap.test.tsx:464:23)\n    at Array.forEach (<anonymous>)\n    at /Users/ewlarson/Python/clients/b1g/data-api/frontend/src/__tests__/components/LocationMap.test.tsx:461:18\n    at file:///Users/ewlarson/Python/clients/b1g/data-api/frontend/node_modules/@vitest/runner/dist/chunk-hooks.js:155:11\n    at file:///Users/ewlarson/Python/clients/b1g/data-api/frontend/node_modules/@vitest/runner/dist/chunk-hooks.js:752:26\n    at file:///Users/ewlarson/Python/clients/b1g/data-api/frontend/node_modules/@vitest/runner/dist/chunk-hooks.js:1897:20"],"meta":{}}],"startTime":1767906309461,"endTime":1767906309573.2957,"status":"failed","message":"","name":"/Users/ewlarson/Python/clients/b1g/data-api/frontend/src/__tests__/components/LocationMap.test.tsx"},{"assertionResults":[{"ancestorTitles":["MapView","Basic Rendering"],"fullName":"MapView Basic Rendering renders the map container","status":"failed","title":"renders the map container","duration":22.65450000000004,"failureMessages":["Error: useLocation() may be used only in the context of a <Router> component.\n    at invariant (file:///Users/ewlarson/Python/clients/b1g/data-api/frontend/node_modules/react-router/dist/development/chunk-JMJ3UQ3L.mjs:188:11)\n    at useLocation (file:///Users/ewlarson/Python/clients/b1g/data-api/frontend/node_modules/react-router/dist/development/chunk-JMJ3UQ3L.mjs:5503:3)\n    at Module.useSearchParams (file:///Users/ewlarson/Python/clients/b1g/data-api/frontend/node_modules/react-router/dist/development/chunk-JMJ3UQ3L.mjs:10157:18)\n    at MapView (/Users/ewlarson/Python/clients/b1g/data-api/frontend/src/components/search/MapView.tsx:24:26)\n    at renderWithHooks (/Users/ewlarson/Python/clients/b1g/data-api/frontend/node_modules/react-dom/cjs/react-dom.development.js:15486:18)\n    at mountIndeterminateComponent (/Users/ewlarson/Python/clients/b1g/data-api/frontend/node_modules/react-dom/cjs/react-dom.development.js:20103:13)\n    at beginWork (/Users/ewlarson/Python/clients/b1g/data-api/frontend/node_modules/react-dom/cjs/react-dom.development.js:21626:16)\n    at HTMLUnknownElement.callCallback (/Users/ewlarson/Python/clients/b1g/data-api/frontend/node_modules/react-dom/cjs/react-dom.development.js:4164:14)\n    at HTMLUnknownElement.#callDispatchEventListeners (file:///Users/ewlarson/Python/clients/b1g/data-api/frontend/node_modules/happy-dom/src/event/EventTarget.ts:289:42)\n    at HTMLUnknownElement.dispatchEvent (file:///Users/ewlarson/Python/clients/b1g/data-api/frontend/node_modules/happy-dom/src/event/EventTarget.ts:136:35)"],"meta":{}},{"ancestorTitles":["MapView","Basic Rendering"],"fullName":"MapView Basic Rendering renders with sticky positioning","status":"failed","title":"renders with sticky positioning","duration":1.8182500000000346,"failureMessages":["Error: useLocation() may be used only in the context of a <Router> component.\n    at invariant (file:///Users/ewlarson/Python/clients/b1g/data-api/frontend/node_modules/react-router/dist/development/chunk-JMJ3UQ3L.mjs:188:11)\n    at useLocation (file:///Users/ewlarson/Python/clients/b1g/data-api/frontend/node_modules/react-router/dist/development/chunk-JMJ3UQ3L.mjs:5503:3)\n    at Module.useSearchParams (file:///Users/ewlarson/Python/clients/b1g/data-api/frontend/node_modules/react-router/dist/development/chunk-JMJ3UQ3L.mjs:10157:18)\n    at MapView (/Users/ewlarson/Python/clients/b1g/data-api/frontend/src/components/search/MapView.tsx:24:26)\n    at renderWithHooks (/Users/ewlarson/Python/clients/b1g/data-api/frontend/node_modules/react-dom/cjs/react-dom.development.js:15486:18)\n    at mountIndeterminateComponent (/Users/ewlarson/Python/clients/b1g/data-api/frontend/node_modules/react-dom/cjs/react-dom.development.js:20103:13)\n    at beginWork (/Users/ewlarson/Python/clients/b1g/data-api/frontend/node_modules/react-dom/cjs/react-dom.development.js:21626:16)\n    at HTMLUnknownElement.callCallback (/Users/ewlarson/Python/clients/b1g/data-api/frontend/node_modules/react-dom/cjs/react-dom.development.js:4164:14)\n    at HTMLUnknownElement.#callDispatchEventListeners (file:///Users/ewlarson/Python/clients/b1g/data-api/frontend/node_modules/happy-dom/src/event/EventTarget.ts:289:42)\n    at HTMLUnknownElement.dispatchEvent (file:///Users/ewlarson/Python/clients/b1g/data-api/frontend/node_modules/happy-dom/src/event/EventTarget.ts:136:35)"],"meta":{}},{"ancestorTitles":["MapView","Basic Rendering"],"fullName":"MapView Basic Rendering has proper container structure","status":"failed","title":"has proper container structure","duration":1.4741659999999683,"failureMessages":["Error: useLocation() may be used only in the context of a <Router> component.\n    at invariant (file:///Users/ewlarson/Python/clients/b1g/data-api/frontend/node_modules/react-router/dist/development/chunk-JMJ3UQ3L.mjs:188:11)\n    at useLocation (file:///Users/ewlarson/Python/clients/b1g/data-api/frontend/node_modules/react-router/dist/development/chunk-JMJ3UQ3L.mjs:5503:3)\n    at Module.useSearchParams (file:///Users/ewlarson/Python/clients/b1g/data-api/frontend/node_modules/react-router/dist/development/chunk-JMJ3UQ3L.mjs:10157:18)\n    at MapView (/Users/ewlarson/Python/clients/b1g/data-api/frontend/src/components/search/MapView.tsx:24:26)\n    at renderWithHooks (/Users/ewlarson/Python/clients/b1g/data-api/frontend/node_modules/react-dom/cjs/react-dom.development.js:15486:18)\n    at mountIndeterminateComponent (/Users/ewlarson/Python/clients/b1g/data-api/frontend/node_modules/react-dom/cjs/react-dom.development.js:20103:13)\n    at beginWork (/Users/ewlarson/Python/clients/b1g/data-api/frontend/node_modules/react-dom/cjs/react-dom.developm
[...]
ll to be 'MIT Libraries' // Object.is equality\n    at /Users/ewlarson/Python/clients/b1g/data-api/frontend/src/__tests__/utils/searchParams.test.ts:356:51\n    at file:///Users/ewlarson/Python/clients/b1g/data-api/frontend/node_modules/@vitest/runner/dist/chunk-hooks.js:155:11\n    at file:///Users/ewlarson/Python/clients/b1g/data-api/frontend/node_modules/@vitest/runner/dist/chunk-hooks.js:752:26\n    at file:///Users/ewlarson/Python/clients/b1g/data-api/frontend/node_modules/@vitest/runner/dist/chunk-hooks.js:1897:20\n    at new Promise (<anonymous>)\n    at runWithTimeout (file:///Users/ewlarson/Python/clients/b1g/data-api/frontend/node_modules/@vitest/runner/dist/chunk-hooks.js:1863:10)\n    at runTest (file:///Users/ewlarson/Python/clients/b1g/data-api/frontend/node_modules/@vitest/runner/dist/chunk-hooks.js:1574:12)\n    at processTicksAndRejections (node:internal/process/task_queues:95:5)\n    at runSuite (file:///Users/ewlarson/Python/clients/b1g/data-api/frontend/node_modules/@vitest/runner/dist/chunk-hooks.js:1729:8)\n    at runSuite (file:///Users/ewlarson/Python/clients/b1g/data-api/frontend/node_modules/@vitest/runner/dist/chunk-hooks.js:1729:8)"],"meta":{}},{"ancestorTitles":["searchParams","buildSearchParams"],"fullName":"searchParams buildSearchParams builds parameters with multiple facets for same field","status":"failed","title":"builds parameters with multiple facets for same field","duration":2.4491669999999885,"failureMessages":["AssertionError: expected [] to deeply equal [ 'MIT Libraries', …(1) ]\n    at /Users/ewlarson/Python/clients/b1g/data-api/frontend/src/__tests__/utils/searchParams.test.ts:374:54\n    at file:///Users/ewlarson/Python/clients/b1g/data-api/frontend/node_modules/@vitest/runner/dist/chunk-hooks.js:155:11\n    at file:///Users/ewlarson/Python/clients/b1g/data-api/frontend/node_modules/@vitest/runner/dist/chunk-hooks.js:752:26\n    at file:///Users/ewlarson/Python/clients/b1g/data-api/frontend/node_modules/@vitest/runner/dist/chunk-hooks.js:1897:20\n    at new Promise (<anonymous>)\n    at runWithTimeout (file:///Users/ewlarson/Python/clients/b1g/data-api/frontend/node_modules/@vitest/runner/dist/chunk-hooks.js:1863:10)\n    at runTest (file:///Users/ewlarson/Python/clients/b1g/data-api/frontend/node_modules/@vitest/runner/dist/chunk-hooks.js:1574:12)\n    at processTicksAndRejections (node:internal/process/task_queues:95:5)\n    at runSuite (file:///Users/ewlarson/Python/clients/b1g/data-api/frontend/node_modules/@vitest/runner/dist/chunk-hooks.js:1729:8)\n    at runSuite (file:///Users/ewlarson/Python/clients/b1g/data-api/frontend/node_modules/@vitest/runner/dist/chunk-hooks.js:1729:8)"],"meta":{}},{"ancestorTitles":["searchParams","buildSearchParams"],"fullName":"searchParams buildSearchParams handles empty query","status":"passed","title":"handles empty query","duration":0.1482499999999618,"failureMessages":[],"meta":{}},{"ancestorTitles":["searchParams","buildSearchParams"],"fullName":"searchParams buildSearchParams handles complex facet field names","status":"failed","title":"handles complex facet field names","duration":0.4644999999999868,"failureMessages":["AssertionError: expected null to be '2020' // Object.is equality\n    at /Users/ewlarson/Python/clients/b1g/data-api/frontend/src/__tests__/utils/searchParams.test.ts:407:51\n    at file:///Users/ewlarson/Python/clients/b1g/data-api/frontend/node_modules/@vitest/runner/dist/chunk-hooks.js:155:11\n    at file:///Users/ewlarson/Python/clients/b1g/data-api/frontend/node_modules/@vitest/runner/dist/chunk-hooks.js:752:26\n    at file:///Users/ewlarson/Python/clients/b1g/data-api/frontend/node_modules/@vitest/runner/dist/chunk-hooks.js:1897:20\n    at new Promise (<anonymous>)\n    at runWithTimeout (file:///Users/ewlarson/Python/clients/b1g/data-api/frontend/node_modules/@vitest/runner/dist/chunk-hooks.js:1863:10)\n    at runTest (file:///Users/ewlarson/Python/clients/b1g/data-api/frontend/node_modules/@vitest/runner/dist/chunk-hooks.js:1574:12)\n    at processTicksAndRejections (node:internal/process/task_queues:95:5)\n    at runSuite (file:///Users/ewlarson/Python/clients/b1g/data-api/frontend/node_modules/@vitest/runner/dist/chunk-hooks.js:1729:8)\n    at runSuite (file:///Users/ewlarson/Python/clients/b1g/data-api/frontend/node_modules/@vitest/runner/dist/chunk-hooks.js:1729:8)"],"meta":{}},{"ancestorTitles":["searchParams","buildSearchParams"],"fullName":"searchParams buildSearchParams handles special characters in facet values","status":"failed","title":"handles special characters in facet values","duration":0.287208000000021,"failureMessages":["AssertionError: expected null to be 'MIT Libraries & Archives' // Object.is equality\n    at /Users/ewlarson/Python/clients/b1g/data-api/frontend/src/__tests__/utils/searchParams.test.ts:427:51\n    at file:///Users/ewlarson/Python/clients/b1g/data-api/frontend/node_modules/@vitest/runner/dist/chunk-hooks.js:155:11\n    at file:///Users/ewlarson/Python/clients/b1g/data-api/frontend/node_modules/@vitest/runner/dist/chunk-hooks.js:752:26\n    at file:///Users/ewlarson/Python/clients/b1g/data-api/frontend/node_modules/@vitest/runner/dist/chunk-hooks.js:1897:20\n    at new Promise (<anonymous>)\n    at runWithTimeout (file:///Users/ewlarson/Python/clients/b1g/data-api/frontend/node_modules/@vitest/runner/dist/chunk-hooks.js:1863:10)\n    at runTest (file:///Users/ewlarson/Python/clients/b1g/data-api/frontend/node_modules/@vitest/runner/dist/chunk-hooks.js:1574:12)\n    at processTicksAndRejections (node:internal/process/task_queues:95:5)\n    at runSuite (file:///Users/ewlarson/Python/clients/b1g/data-api/frontend/node_modules/@vitest/runner/dist/chunk-hooks.js:1729:8)\n    at runSuite (file:///Users/ewlarson/Python/clients/b1g/data-api/frontend/node_modules/@vitest/runner/dist/chunk-hooks.js:1729:8)"],"meta":{}},{"ancestorTitles":["searchParams","buildSearchParams"],"fullName":"searchParams buildSearchParams handles URL-encoded values","status":"failed","title":"handles URL-encoded values","duration":0.4099170000000072,"failureMessages":["AssertionError: expected null to be 'MIT Libraries' // Object.is equality\n    at /Users/ewlarson/Python/clients/b1g/data-api/frontend/src/__tests__/utils/searchParams.test.ts:444:51\n    at file:///Users/ewlarson/Python/clients/b1g/data-api/frontend/node_modules/@vitest/runner/dist/chunk-hooks.js:155:11\n    at file:///Users/ewlarson/Python/clients/b1g/data-api/frontend/node_modules/@vitest/runner/dist/chunk-hooks.js:752:26\n    at file:///Users/ewlarson/Python/clients/b1g/data-api/frontend/node_modules/@vitest/runner/dist/chunk-hooks.js:1897:20\n    at new Promise (<anonymous>)\n    at runWithTimeout (file:///Users/ewlarson/Python/clients/b1g/data-api/frontend/node_modules/@vitest/runner/dist/chunk-hooks.js:1863:10)\n    at runTest (file:///Users/ewlarson/Python/clients/b1g/data-api/frontend/node_modules/@vitest/runner/dist/chunk-hooks.js:1574:12)\n    at processTicksAndRejections (node:internal/process/task_queues:95:5)\n    at runSuite (file:///Users/ewlarson/Python/clients/b1g/data-api/frontend/node_modules/@vitest/runner/dist/chunk-hooks.js:1729:8)\n    at runSuite (file:///Users/ewlarson/Python/clients/b1g/data-api/frontend/node_modules/@vitest/runner/dist/chunk-hooks.js:1729:8)"],"meta":{}},{"ancestorTitles":["searchParams","buildSearchParams"],"fullName":"searchParams buildSearchParams serializes advanced query clauses","status":"passed","title":"serializes advanced query clauses","duration":0.20820800000001327,"failureMessages":[],"meta":{}},{"ancestorTitles":["searchParams","buildSearchParams"],"fullName":"searchParams buildSearchParams omits advanced query when no clauses are provided","status":"passed","title":"omits advanced query when no clauses are provided","duration":0.14829099999997197,"failureMessages":[],"meta":{}},{"ancestorTitles":["searchParams","buildSearchParams"],"fullName":"searchParams buildSearchParams handles very long query strings","status":"passed","title":"handles very long query strings","duration":0.0665000000000191,"failureMessages":[],"meta":{}},{"ancestorTitles":["searchParams","buildSearchParams"],"fullName":"searchParams buildSearchParams handles numeric facet values","status":"failed","title":"handles numeric facet values","duration":0.2902080000000069,"failureMessages":["AssertionError: expected null to be '2023' // Object.is equality\n    at /Users/ewlarson/Python/clients/b1g/data-api/frontend/src/__tests__/utils/searchParams.test.ts:509:51\n    at file:///Users/ewlarson/Python/clients/b1g/data-api/frontend/node_modules/@vitest/runner/dist/chunk-hooks.js:155:11\n    at file:///Users/ewlarson/Python/clients/b1g/data-api/frontend/node_modules/@vitest/runner/dist/chunk-hooks.js:752:26\n    at file:///Users/ewlarson/Python/clients/b1g/data-api/frontend/node_modules/@vitest/runner/dist/chunk-hooks.js:1897:20\n    at new Promise (<anonymous>)\n    at runWithTimeout (file:///Users/ewlarson/Python/clients/b1g/data-api/frontend/node_modules/@vitest/runner/dist/chunk-hooks.js:1863:10)\n    at runTest (file:///Users/ewlarson/Python/clients/b1g/data-api/frontend/node_modules/@vitest/runner/dist/chunk-hooks.js:1574:12)\n    at processTicksAndRejections (node:internal/process/task_queues:95:5)\n    at runSuite (file:///Users/ewlarson/Python/clients/b1g/data-api/frontend/node_modules/@vitest/runner/dist/chunk-hooks.js:1729:8)\n    at runSuite (file:///Users/ewlarson/Python/clients/b1g/data-api/frontend/node_modules/@vitest/runner/dist/chunk-hooks.js:1729:8)"],"meta":{}},{"ancestorTitles":["searchParams","buildSearchParams"],"fullName":"searchParams buildSearchParams handles empty facet values","status":"failed","title":"handles empty facet values","duration":0.21887500000002547,"failureMessages":["AssertionError: expected null to be '' // Object.is equality\n    at /Users/ewlarson/Python/clients/b1g/data-api/frontend/src/__tests__/utils/searchParams.test.ts:526:51\n    at file:///Users/ewlarson/Python/clients/b1g/data-api/frontend/node_modules/@vitest/runner/dist/chunk-hooks.js:155:11\n    at file:///Users/ewlarson/Python/clients/b1g/data-api/frontend/node_modules/@vitest/runner/dist/chunk-hooks.js:752:26\n    at file:///Users/ewlarson/Python/clients/b1g/data-api/frontend/node_modules/@vitest/runner/dist/chunk-hooks.js:1897:20\n    at new Promise (<anonymous>)\n    at runWithTimeout (file:///Users/ewlarson/Python/clients/b1g/data-api/frontend/node_modules/@vitest/runner/dist/chunk-hooks.js:1863:10)\n    at runTest (file:///Users/ewlarson/Python/clients/b1g/data-api/frontend/node_modules/@vitest/runner/dist/chunk-hooks.js:1574:12)\n    at processTicksAndRejections (node:internal/process/task_queues:95:5)\n    at runSuite (file:///Users/ewlarson/Python/clients/b1g/data-api/frontend/node_modules/@vitest/runner/dist/chunk-hooks.js:1729:8)\n    at runSuite (file:///Users/ewlarson/Python/clients/b1g/data-api/frontend/node_modules/@vitest/runner/dist/chunk-hooks.js:1729:8)"],"meta":{}},{"ancestorTitles":["searchParams","Integration Tests"],"fullName":"searchParams Integration Tests parseSearchParams and buildSearchParams work together","status":"passed","title":"parseSearchParams and buildSearchParams work together","duration":0.141666999999984,"failureMessages":[],"meta":{}},{"ancestorTitles":["searchParams","Integration Tests"],"fullName":"searchParams Integration Tests handles round-trip conversion for complex parameters","status":"passed","title":"handles round-trip conversion for complex parameters","duration":0.1275410000000079,"failureMessages":[],"meta":{}},{"ancestorTitles":["searchParams","Integration Tests"],"fullName":"searchParams Integration Tests maintains consistency with real-world search scenarios","status":"passed","title":"maintains consistency with real-world search scenarios","duration":0.42445800000001555,"failureMessages":[],"meta":{}},{"ancestorTitles":["searchParams","Integration Tests"],"fullName":"searchParams Integration Tests handles edge cases in round-trip conversion","status":"passed","title":"handles edge cases in round-trip conversion","duration":0.1843340000000353,"failureMessages":[],"meta":{}}],"startTime":1767906310158,"endTime":1767906310178.1843,"status":"failed","message":"","name":"/Users/ewlarson/Python/clients/b1g/data-api/frontend/src/__tests__/utils/searchParams.test.ts"},{"assertionResults":[{"ancestorTitles":["urlHelpers","parseFacetUrl"],"fullName":"urlHelpers parseFacetUrl parses a valid facet URL with single parameter","status":"passed","title":"parses a valid facet URL with single parameter","duration":1.2622920000000022,"failureMessages":[],"meta":{}},{"ancestorTitles":["urlHelpers","parseFacetUrl"],"fullName":"urlHelpers parseFacetUrl parses a valid facet URL with multiple parameters","status":"passed","title":"parses a valid facet URL with multiple parameters","duration":0.21083300000003646,"failureMessages":[],"meta":{}},{"ancestorTitles":["urlHelpers","parseFacetUrl"],"fullName":"urlHelpers parseFacetUrl handles URL-encoded values correctly","status":"passed","title":"handles URL-encoded values correctly","duration":0.14991699999995944,"failureMessages":[],"meta":{}},{"ancestorTitles":["urlHelpers","parseFacetUrl"],"fullName":"urlHelpers parseFacetUrl handles complex field names","status":"passed","title":"handles complex field names","duration":0.10495800000001054,"failureMessages":[],"meta":{}},{"ancestorTitles":["urlHelpers","parseFacetUrl"],"fullName":"urlHelpers parseFacetUrl returns null for URLs without facet parameters","status":"passed","title":"returns null for URLs without facet parameters","duration":0.15729099999998652,"failureMessages":[],"meta":{}},{"ancestorTitles":["urlHelpers","parseFacetUrl"],"fullName":"urlHelpers parseFacetUrl returns null for URLs that do not start with /catalog","status":"passed","title":"returns null for URLs that do not start with /catalog","duration":0.12045799999998508,"failureMessages":[],"meta":{}},{"ancestorTitles":["urlHelpers","parseFacetUrl"],"fullName":"urlHelpers parseFacetUrl returns null for malformed URLs","status":"passed","title":"returns null for malformed URLs","duration":0.0589170000000081,"failureMessages":[],"meta":{}},{"ancestorTitles":["urlHelpers","parseFacetUrl"],"fullName":"urlHelpers parseFacetUrl handles empty search parameters","status":"passed","title":"handles empty search parameters","duration":0.04854199999999764,"failureMessages":[],"meta":{}},{"ancestorTitles":["urlHelpers","parseFacetUrl"],"fullName":"urlHelpers parseFacetUrl handles URLs with non-facet parameters","status":"passed","title":"handles URLs with non-facet parameters","duration":0.147041999999999,"failureMessages":[],"meta":{}},{"ancestorTitles":["urlHelpers","parseFacetUrl"],"fullName":"urlHelpers parseFacetUrl logs error for invalid URLs","status":"passed","title":"logs error for invalid URLs","duration":1.4204579999999964,"failureMessages":[],"meta":{}},{"ancestorTitles":["urlHelpers","parseFacetUrl"],"fullName":"urlHelpers parseFacetUrl handles URLs with special characters in field names","status":"passed","title":"handles URLs with special characters in field names","duration":0.09062499999998863,"failureMessages":[],"meta":{}},{"ancestorTitles":["urlHelpers","parseFacetUrl"],"fullName":"urlHelpers parseFacetUrl handles URLs with special characters in values","status":"passed","title":"handles URLs with special characters in values","duration":0.15583399999997027,"failureMessages":[],"meta":{}},{"ancestorTitles":["urlHelpers","createFacetSearchUrl"],"fullName":"urlHelpers createFacetSearchUrl creates a valid facet search URL with basic parameters","status":"passed","title":"creates a valid facet search URL with basic parameters","duration":0.2944580000000201,"failureMessages":[],"meta":{}},{"ancestorTitles":["urlHelpers","createFacetSearchUrl"],"fullName":"urlHelpers createFacetSearchUrl creates URL with resource class facet","status":"passed","title":"creates URL with resource class facet","duration":0.2682909999999765,"failureMessages":[],"meta":{}},{"ancestorTitles":["urlHelpers","createFacetSearchUrl"],"fullName":"urlHelpers createFacetSearchUrl creates URL with temporal facet","status":"passed","title":"creates URL with temporal facet","duration":0.14249999999998408,"failureMessages":[],"meta":{}},{"ancestorTitles":["urlHelpers","createFacetSearchUrl"],"fullName":"urlHelpers createFacetSearchUrl handles special characters in field names","status":"passed","title":"handles special characters in field names","duration":0.07404200000001993,"failureMessages":[],"meta":{}},{"ancestorTitles":["urlHelpers","createFacetSearchUrl"],"fullName":"urlHelpers createFacetSearchUrl handles special characters in values","status":"passed","title":"handles special characters in values","duration":0.06908400000003212,"failureMessages":[],"meta":{}},{"ancestorTitles":["urlHelpers","createFacetSearchUrl"],"fullName":"urlHelpers createFacetSearchUrl handles empty field name","status":"passed","title":"handles empty field name","duration":0.11704200000002629,"failureMessages":[],"meta":{}},{"ancestorTitles":["urlHelpers","createFacetSearchUrl"],"fullName":"urlHelpers createFacetSearchUrl handles empty value","status":"passed","title":"handles empty value","duration":0.06299999999998818,"failureMessages":[],"meta":{}},{"ancestorTitles":["urlHelpers","createFacetSearchUrl"],"fullName":"urlHelpers createFacetSearchUrl handles numeric values","status":"passed","title":"handles numeric values","duration":0.11987499999997908,"failureMessages":[],"meta":{}},{"ancestorTitles":["urlHelpers","createFacetSearchUrl"],"fullName":"urlHelpers createFacetSearchUrl handles complex field names with underscores","status":"passed","title":"handles complex field names with underscores","duration":0.05879200000003948,"failureMessages":[],"meta":{}},{"ancestorTitles":["urlHelpers","createFacetSearchUrl"],"fullName":"urlHelpers createFacetSearchUrl handles values with spaces and special characters","status":"passed","title":"handles values with spaces and special characters","duration":0.06254100000001017,"failureMessages":[],"meta":{}},{"ancestorTitles":["urlHelpers","createFacetSearchUrl"],"fullName":"urlHelpers createFacetSearchUrl creates URL with proper encoding for international characters","status":"passed","title":"creates URL with proper encoding for international characters","duration":0.06395800000001373,"failureMessages":[],"meta":{}},{"ancestorTitles":["urlHelpers","createFacetSearchUrl"],"fullName":"urlHelpers createFacetSearchUrl handles very long field names","status":"passed","title":"handles very long field names","duration":0.14604100000002518,"failureMessages":[],"meta":{}},{"ancestorTitles":["urlHelpers","createFacetSearchUrl"],"fullName":"urlHelpers createFacetSearchUrl handles very long values","status":"passed","title":"handles very long values","duration":0.0941670000000272,"failureMessages":[],"meta":{}},{"ancestorTitles":["urlHelpers","Integration Tests"],"fullName":"urlHelpers Integration Tests parseFacetUrl and createFacetSearchUrl work together","status":"passed","title":"parseFacetUrl and createFacetSearchUrl work together","duration":0.0822909999999979,"failureMessages":[],"meta":{}},{"ancestorTitles":["urlHelpers","Integration Tests"],"fullName":"urlHelpers Integration Tests handles round-trip conversion for complex values","status":"passed","title":"handles round-trip conversion for complex values","duration":0.12066700000002584,"failureMessages":[],"meta":{}},{"ancestorTitles":["urlHelpers","Integration Tests"],"fullName":"urlHelpers Integration Tests maintains consistency with real-world facet data","status":"passed","title":"maintains consistency with real-world facet data","duration":0.198791999999969,"failureMessages":[],"meta":{}}],"startTime":1767906311801,"endTime":1767906311807.1987,"status":"passed","message":"","name":"/Users/ewlarson/Python/clients/b1g/data-api/frontend/src/__tests__/utils/urlHelpers.test.ts"}]}